# JRE version: Java(TM) SE Runtime Environment (8.0_45-b14) (build 1.8.0_45-b14)
# Java VM: Java HotSpot(TM) 64-Bit Server VM (25.45-b02 mixed mode bsd-amd64 compressed oops)
Heap:
 PSYoungGen      total 92672K, used 32089K [0x0000000795580000, 0x000000079d400000, 0x00000007c0000000)
  eden space 62976K, 15% used [0x0000000795580000,0x0000000795f2c068,0x0000000799300000)
  from space 29696K, 74% used [0x000000079b700000,0x000000079ccaa5e8,0x000000079d400000)
  to   space 33280K, 0% used [0x0000000799300000,0x0000000799300000,0x000000079b380000)
 ParOldGen       total 119296K, used 45131K [0x0000000740000000, 0x0000000747480000, 0x0000000795580000)
  object space 119296K, 37% used [0x0000000740000000,0x0000000742c12c18,0x0000000747480000)
 Metaspace       used 18817K, capacity 19722K, committed 20096K, reserved 1067008K
  class space    used 2561K, capacity 2824K, committed 2944K, reserved 1048576K
GC Heap History (10 events):
Event: 14.844 GC heap before
{Heap before GC invocations=3 (full 0):
 PSYoungGen      total 38400K, used 38374K [0x0000000795580000, 0x0000000798000000, 0x00000007c0000000)
  eden space 33280K, 100% used [0x0000000795580000,0x0000000797600000,0x0000000797600000)
  from space 5120K, 99% used [0x0000000797b00000,0x0000000797ff9920,0x0000000798000000)
  to   space 5120K, 0% used [0x0000000797600000,0x0000000797600000,0x0000000797b00000)
 ParOldGen       total 414720K, used 343921K [0x0000000740000000, 0x0000000759500000, 0x0000000795580000)
  object space 414720K, 82% used [0x0000000740000000,0x0000000754fdc698,0x0000000759500000)
 Metaspace       used 18035K, capacity 18848K, committed 19200K, reserved 1064960K
  class space    used 2523K, capacity 2704K, committed 2816K, reserved 1048576K
Event: 14.859 GC heap after
Heap after GC invocations=3 (full 0):
 PSYoungGen      total 38400K, used 5091K [0x0000000795580000, 0x0000000798000000, 0x00000007c0000000)
  eden space 33280K, 0% used [0x0000000795580000,0x0000000795580000,0x0000000797600000)
  from space 5120K, 99% used [0x0000000797600000,0x0000000797af8e70,0x0000000797b00000)
  to   space 5120K, 0% used [0x0000000797b00000,0x0000000797b00000,0x0000000798000000)
 ParOldGen       total 414720K, used 357467K [0x0000000740000000, 0x0000000759500000, 0x0000000795580000)
  object space 414720K, 86% used [0x0000000740000000,0x0000000755d16c78,0x0000000759500000)
 Metaspace       used 18035K, capacity 18848K, committed 19200K, reserved 1064960K
  class space    used 2523K, capacity 2704K, committed 2816K, reserved 1048576K
}
Event: 15.031 GC heap before
{Heap before GC invocations=4 (full 0):
 PSYoungGen      total 38400K, used 35549K [0x0000000795580000, 0x0000000798000000, 0x00000007c0000000)
  eden space 33280K, 91% used [0x0000000795580000,0x000000079733e968,0x0000000797600000)
  from space 5120K, 99% used [0x0000000797600000,0x0000000797af8e70,0x0000000797b00000)
  to   space 5120K, 0% used [0x0000000797b00000,0x0000000797b00000,0x0000000798000000)
 ParOldGen       total 414720K, used 357467K [0x0000000740000000, 0x0000000759500000, 0x0000000795580000)
  object space 414720K, 86% used [0x0000000740000000,0x0000000755d16c78,0x0000000759500000)
 Metaspace       used 18064K, capacity 18886K, committed 19200K, reserved 1064960K
  class space    used 2527K, capacity 2737K, committed 2816K, reserved 1048576K
Event: 15.053 GC heap after
Heap after GC invocations=4 (full 0):
 PSYoungGen      total 38400K, used 5091K [0x0000000795580000, 0x000000079a080000, 0x00000007c0000000)
  eden space 33280K, 0% used [0x0000000795580000,0x0000000795580000,0x0000000797600000)
  from space 5120K, 99% used [0x0000000797b00000,0x0000000797ff8e70,0x0000000798000000)
  to   space 5120K, 0% used [0x0000000797600000,0x0000000797600000,0x0000000797b00000)
 ParOldGen       total 414720K, used 376320K [0x0000000740000000, 0x0000000759500000, 0x0000000795580000)
  object space 414720K, 90% used [0x0000000740000000,0x0000000756f80028,0x0000000759500000)
 Metaspace       used 18064K, capacity 18886K, committed 19200K, reserved 1064960K
  class space    used 2527K, capacity 2737K, committed 2816K, reserved 1048576K
}
Event: 23.300 GC heap before
{Heap before GC invocations=5 (full 0):
 PSYoungGen      total 38400K, used 31933K [0x0000000795580000, 0x000000079a080000, 0x00000007c0000000)
  eden space 33280K, 80% used [0x0000000795580000,0x0000000796fb6760,0x0000000797600000)
  from space 5120K, 99% used [0x0000000797b00000,0x0000000797ff8e70,0x0000000798000000)
  to   space 5120K, 0% used [0x0000000797600000,0x0000000797600000,0x0000000797b00000)
 ParOldGen       total 414720K, used 376320K [0x0000000740000000, 0x0000000759500000, 0x0000000795580000)
  object space 414720K, 90% used [0x0000000740000000,0x0000000756f80028,0x0000000759500000)
 Metaspace       used 18574K, capacity 19536K, committed 19712K, reserved 1067008K
  class space    used 2551K, capacity 2813K, committed 2816K, reserved 1048576K
Event: 23.318 GC heap after
Heap after GC invocations=5 (full 0):
 PSYoungGen      total 38400K, used 5107K [0x0000000795580000, 0x000000079d780000, 0x00000007c0000000)
  eden space 33280K, 0% used [0x0000000795580000,0x0000000795580000,0x0000000797600000)
  from space 5120K, 99% used [0x0000000797600000,0x0000000797afcf00,0x0000000797b00000)
  to   space 33280K, 0% used [0x000000079b700000,0x000000079b700000,0x000000079d780000)
 ParOldGen       total 414720K, used 394366K [0x0000000740000000, 0x0000000759500000, 0x0000000795580000)
  object space 414720K, 95% used [0x0000000740000000,0x000000075811fb78,0x0000000759500000)
 Metaspace       used 18574K, capacity 19536K, committed 19712K, reserved 1067008K
  class space    used 2551K, capacity 2813K, committed 2816K, reserved 1048576K
}
Event: 23.319 GC heap before
{Heap before GC invocations=6 (full 1):
 PSYoungGen      total 38400K, used 5107K [0x0000000795580000, 0x000000079d780000, 0x00000007c0000000)
  eden space 33280K, 0% used [0x0000000795580000,0x0000000795580000,0x0000000797600000)
  from space 5120K, 99% used [0x0000000797600000,0x0000000797afcf00,0x0000000797b00000)
  to   space 33280K, 0% used [0x000000079b700000,0x000000079b700000,0x000000079d780000)
 ParOldGen       total 414720K, used 394366K [0x0000000740000000, 0x0000000759500000, 0x0000000795580000)
  object space 414720K, 95% used [0x0000000740000000,0x000000075811fb78,0x0000000759500000)
 Metaspace       used 18574K, capacity 19536K, committed 19712K, reserved 1067008K
  class space    used 2551K, capacity 2813K, committed 2816K, reserved 1048576K
Event: 23.386 GC heap after
Heap after GC invocations=6 (full 1):
 PSYoungGen      total 38400K, used 0K [0x0000000795580000, 0x000000079d780000, 0x00000007c0000000)
  eden space 33280K, 0% used [0x0000000795580000,0x0000000795580000,0x0000000797600000)
  from space 5120K, 0% used [0x0000000797600000,0x0000000797600000,0x0000000797b00000)
  to   space 33280K, 0% used [0x000000079b700000,0x000000079b700000,0x000000079d780000)
 ParOldGen       total 119296K, used 45123K [0x0000000740000000, 0x0000000747480000, 0x0000000795580000)
  object space 119296K, 37% used [0x0000000740000000,0x0000000742c10c18,0x0000000747480000)
 Metaspace       used 18574K, capacity 19536K, committed 19712K, reserved 1067008K
  class space    used 2551K, capacity 2813K, committed 2816K, reserved 1048576K
}
Event: 26.127 GC heap before
{Heap before GC invocations=7 (full 1):
 PSYoungGen      total 38400K, used 31577K [0x0000000795580000, 0x000000079d780000, 0x00000007c0000000)
  eden space 33280K, 94% used [0x0000000795580000,0x0000000797456768,0x0000000797600000)
  from space 5120K, 0% used [0x0000000797600000,0x0000000797600000,0x0000000797b00000)
  to   space 33280K, 0% used [0x000000079b700000,0x000000079b700000,0x000000079d780000)
 ParOldGen       total 119296K, used 45123K [0x0000000740000000, 0x0000000747480000, 0x0000000795580000)
  object space 119296K, 37% used [0x0000000740000000,0x0000000742c10c18,0x0000000747480000)
 Metaspace       used 18696K, capacity 19622K, committed 19712K, reserved 1067008K
  class space    used 2555K, capacity 2816K, committed 2816K, reserved 1048576K
Event: 26.142 GC heap after
Heap after GC invocations=7 (full 1):
 PSYoungGen      total 92672K, used 22185K [0x0000000795580000, 0x000000079d400000, 0x00000007c0000000)
  eden space 62976K, 0% used [0x0000000795580000,0x0000000795580000,0x0000000799300000)
  from space 29696K, 74% used [0x000000079b700000,0x000000079ccaa5e8,0x000000079d400000)
  to   space 33280K, 0% used [0x0000000799300000,0x0000000799300000,0x000000079b380000)
 ParOldGen       total 119296K, used 45131K [0x0000000740000000, 0x0000000747480000, 0x0000000795580000)
  object space 119296K, 37% used [0x0000000740000000,0x0000000742c12c18,0x0000000747480000)
 Metaspace       used 18696K, capacity 19622K, committed 19712K, reserved 1067008K
  class space    used 2555K, capacity 2816K, committed 2816K, reserved 1048576K
}

