# JRE version: Java(TM) SE Runtime Environment (8.0_45-b14) (build 1.8.0_45-b14)
# Java VM: Java HotSpot(TM) 64-Bit Server VM (25.45-b02 mixed mode bsd-amd64 compressed oops)
Heap:
 PSYoungGen      total 98304K, used 43084K [0x0000000795580000, 0x00000007a1b80000, 0x00000007c0000000)
  eden space 65024K, 16% used [0x0000000795580000,0x0000000795fc8eb8,0x0000000799500000)
  from space 33280K, 97% used [0x0000000799500000,0x000000079b4ca430,0x000000079b580000)
  to   space 38400K, 0% used [0x000000079f600000,0x000000079f600000,0x00000007a1b80000)
 ParOldGen       total 117248K, used 70869K [0x0000000740000000, 0x0000000747280000, 0x0000000795580000)
  object space 117248K, 60% used [0x0000000740000000,0x0000000744535738,0x0000000747280000)
 Metaspace       used 19232K, capacity 20248K, committed 20608K, reserved 1067008K
  class space    used 2565K, capacity 2825K, committed 2944K, reserved 1048576K
GC Heap History (10 events):
Event: 14.590 GC heap before
{Heap before GC invocations=4 (full 0):
 PSYoungGen      total 38400K, used 34889K [0x0000000795580000, 0x0000000798000000, 0x00000007c0000000)
  eden space 33280K, 89% used [0x0000000795580000,0x0000000797296420,0x0000000797600000)
  from space 5120K, 99% used [0x0000000797600000,0x0000000797afc040,0x0000000797b00000)
  to   space 5120K, 0% used [0x0000000797b00000,0x0000000797b00000,0x0000000798000000)
 ParOldGen       total 414720K, used 356661K [0x0000000740000000, 0x0000000759500000, 0x0000000795580000)
  object space 414720K, 86% used [0x0000000740000000,0x0000000755c4d778,0x0000000759500000)
 Metaspace       used 18075K, capacity 18882K, committed 19200K, reserved 1064960K
  class space    used 2527K, capacity 2737K, committed 2816K, reserved 1048576K
Event: 14.606 GC heap after
Heap after GC invocations=4 (full 0):
 PSYoungGen      total 38400K, used 5104K [0x0000000795580000, 0x000000079a080000, 0x00000007c0000000)
  eden space 33280K, 0% used [0x0000000795580000,0x0000000795580000,0x0000000797600000)
  from space 5120K, 99% used [0x0000000797b00000,0x0000000797ffc040,0x0000000798000000)
  to   space 5120K, 0% used [0x0000000797600000,0x0000000797600000,0x0000000797b00000)
 ParOldGen       total 414720K, used 375570K [0x0000000740000000, 0x0000000759500000, 0x0000000795580000)
  object space 414720K, 90% used [0x0000000740000000,0x0000000756ec4b28,0x0000000759500000)
 Metaspace       used 18075K, capacity 18882K, committed 19200K, reserved 1064960K
  class space    used 2527K, capacity 2737K, committed 2816K, reserved 1048576K
}
Event: 68.095 GC heap before
{Heap before GC invocations=5 (full 0):
 PSYoungGen      total 38400K, used 32437K [0x0000000795580000, 0x000000079a080000, 0x00000007c0000000)
  eden space 33280K, 82% used [0x0000000795580000,0x0000000797031760,0x0000000797600000)
  from space 5120K, 99% used [0x0000000797b00000,0x0000000797ffc040,0x0000000798000000)
  to   space 5120K, 0% used [0x0000000797600000,0x0000000797600000,0x0000000797b00000)
 ParOldGen       total 414720K, used 375570K [0x0000000740000000, 0x0000000759500000, 0x0000000795580000)
  object space 414720K, 90% used [0x0000000740000000,0x0000000756ec4b28,0x0000000759500000)
 Metaspace       used 18595K, capacity 19532K, committed 19712K, reserved 1067008K
  class space    used 2551K, capacity 2813K, committed 2816K, reserved 1048576K
Event: 68.116 GC heap after
Heap after GC invocations=5 (full 0):
 PSYoungGen      total 38400K, used 5104K [0x0000000795580000, 0x000000079d680000, 0x00000007c0000000)
  eden space 33280K, 0% used [0x0000000795580000,0x0000000795580000,0x0000000797600000)
  from space 5120K, 99% used [0x0000000797600000,0x0000000797afc0b0,0x0000000797b00000)
  to   space 32768K, 0% used [0x000000079b680000,0x000000079b680000,0x000000079d680000)
 ParOldGen       total 414720K, used 393594K [0x0000000740000000, 0x0000000759500000, 0x0000000795580000)
  object space 414720K, 94% used [0x0000000740000000,0x000000075805e9c8,0x0000000759500000)
 Metaspace       used 18595K, capacity 19532K, committed 19712K, reserved 1067008K
  class space    used 2551K, capacity 2813K, committed 2816K, reserved 1048576K
}
Event: 68.116 GC heap before
{Heap before GC invocations=6 (full 1):
 PSYoungGen      total 38400K, used 5104K [0x0000000795580000, 0x000000079d680000, 0x00000007c0000000)
  eden space 33280K, 0% used [0x0000000795580000,0x0000000795580000,0x0000000797600000)
  from space 5120K, 99% used [0x0000000797600000,0x0000000797afc0b0,0x0000000797b00000)
  to   space 32768K, 0% used [0x000000079b680000,0x000000079b680000,0x000000079d680000)
 ParOldGen       total 414720K, used 393594K [0x0000000740000000, 0x0000000759500000, 0x0000000795580000)
  object space 414720K, 94% used [0x0000000740000000,0x000000075805e9c8,0x0000000759500000)
 Metaspace       used 18595K, capacity 19532K, committed 19712K, reserved 1067008K
  class space    used 2551K, capacity 2813K, committed 2816K, reserved 1048576K
Event: 68.182 GC heap after
Heap after GC invocations=6 (full 1):
 PSYoungGen      total 38400K, used 0K [0x0000000795580000, 0x000000079d680000, 0x00000007c0000000)
  eden space 33280K, 0% used [0x0000000795580000,0x0000000795580000,0x0000000797600000)
  from space 5120K, 0% used [0x0000000797600000,0x0000000797600000,0x0000000797b00000)
  to   space 32768K, 0% used [0x000000079b680000,0x000000079b680000,0x000000079d680000)
 ParOldGen       total 117248K, used 45069K [0x0000000740000000, 0x0000000747280000, 0x0000000795580000)
  object space 117248K, 38% used [0x0000000740000000,0x0000000742c03658,0x0000000747280000)
 Metaspace       used 18595K, capacity 19532K, committed 19712K, reserved 1067008K
  class space    used 2551K, capacity 2813K, committed 2816K, reserved 1048576K
}
Event: 81.781 GC heap before
{Heap before GC invocations=7 (full 1):
 PSYoungGen      total 38400K, used 33280K [0x0000000795580000, 0x000000079d680000, 0x00000007c0000000)
  eden space 33280K, 100% used [0x0000000795580000,0x0000000797600000,0x0000000797600000)
  from space 5120K, 0% used [0x0000000797600000,0x0000000797600000,0x0000000797b00000)
  to   space 32768K, 0% used [0x000000079b680000,0x000000079b680000,0x000000079d680000)
 ParOldGen       total 117248K, used 45069K [0x0000000740000000, 0x0000000747280000, 0x0000000795580000)
  object space 117248K, 38% used [0x0000000740000000,0x0000000742c03658,0x0000000747280000)
 Metaspace       used 18764K, capacity 19686K, committed 19712K, reserved 1067008K
  class space    used 2555K, capacity 2816K, committed 2816K, reserved 1048576K
Event: 81.798 GC heap after
Heap after GC invocations=7 (full 1):
 PSYoungGen      total 97280K, used 22137K [0x0000000795580000, 0x000000079d600000, 0x00000007c0000000)
  eden space 65024K, 0% used [0x0000000795580000,0x0000000795580000,0x0000000799500000)
  from space 32256K, 68% used [0x000000079b680000,0x000000079cc1e5f8,0x000000079d600000)
  to   space 33280K, 0% used [0x0000000799500000,0x0000000799500000,0x000000079b580000)
 ParOldGen       total 117248K, used 45077K [0x0000000740000000, 0x0000000747280000, 0x0000000795580000)
  object space 117248K, 38% used [0x0000000740000000,0x0000000742c05658,0x0000000747280000)
 Metaspace       used 18764K, capacity 19686K, committed 19712K, reserved 1067008K
  class space    used 2555K, capacity 2816K, committed 2816K, reserved 1048576K
}
Event: 94.850 GC heap before
{Heap before GC invocations=8 (full 1):
 PSYoungGen      total 97280K, used 86869K [0x0000000795580000, 0x000000079d600000, 0x00000007c0000000)
  eden space 65024K, 99% used [0x0000000795580000,0x00000007994b6e78,0x0000000799500000)
  from space 32256K, 68% used [0x000000079b680000,0x000000079cc1e5f8,0x000000079d600000)
  to   space 33280K, 0% used [0x0000000799500000,0x0000000799500000,0x000000079b580000)
 ParOldGen       total 117248K, used 45077K [0x0000000740000000, 0x0000000747280000, 0x0000000795580000)
  object space 117248K, 38% used [0x0000000740000000,0x0000000742c05658,0x0000000747280000)
 Metaspace       used 18996K, capacity 20030K, committed 20352K, reserved 1067008K
  class space    used 2558K, capacity 2818K, committed 2944K, reserved 1048576K
Event: 94.879 GC heap after
Heap after GC invocations=8 (full 1):
 PSYoungGen      total 98304K, used 32553K [0x0000000795580000, 0x00000007a1b80000, 0x00000007c0000000)
  eden space 65024K, 0% used [0x0000000795580000,0x0000000795580000,0x0000000799500000)
  from space 33280K, 97% used [0x0000000799500000,0x000000079b4ca430,0x000000079b580000)
  to   space 38400K, 0% used [0x000000079f600000,0x000000079f600000,0x00000007a1b80000)
 ParOldGen       total 117248K, used 70869K [0x0000000740000000, 0x0000000747280000, 0x0000000795580000)
  object space 117248K, 60% used [0x0000000740000000,0x0000000744535738,0x0000000747280000)
 Metaspace       used 18996K, capacity 20030K, committed 20352K, reserved 1067008K
  class space    used 2558K, capacity 2818K, committed 2944K, reserved 1048576K
}

