# JRE version: Java(TM) SE Runtime Environment (8.0_45-b14) (build 1.8.0_45-b14)
# Java VM: Java HotSpot(TM) 64-Bit Server VM (25.45-b02 mixed mode bsd-amd64 compressed oops)
Heap:
 PSYoungGen      total 38400K, used 31725K [0x0000000795580000, 0x000000079d080000, 0x00000007c0000000)
  eden space 33280K, 95% used [0x0000000795580000,0x000000079747b760,0x0000000797600000)
  from space 5120K, 0% used [0x0000000797600000,0x0000000797600000,0x0000000797b00000)
  to   space 29696K, 0% used [0x000000079b380000,0x000000079b380000,0x000000079d080000)
 ParOldGen       total 119808K, used 45117K [0x0000000740000000, 0x0000000747500000, 0x0000000795580000)
  object space 119808K, 37% used [0x0000000740000000,0x0000000742c0f7f0,0x0000000747500000)
 Metaspace       used 18733K, capacity 19652K, committed 19840K, reserved 1067008K
  class space    used 2559K, capacity 2823K, committed 2944K, reserved 1048576K
GC Heap History (10 events):
Event: 7.954 GC heap before
{Heap before GC invocations=2 (full 0):
 PSYoungGen      total 38400K, used 37104K [0x0000000795580000, 0x0000000798000000, 0x00000007c0000000)
  eden space 33280K, 100% used [0x0000000795580000,0x0000000797600000,0x0000000797600000)
  from space 5120K, 74% used [0x0000000797600000,0x00000007979bc030,0x0000000797b00000)
  to   space 5120K, 0% used [0x0000000797b00000,0x0000000797b00000,0x0000000798000000)
 ParOldGen       total 305664K, used 223456K [0x0000000740000000, 0x0000000752a80000, 0x0000000795580000)
  object space 305664K, 73% used [0x0000000740000000,0x000000074da38050,0x0000000752a80000)
 Metaspace       used 16971K, capacity 17764K, committed 18048K, reserved 1064960K
  class space    used 2442K, capacity 2643K, committed 2688K, reserved 1048576K
Event: 7.970 GC heap after
Heap after GC invocations=2 (full 0):
 PSYoungGen      total 38400K, used 5106K [0x0000000795580000, 0x0000000798000000, 0x00000007c0000000)
  eden space 33280K, 0% used [0x0000000795580000,0x0000000795580000,0x0000000797600000)
  from space 5120K, 99% used [0x0000000797b00000,0x0000000797ffcac0,0x0000000798000000)
  to   space 5120K, 0% used [0x0000000797600000,0x0000000797600000,0x0000000797b00000)
 ParOldGen       total 305664K, used 233150K [0x0000000740000000, 0x0000000752a80000, 0x0000000795580000)
  object space 305664K, 76% used [0x0000000740000000,0x000000074e3afac0,0x0000000752a80000)
 Metaspace       used 16971K, capacity 17764K, committed 18048K, reserved 1064960K
  class space    used 2442K, capacity 2643K, committed 2688K, reserved 1048576K
}
Event: 14.577 GC heap before
{Heap before GC invocations=3 (full 0):
 PSYoungGen      total 38400K, used 38386K [0x0000000795580000, 0x0000000798000000, 0x00000007c0000000)
  eden space 33280K, 100% used [0x0000000795580000,0x0000000797600000,0x0000000797600000)
  from space 5120K, 99% used [0x0000000797b00000,0x0000000797ffcac0,0x0000000798000000)
  to   space 5120K, 0% used [0x0000000797600000,0x0000000797600000,0x0000000797b00000)
 ParOldGen       total 414720K, used 341805K [0x0000000740000000, 0x0000000759500000, 0x0000000795580000)
  object space 414720K, 82% used [0x0000000740000000,0x0000000754dcb4d8,0x0000000759500000)
 Metaspace       used 18018K, capacity 18844K, committed 19200K, reserved 1064960K
  class space    used 2523K, capacity 2704K, committed 2816K, reserved 1048576K
Event: 14.590 GC heap after
Heap after GC invocations=3 (full 0):
 PSYoungGen      total 38400K, used 5088K [0x0000000795580000, 0x0000000798000000, 0x00000007c0000000)
  eden space 33280K, 0% used [0x0000000795580000,0x0000000795580000,0x0000000797600000)
  from space 5120K, 99% used [0x0000000797600000,0x0000000797af8050,0x0000000797b00000)
  to   space 5120K, 0% used [0x0000000797b00000,0x0000000797b00000,0x0000000798000000)
 ParOldGen       total 414720K, used 355093K [0x0000000740000000, 0x0000000759500000, 0x0000000795580000)
  object space 414720K, 85% used [0x0000000740000000,0x0000000755ac5758,0x0000000759500000)
 Metaspace       used 18018K, capacity 18844K, committed 19200K, reserved 1064960K
  class space    used 2523K, capacity 2704K, committed 2816K, reserved 1048576K
}
Event: 14.748 GC heap before
{Heap before GC invocations=4 (full 0):
 PSYoungGen      total 38400K, used 34872K [0x0000000795580000, 0x0000000798000000, 0x00000007c0000000)
  eden space 33280K, 89% used [0x0000000795580000,0x0000000797296370,0x0000000797600000)
  from space 5120K, 99% used [0x0000000797600000,0x0000000797af8050,0x0000000797b00000)
  to   space 5120K, 0% used [0x0000000797b00000,0x0000000797b00000,0x0000000798000000)
 ParOldGen       total 414720K, used 355093K [0x0000000740000000, 0x0000000759500000, 0x0000000795580000)
  object space 414720K, 85% used [0x0000000740000000,0x0000000755ac5758,0x0000000759500000)
 Metaspace       used 18048K, capacity 18882K, committed 19200K, reserved 1064960K
  class space    used 2527K, capacity 2737K, committed 2816K, reserved 1048576K
Event: 14.764 GC heap after
Heap after GC invocations=4 (full 0):
 PSYoungGen      total 38400K, used 4994K [0x0000000795580000, 0x000000079a080000, 0x00000007c0000000)
  eden space 33280K, 0% used [0x0000000795580000,0x0000000795580000,0x0000000797600000)
  from space 5120K, 97% used [0x0000000797b00000,0x0000000797fe0ab0,0x0000000798000000)
  to   space 5120K, 0% used [0x0000000797600000,0x0000000797600000,0x0000000797b00000)
 ParOldGen       total 414720K, used 374154K [0x0000000740000000, 0x0000000759500000, 0x0000000795580000)
  object space 414720K, 90% used [0x0000000740000000,0x0000000756d62b18,0x0000000759500000)
 Metaspace       used 18048K, capacity 18882K, committed 19200K, reserved 1064960K
  class space    used 2527K, capacity 2737K, committed 2816K, reserved 1048576K
}
Event: 25.664 GC heap before
{Heap before GC invocations=5 (full 0):
 PSYoungGen      total 38400K, used 31667K [0x0000000795580000, 0x000000079a080000, 0x00000007c0000000)
  eden space 33280K, 80% used [0x0000000795580000,0x0000000796f8c2d0,0x0000000797600000)
  from space 5120K, 97% used [0x0000000797b00000,0x0000000797fe0ab0,0x0000000798000000)
  to   space 5120K, 0% used [0x0000000797600000,0x0000000797600000,0x0000000797b00000)
 ParOldGen       total 414720K, used 374154K [0x0000000740000000, 0x0000000759500000, 0x0000000795580000)
  object space 414720K, 90% used [0x0000000740000000,0x0000000756d62b18,0x0000000759500000)
 Metaspace       used 18542K, capacity 19404K, committed 19456K, reserved 1067008K
  class space    used 2551K, capacity 2813K, committed 2816K, reserved 1048576K
Event: 25.680 GC heap after
Heap after GC invocations=5 (full 0):
 PSYoungGen      total 38400K, used 5104K [0x0000000795580000, 0x000000079d080000, 0x00000007c0000000)
  eden space 33280K, 0% used [0x0000000795580000,0x0000000795580000,0x0000000797600000)
  from space 5120K, 99% used [0x0000000797600000,0x0000000797afc150,0x0000000797b00000)
  to   space 29696K, 0% used [0x000000079b380000,0x000000079b380000,0x000000079d080000)
 ParOldGen       total 414720K, used 392066K [0x0000000740000000, 0x0000000759500000, 0x0000000795580000)
  object space 414720K, 94% used [0x0000000740000000,0x0000000757ee0bc0,0x0000000759500000)
 Metaspace       used 18542K, capacity 19404K, committed 19456K, reserved 1067008K
  class space    used 2551K, capacity 2813K, committed 2816K, reserved 1048576K
}
Event: 25.680 GC heap before
{Heap before GC invocations=6 (full 1):
 PSYoungGen      total 38400K, used 5104K [0x0000000795580000, 0x000000079d080000, 0x00000007c0000000)
  eden space 33280K, 0% used [0x0000000795580000,0x0000000795580000,0x0000000797600000)
  from space 5120K, 99% used [0x0000000797600000,0x0000000797afc150,0x0000000797b00000)
  to   space 29696K, 0% used [0x000000079b380000,0x000000079b380000,0x000000079d080000)
 ParOldGen       total 414720K, used 392066K [0x0000000740000000, 0x0000000759500000, 0x0000000795580000)
  object space 414720K, 94% used [0x0000000740000000,0x0000000757ee0bc0,0x0000000759500000)
 Metaspace       used 18542K, capacity 19404K, committed 19456K, reserved 1067008K
  class space    used 2551K, capacity 2813K, committed 2816K, reserved 1048576K
Event: 25.757 GC heap after
Heap after GC invocations=6 (full 1):
 PSYoungGen      total 38400K, used 0K [0x0000000795580000, 0x000000079d080000, 0x00000007c0000000)
  eden space 33280K, 0% used [0x0000000795580000,0x0000000795580000,0x0000000797600000)
  from space 5120K, 0% used [0x0000000797600000,0x0000000797600000,0x0000000797b00000)
  to   space 29696K, 0% used [0x000000079b380000,0x000000079b380000,0x000000079d080000)
 ParOldGen       total 119808K, used 45117K [0x0000000740000000, 0x0000000747500000, 0x0000000795580000)
  object space 119808K, 37% used [0x0000000740000000,0x0000000742c0f7f0,0x0000000747500000)
 Metaspace       used 18542K, capacity 19404K, committed 19456K, reserved 1067008K
  class space    used 2551K, capacity 2813K, committed 2816K, reserved 1048576K
}

