# JRE version: Java(TM) SE Runtime Environment (8.0_45-b14) (build 1.8.0_45-b14)
# Java VM: Java HotSpot(TM) 64-Bit Server VM (25.45-b02 mixed mode bsd-amd64 compressed oops)
Heap:
 PSYoungGen      total 76288K, used 12214K [0x000000076ab00000, 0x0000000770000000, 0x00000007c0000000)
  eden space 65536K, 2% used [0x000000076ab00000,0x000000076ac74660,0x000000076eb00000)
  from space 10752K, 99% used [0x000000076eb00000,0x000000076f579480,0x000000076f580000)
  to   space 10752K, 0% used [0x000000076f580000,0x000000076f580000,0x0000000770000000)
 ParOldGen       total 246272K, used 163871K [0x00000006c0000000, 0x00000006cf080000, 0x000000076ab00000)
  object space 246272K, 66% used [0x00000006c0000000,0x00000006ca007d90,0x00000006cf080000)
 Metaspace       used 19721K, capacity 20648K, committed 20864K, reserved 1067008K
  class space    used 2679K, capacity 2909K, committed 2944K, reserved 1048576K
GC Heap History (8 events):
Event: 6.402 GC heap before
{Heap before GC invocations=1 (full 0):
 PSYoungGen      total 76288K, used 59856K [0x000000076ab00000, 0x0000000770000000, 0x00000007c0000000)
  eden space 65536K, 91% used [0x000000076ab00000,0x000000076e5743c0,0x000000076eb00000)
  from space 10752K, 0% used [0x000000076f580000,0x000000076f580000,0x0000000770000000)
  to   space 10752K, 0% used [0x000000076eb00000,0x000000076eb00000,0x000000076f580000)
 ParOldGen       total 175104K, used 108654K [0x00000006c0000000, 0x00000006cab00000, 0x000000076ab00000)
  object space 175104K, 62% used [0x00000006c0000000,0x00000006c6a1ba18,0x00000006cab00000)
 Metaspace       used 16278K, capacity 17012K, committed 17152K, reserved 1064960K
  class space    used 2252K, capacity 2449K, committed 2560K, reserved 1048576K
Event: 6.412 GC heap after
Heap after GC invocations=1 (full 0):
 PSYoungGen      total 76288K, used 10750K [0x000000076ab00000, 0x0000000770000000, 0x00000007c0000000)
  eden space 65536K, 0% used [0x000000076ab00000,0x000000076ab00000,0x000000076eb00000)
  from space 10752K, 99% used [0x000000076eb00000,0x000000076f57faa0,0x000000076f580000)
  to   space 10752K, 0% used [0x000000076f580000,0x000000076f580000,0x0000000770000000)
 ParOldGen       total 175104K, used 114864K [0x00000006c0000000, 0x00000006cab00000, 0x000000076ab00000)
  object space 175104K, 65% used [0x00000006c0000000,0x00000006c702c200,0x00000006cab00000)
 Metaspace       used 16278K, capacity 17012K, committed 17152K, reserved 1064960K
  class space    used 2252K, capacity 2449K, committed 2560K, reserved 1048576K
}
Event: 17.102 GC heap before
{Heap before GC invocations=2 (full 0):
 PSYoungGen      total 76288K, used 70548K [0x000000076ab00000, 0x0000000770000000, 0x00000007c0000000)
  eden space 65536K, 91% used [0x000000076ab00000,0x000000076e565780,0x000000076eb00000)
  from space 10752K, 99% used [0x000000076eb00000,0x000000076f57faa0,0x000000076f580000)
  to   space 10752K, 0% used [0x000000076f580000,0x000000076f580000,0x0000000770000000)
 ParOldGen       total 393216K, used 332173K [0x00000006c0000000, 0x00000006d8000000, 0x000000076ab00000)
  object space 393216K, 84% used [0x00000006c0000000,0x00000006d4463630,0x00000006d8000000)
 Metaspace       used 18440K, capacity 19364K, committed 19456K, reserved 1067008K
  class space    used 2555K, capacity 2795K, committed 2816K, reserved 1048576K
Event: 17.118 GC heap after
Heap after GC invocations=2 (full 0):
 PSYoungGen      total 76288K, used 10747K [0x000000076ab00000, 0x0000000770000000, 0x00000007c0000000)
  eden space 65536K, 0% used [0x000000076ab00000,0x000000076ab00000,0x000000076eb00000)
  from space 10752K, 99% used [0x000000076f580000,0x000000076fffec30,0x0000000770000000)
  to   space 10752K, 0% used [0x000000076eb00000,0x000000076eb00000,0x000000076f580000)
 ParOldGen       total 393216K, used 356164K [0x00000006c0000000, 0x00000006d8000000, 0x000000076ab00000)
  object space 393216K, 90% used [0x00000006c0000000,0x00000006d5bd10d0,0x00000006d8000000)
 Metaspace       used 18440K, capacity 19364K, committed 19456K, reserved 1067008K
  class space    used 2555K, capacity 2795K, committed 2816K, reserved 1048576K
}
Event: 17.118 GC heap before
{Heap before GC invocations=3 (full 1):
 PSYoungGen      total 76288K, used 10747K [0x000000076ab00000, 0x0000000770000000, 0x00000007c0000000)
  eden space 65536K, 0% used [0x000000076ab00000,0x000000076ab00000,0x000000076eb00000)
  from space 10752K, 99% used [0x000000076f580000,0x000000076fffec30,0x0000000770000000)
  to   space 10752K, 0% used [0x000000076eb00000,0x000000076eb00000,0x000000076f580000)
 ParOldGen       total 393216K, used 356164K [0x00000006c0000000, 0x00000006d8000000, 0x000000076ab00000)
  object space 393216K, 90% used [0x00000006c0000000,0x00000006d5bd10d0,0x00000006d8000000)
 Metaspace       used 18440K, capacity 19364K, committed 19456K, reserved 1067008K
  class space    used 2555K, capacity 2795K, committed 2816K, reserved 1048576K
Event: 17.171 GC heap after
Heap after GC invocations=3 (full 1):
 PSYoungGen      total 76288K, used 0K [0x000000076ab00000, 0x0000000770000000, 0x00000007c0000000)
  eden space 65536K, 0% used [0x000000076ab00000,0x000000076ab00000,0x000000076eb00000)
  from space 10752K, 0% used [0x000000076f580000,0x000000076f580000,0x0000000770000000)
  to   space 10752K, 0% used [0x000000076eb00000,0x000000076eb00000,0x000000076f580000)
 ParOldGen       total 246272K, used 138686K [0x00000006c0000000, 0x00000006cf080000, 0x000000076ab00000)
  object space 246272K, 56% used [0x00000006c0000000,0x00000006c876fbe8,0x00000006cf080000)
 Metaspace       used 18440K, capacity 19364K, committed 19456K, reserved 1067008K
  class space    used 2555K, capacity 2795K, committed 2816K, reserved 1048576K
}
Event: 54.413 GC heap before
{Heap before GC invocations=4 (full 1):
 PSYoungGen      total 76288K, used 65536K [0x000000076ab00000, 0x0000000770000000, 0x00000007c0000000)
  eden space 65536K, 100% used [0x000000076ab00000,0x000000076eb00000,0x000000076eb00000)
  from space 10752K, 0% used [0x000000076f580000,0x000000076f580000,0x0000000770000000)
  to   space 10752K, 0% used [0x000000076eb00000,0x000000076eb00000,0x000000076f580000)
 ParOldGen       total 246272K, used 138686K [0x00000006c0000000, 0x00000006cf080000, 0x000000076ab00000)
  object space 246272K, 56% used [0x00000006c0000000,0x00000006c876fbe8,0x00000006cf080000)
 Metaspace       used 19717K, capacity 20648K, committed 20864K, reserved 1067008K
  class space    used 2679K, capacity 2909K, committed 2944K, reserved 1048576K
Event: 54.419 GC heap after
Heap after GC invocations=4 (full 1):
 PSYoungGen      total 76288K, used 10725K [0x000000076ab00000, 0x0000000770000000, 0x00000007c0000000)
  eden space 65536K, 0% used [0x000000076ab00000,0x000000076ab00000,0x000000076eb00000)
  from space 10752K, 99% used [0x000000076eb00000,0x000000076f579480,0x000000076f580000)
  to   space 10752K, 0% used [0x000000076f580000,0x000000076f580000,0x0000000770000000)
 ParOldGen       total 246272K, used 163871K [0x00000006c0000000, 0x00000006cf080000, 0x000000076ab00000)
  object space 246272K, 66% used [0x00000006c0000000,0x00000006ca007d90,0x00000006cf080000)
 Metaspace       used 19717K, capacity 20648K, committed 20864K, reserved 1067008K
  class space    used 2679K, capacity 2909K, committed 2944K, reserved 1048576K
}

