# JRE version: Java(TM) SE Runtime Environment (8.0_45-b14) (build 1.8.0_45-b14)
# Java VM: Java HotSpot(TM) 64-Bit Server VM (25.45-b02 mixed mode bsd-amd64 compressed oops)
Heap:
 PSYoungGen      total 84992K, used 81430K [0x000000076ab00000, 0x0000000775880000, 0x00000007c0000000)
  eden space 58880K, 94% used [0x000000076ab00000,0x000000076e130938,0x000000076e480000)
  from space 26112K, 99% used [0x000000076e580000,0x000000076fed4ef8,0x000000076ff00000)
  to   space 59392K, 0% used [0x0000000771e80000,0x0000000771e80000,0x0000000775880000)
 ParOldGen       total 216576K, used 125391K [0x00000006c0000000, 0x00000006cd380000, 0x000000076ab00000)
  object space 216576K, 57% used [0x00000006c0000000,0x00000006c7a73ef8,0x00000006cd380000)
 Metaspace       used 20525K, capacity 21522K, committed 21632K, reserved 1069056K
  class space    used 2695K, capacity 2930K, committed 2944K, reserved 1048576K
GC Heap History (10 events):
Event: 53.790 GC heap before
{Heap before GC invocations=7 (full 2):
 PSYoungGen      total 76288K, used 65536K [0x000000076ab00000, 0x0000000770000000, 0x00000007c0000000)
  eden space 65536K, 100% used [0x000000076ab00000,0x000000076eb00000,0x000000076eb00000)
  from space 10752K, 0% used [0x000000076f580000,0x000000076f580000,0x0000000770000000)
  to   space 10752K, 0% used [0x000000076eb00000,0x000000076eb00000,0x000000076f580000)
 ParOldGen       total 216576K, used 87909K [0x00000006c0000000, 0x00000006cd380000, 0x000000076ab00000)
  object space 216576K, 40% used [0x00000006c0000000,0x00000006c55d95c8,0x00000006cd380000)
 Metaspace       used 19261K, capacity 20216K, committed 20352K, reserved 1067008K
  class space    used 2587K, capacity 2841K, committed 2944K, reserved 1048576K
Event: 53.798 GC heap after
Heap after GC invocations=7 (full 2):
 PSYoungGen      total 74752K, used 10107K [0x000000076ab00000, 0x0000000776380000, 0x00000007c0000000)
  eden space 64000K, 0% used [0x000000076ab00000,0x000000076ab00000,0x000000076e980000)
  from space 10752K, 94% used [0x000000076eb00000,0x000000076f4def50,0x000000076f580000)
  to   space 62464K, 0% used [0x0000000772680000,0x0000000772680000,0x0000000776380000)
 ParOldGen       total 216576K, used 125359K [0x00000006c0000000, 0x00000006cd380000, 0x000000076ab00000)
  object space 216576K, 57% used [0x00000006c0000000,0x00000006c7a6bef8,0x00000006cd380000)
 Metaspace       used 19261K, capacity 20216K, committed 20352K, reserved 1067008K
  class space    used 2587K, capacity 2841K, committed 2944K, reserved 1048576K
}
Event: 227.406 GC heap before
{Heap before GC invocations=8 (full 2):
 PSYoungGen      total 74752K, used 74107K [0x000000076ab00000, 0x0000000776380000, 0x00000007c0000000)
  eden space 64000K, 100% used [0x000000076ab00000,0x000000076e980000,0x000000076e980000)
  from space 10752K, 94% used [0x000000076eb00000,0x000000076f4def50,0x000000076f580000)
  to   space 62464K, 0% used [0x0000000772680000,0x0000000772680000,0x0000000776380000)
 ParOldGen       total 216576K, used 125359K [0x00000006c0000000, 0x00000006cd380000, 0x000000076ab00000)
  object space 216576K, 57% used [0x00000006c0000000,0x00000006c7a6bef8,0x00000006cd380000)
 Metaspace       used 19505K, capacity 20496K, committed 20608K, reserved 1067008K
  class space    used 2592K, capacity 2845K, committed 2944K, reserved 1048576K
Event: 227.429 GC heap after
Heap after GC invocations=8 (full 2):
 PSYoungGen      total 124928K, used 41253K [0x000000076ab00000, 0x0000000776400000, 0x00000007c0000000)
  eden space 62464K, 0% used [0x000000076ab00000,0x000000076ab00000,0x000000076e800000)
  from space 62464K, 66% used [0x0000000772680000,0x0000000774ec97e0,0x0000000776380000)
  to   space 63488K, 0% used [0x000000076e800000,0x000000076e800000,0x0000000772600000)
 ParOldGen       total 216576K, used 125367K [0x00000006c0000000, 0x00000006cd380000, 0x000000076ab00000)
  object space 216576K, 57% used [0x00000006c0000000,0x00000006c7a6def8,0x00000006cd380000)
 Metaspace       used 19505K, capacity 20496K, committed 20608K, reserved 1067008K
  class space    used 2592K, capacity 2845K, committed 2944K, reserved 1048576K
}
Event: 250.637 GC heap before
{Heap before GC invocations=9 (full 2):
 PSYoungGen      total 124928K, used 98120K [0x000000076ab00000, 0x0000000776400000, 0x00000007c0000000)
  eden space 62464K, 91% used [0x000000076ab00000,0x000000076e288858,0x000000076e800000)
  from space 62464K, 66% used [0x0000000772680000,0x0000000774ec97e0,0x0000000776380000)
  to   space 63488K, 0% used [0x000000076e800000,0x000000076e800000,0x0000000772600000)
 ParOldGen       total 216576K, used 125367K [0x00000006c0000000, 0x00000006cd380000, 0x000000076ab00000)
  object space 216576K, 57% used [0x00000006c0000000,0x00000006c7a6def8,0x00000006cd380000)
 Metaspace       used 19608K, capacity 20654K, committed 20864K, reserved 1067008K
  class space    used 2597K, capacity 2850K, committed 2944K, reserved 1048576K
Event: 250.645 GC heap after
Heap after GC invocations=9 (full 2):
 PSYoungGen      total 91648K, used 30034K [0x000000076ab00000, 0x0000000775c00000, 0x00000007c0000000)
  eden space 61440K, 0% used [0x000000076ab00000,0x000000076ab00000,0x000000076e700000)
  from space 30208K, 99% used [0x000000076e800000,0x0000000770554830,0x0000000770580000)
  to   space 59904K, 0% used [0x0000000772180000,0x0000000772180000,0x0000000775c00000)
 ParOldGen       total 216576K, used 125375K [0x00000006c0000000, 0x00000006cd380000, 0x000000076ab00000)
  object space 216576K, 57% used [0x00000006c0000000,0x00000006c7a6fef8,0x00000006cd380000)
 Metaspace       used 19608K, capacity 20654K, committed 20864K, reserved 1067008K
  class space    used 2597K, capacity 2850K, committed 2944K, reserved 1048576K
}
Event: 266.830 GC heap before
{Heap before GC invocations=10 (full 2):
 PSYoungGen      total 91648K, used 91474K [0x000000076ab00000, 0x0000000775c00000, 0x00000007c0000000)
  eden space 61440K, 100% used [0x000000076ab00000,0x000000076e700000,0x000000076e700000)
  from space 30208K, 99% used [0x000000076e800000,0x0000000770554830,0x0000000770580000)
  to   space 59904K, 0% used [0x0000000772180000,0x0000000772180000,0x0000000775c00000)
 ParOldGen       total 216576K, used 125375K [0x00000006c0000000, 0x00000006cd380000, 0x000000076ab00000)
  object space 216576K, 57% used [0x00000006c0000000,0x00000006c7a6fef8,0x00000006cd380000)
 Metaspace       used 19689K, capacity 20722K, committed 20864K, reserved 1067008K
  class space    used 2597K, capacity 2850K, committed 2944K, reserved 1048576K
Event: 266.840 GC heap after
Heap after GC invocations=10 (full 2):
 PSYoungGen      total 119808K, used 42851K [0x000000076ab00000, 0x0000000775e00000, 0x00000007c0000000)
  eden space 59904K, 0% used [0x000000076ab00000,0x000000076ab00000,0x000000076e580000)
  from space 59904K, 71% used [0x0000000772180000,0x0000000774b58c20,0x0000000775c00000)
  to   space 61440K, 0% used [0x000000076e580000,0x000000076e580000,0x0000000772180000)
 ParOldGen       total 216576K, used 125383K [0x00000006c0000000, 0x00000006cd380000, 0x000000076ab00000)
  object space 216576K, 57% used [0x00000006c0000000,0x00000006c7a71ef8,0x00000006cd380000)
 Metaspace       used 19689K, capacity 20722K, committed 20864K, reserved 1067008K
  class space    used 2597K, capacity 2850K, committed 2944K, reserved 1048576K
}
Event: 328.291 GC heap before
{Heap before GC invocations=11 (full 2):
 PSYoungGen      total 119808K, used 96732K [0x000000076ab00000, 0x0000000775e00000, 0x00000007c0000000)
  eden space 59904K, 89% used [0x000000076ab00000,0x000000076df9e6a8,0x000000076e580000)
  from space 59904K, 71% used [0x0000000772180000,0x0000000774b58c20,0x0000000775c00000)
  to   space 61440K, 0% used [0x000000076e580000,0x000000076e580000,0x0000000772180000)
 ParOldGen       total 216576K, used 125383K [0x00000006c0000000, 0x00000006cd380000, 0x000000076ab00000)
  object space 216576K, 57% used [0x00000006c0000000,0x00000006c7a71ef8,0x00000006cd380000)
 Metaspace       used 19797K, capacity 20848K, committed 21120K, reserved 1067008K
  class space    used 2602K, capacity 2859K, committed 2944K, reserved 1048576K
Event: 328.296 GC heap after
Heap after GC invocations=11 (full 2):
 PSYoungGen      total 84992K, used 25939K [0x000000076ab00000, 0x0000000775880000, 0x00000007c0000000)
  eden space 58880K, 0% used [0x000000076ab00000,0x000000076ab00000,0x000000076e480000)
  from space 26112K, 99% used [0x000000076e580000,0x000000076fed4ef8,0x000000076ff00000)
  to   space 59392K, 0% used [0x0000000771e80000,0x0000000771e80000,0x0000000775880000)
 ParOldGen       total 216576K, used 125391K [0x00000006c0000000, 0x00000006cd380000, 0x000000076ab00000)
  object space 216576K, 57% used [0x00000006c0000000,0x00000006c7a73ef8,0x00000006cd380000)
 Metaspace       used 19797K, capacity 20848K, committed 21120K, reserved 1067008K
  class space    used 2602K, capacity 2859K, committed 2944K, reserved 1048576K
}

