# JRE version: Java(TM) SE Runtime Environment (8.0_45-b14) (build 1.8.0_45-b14)
# Java VM: Java HotSpot(TM) 64-Bit Server VM (25.45-b02 mixed mode bsd-amd64 compressed oops)
Heap:
 PSYoungGen      total 76288K, used 61867K [0x000000076ab00000, 0x0000000770000000, 0x00000007c0000000)
  eden space 65536K, 94% used [0x000000076ab00000,0x000000076e76ad00,0x000000076eb00000)
  from space 10752K, 0% used [0x000000076f580000,0x000000076f580000,0x0000000770000000)
  to   space 10752K, 0% used [0x000000076eb00000,0x000000076eb00000,0x000000076f580000)
 ParOldGen       total 244224K, used 138706K [0x00000006c0000000, 0x00000006cee80000, 0x000000076ab00000)
  object space 244224K, 56% used [0x00000006c0000000,0x00000006c8774908,0x00000006cee80000)
 Metaspace       used 19170K, capacity 20160K, committed 20352K, reserved 1067008K
  class space    used 2602K, capacity 2837K, committed 2944K, reserved 1048576K
GC Heap History (6 events):
Event: 6.638 GC heap before
{Heap before GC invocations=1 (full 0):
 PSYoungGen      total 76288K, used 59856K [0x000000076ab00000, 0x0000000770000000, 0x00000007c0000000)
  eden space 65536K, 91% used [0x000000076ab00000,0x000000076e5741e0,0x000000076eb00000)
  from space 10752K, 0% used [0x000000076f580000,0x000000076f580000,0x0000000770000000)
  to   space 10752K, 0% used [0x000000076eb00000,0x000000076eb00000,0x000000076f580000)
 ParOldGen       total 175104K, used 108654K [0x00000006c0000000, 0x00000006cab00000, 0x000000076ab00000)
  object space 175104K, 62% used [0x00000006c0000000,0x00000006c6a1ba18,0x00000006cab00000)
 Metaspace       used 16253K, capacity 16948K, committed 17152K, reserved 1064960K
  class space    used 2253K, capacity 2449K, committed 2560K, reserved 1048576K
Event: 6.648 GC heap after
Heap after GC invocations=1 (full 0):
 PSYoungGen      total 76288K, used 10750K [0x000000076ab00000, 0x0000000770000000, 0x00000007c0000000)
  eden space 65536K, 0% used [0x000000076ab00000,0x000000076ab00000,0x000000076eb00000)
  from space 10752K, 99% used [0x000000076eb00000,0x000000076f57faa0,0x000000076f580000)
  to   space 10752K, 0% used [0x000000076f580000,0x000000076f580000,0x0000000770000000)
 ParOldGen       total 175104K, used 114831K [0x00000006c0000000, 0x00000006cab00000, 0x000000076ab00000)
  object space 175104K, 65% used [0x00000006c0000000,0x00000006c7023db8,0x00000006cab00000)
 Metaspace       used 16253K, capacity 16948K, committed 17152K, reserved 1064960K
  class space    used 2253K, capacity 2449K, committed 2560K, reserved 1048576K
}
Event: 15.709 GC heap before
{Heap before GC invocations=2 (full 0):
 PSYoungGen      total 76288K, used 70549K [0x000000076ab00000, 0x0000000770000000, 0x00000007c0000000)
  eden space 65536K, 91% used [0x000000076ab00000,0x000000076e565b40,0x000000076eb00000)
  from space 10752K, 99% used [0x000000076eb00000,0x000000076f57faa0,0x000000076f580000)
  to   space 10752K, 0% used [0x000000076f580000,0x000000076f580000,0x0000000770000000)
 ParOldGen       total 393216K, used 332140K [0x00000006c0000000, 0x00000006d8000000, 0x000000076ab00000)
  object space 393216K, 84% used [0x00000006c0000000,0x00000006d445b1e8,0x00000006d8000000)
 Metaspace       used 18395K, capacity 19288K, committed 19584K, reserved 1067008K
  class space    used 2565K, capacity 2819K, committed 2944K, reserved 1048576K
Event: 15.725 GC heap after
Heap after GC invocations=2 (full 0):
 PSYoungGen      total 76288K, used 10731K [0x000000076ab00000, 0x0000000770000000, 0x00000007c0000000)
  eden space 65536K, 0% used [0x000000076ab00000,0x000000076ab00000,0x000000076eb00000)
  from space 10752K, 99% used [0x000000076f580000,0x000000076fffac40,0x0000000770000000)
  to   space 10752K, 0% used [0x000000076eb00000,0x000000076eb00000,0x000000076f580000)
 ParOldGen       total 393216K, used 354311K [0x00000006c0000000, 0x00000006d8000000, 0x000000076ab00000)
  object space 393216K, 90% used [0x00000006c0000000,0x00000006d5a01e18,0x00000006d8000000)
 Metaspace       used 18395K, capacity 19288K, committed 19584K, reserved 1067008K
  class space    used 2565K, capacity 2819K, committed 2944K, reserved 1048576K
}
Event: 15.725 GC heap before
{Heap before GC invocations=3 (full 1):
 PSYoungGen      total 76288K, used 10731K [0x000000076ab00000, 0x0000000770000000, 0x00000007c0000000)
  eden space 65536K, 0% used [0x000000076ab00000,0x000000076ab00000,0x000000076eb00000)
  from space 10752K, 99% used [0x000000076f580000,0x000000076fffac40,0x0000000770000000)
  to   space 10752K, 0% used [0x000000076eb00000,0x000000076eb00000,0x000000076f580000)
 ParOldGen       total 393216K, used 354311K [0x00000006c0000000, 0x00000006d8000000, 0x000000076ab00000)
  object space 393216K, 90% used [0x00000006c0000000,0x00000006d5a01e18,0x00000006d8000000)
 Metaspace       used 18395K, capacity 19288K, committed 19584K, reserved 1067008K
  class space    used 2565K, capacity 2819K, committed 2944K, reserved 1048576K
Event: 15.778 GC heap after
Heap after GC invocations=3 (full 1):
 PSYoungGen      total 76288K, used 0K [0x000000076ab00000, 0x0000000770000000, 0x00000007c0000000)
  eden space 65536K, 0% used [0x000000076ab00000,0x000000076ab00000,0x000000076eb00000)
  from space 10752K, 0% used [0x000000076f580000,0x000000076f580000,0x0000000770000000)
  to   space 10752K, 0% used [0x000000076eb00000,0x000000076eb00000,0x000000076f580000)
 ParOldGen       total 244224K, used 138706K [0x00000006c0000000, 0x00000006cee80000, 0x000000076ab00000)
  object space 244224K, 56% used [0x00000006c0000000,0x00000006c8774908,0x00000006cee80000)
 Metaspace       used 18395K, capacity 19288K, committed 19584K, reserved 1067008K
  class space    used 2565K, capacity 2819K, committed 2944K, reserved 1048576K
}

