# JRE version: Java(TM) SE Runtime Environment (8.0_45-b14) (build 1.8.0_45-b14)
# Java VM: Java HotSpot(TM) 64-Bit Server VM (25.45-b02 mixed mode bsd-amd64 compressed oops)
Heap:
 PSYoungGen      total 93184K, used 54619K [0x0000000795580000, 0x000000079d200000, 0x00000007c0000000)
  eden space 64000K, 51% used [0x0000000795580000,0x000000079758c810,0x0000000799400000)
  from space 29184K, 74% used [0x000000079b300000,0x000000079c84a5d8,0x000000079cf80000)
  to   space 31744K, 0% used [0x0000000799400000,0x0000000799400000,0x000000079b300000)
 ParOldGen       total 117760K, used 45152K [0x0000000740000000, 0x0000000747300000, 0x0000000795580000)
  object space 117760K, 38% used [0x0000000740000000,0x0000000742c18330,0x0000000747300000)
 Metaspace       used 19009K, capacity 19982K, committed 20096K, reserved 1067008K
  class space    used 2575K, capacity 2840K, committed 2944K, reserved 1048576K
GC Heap History (10 events):
Event: 15.187 GC heap before
{Heap before GC invocations=3 (full 0):
 PSYoungGen      total 38400K, used 38386K [0x0000000795580000, 0x0000000798000000, 0x00000007c0000000)
  eden space 33280K, 100% used [0x0000000795580000,0x0000000797600000,0x0000000797600000)
  from space 5120K, 99% used [0x0000000797b00000,0x0000000797ffcac0,0x0000000798000000)
  to   space 5120K, 0% used [0x0000000797600000,0x0000000797600000,0x0000000797b00000)
 ParOldGen       total 414720K, used 341821K [0x0000000740000000, 0x0000000759500000, 0x0000000795580000)
  object space 414720K, 82% used [0x0000000740000000,0x0000000754dcf4d8,0x0000000759500000)
 Metaspace       used 18093K, capacity 18980K, committed 19200K, reserved 1064960K
  class space    used 2530K, capacity 2742K, committed 2816K, reserved 1048576K
Event: 15.202 GC heap after
Heap after GC invocations=3 (full 0):
 PSYoungGen      total 38400K, used 5088K [0x0000000795580000, 0x0000000798000000, 0x00000007c0000000)
  eden space 33280K, 0% used [0x0000000795580000,0x0000000795580000,0x0000000797600000)
  from space 5120K, 99% used [0x0000000797600000,0x0000000797af8030,0x0000000797b00000)
  to   space 5120K, 0% used [0x0000000797b00000,0x0000000797b00000,0x0000000798000000)
 ParOldGen       total 414720K, used 355126K [0x0000000740000000, 0x0000000759500000, 0x0000000795580000)
  object space 414720K, 85% used [0x0000000740000000,0x0000000755acdac8,0x0000000759500000)
 Metaspace       used 18093K, capacity 18980K, committed 19200K, reserved 1064960K
  class space    used 2530K, capacity 2742K, committed 2816K, reserved 1048576K
}
Event: 15.356 GC heap before
{Heap before GC invocations=4 (full 0):
 PSYoungGen      total 38400K, used 35539K [0x0000000795580000, 0x0000000798000000, 0x00000007c0000000)
  eden space 33280K, 91% used [0x0000000795580000,0x000000079733cc10,0x0000000797600000)
  from space 5120K, 99% used [0x0000000797600000,0x0000000797af8030,0x0000000797b00000)
  to   space 5120K, 0% used [0x0000000797b00000,0x0000000797b00000,0x0000000798000000)
 ParOldGen       total 414720K, used 355126K [0x0000000740000000, 0x0000000759500000, 0x0000000795580000)
  object space 414720K, 85% used [0x0000000740000000,0x0000000755acdac8,0x0000000759500000)
 Metaspace       used 18123K, capacity 18986K, committed 19200K, reserved 1064960K
  class space    used 2533K, capacity 2743K, committed 2816K, reserved 1048576K
Event: 15.372 GC heap after
Heap after GC invocations=4 (full 0):
 PSYoungGen      total 38400K, used 4976K [0x0000000795580000, 0x000000079a080000, 0x00000007c0000000)
  eden space 33280K, 0% used [0x0000000795580000,0x0000000795580000,0x0000000797600000)
  from space 5120K, 97% used [0x0000000797b00000,0x0000000797fdc030,0x0000000798000000)
  to   space 5120K, 0% used [0x0000000797600000,0x0000000797600000,0x0000000797b00000)
 ParOldGen       total 414720K, used 374187K [0x0000000740000000, 0x0000000759500000, 0x0000000795580000)
  object space 414720K, 90% used [0x0000000740000000,0x0000000756d6ae88,0x0000000759500000)
 Metaspace       used 18123K, capacity 18986K, committed 19200K, reserved 1064960K
  class space    used 2533K, capacity 2743K, committed 2816K, reserved 1048576K
}
Event: 39.987 GC heap before
{Heap before GC invocations=5 (full 0):
 PSYoungGen      total 38400K, used 32484K [0x0000000795580000, 0x000000079a080000, 0x00000007c0000000)
  eden space 33280K, 82% used [0x0000000795580000,0x000000079705d3b8,0x0000000797600000)
  from space 5120K, 97% used [0x0000000797b00000,0x0000000797fdc030,0x0000000798000000)
  to   space 5120K, 0% used [0x0000000797600000,0x0000000797600000,0x0000000797b00000)
 ParOldGen       total 414720K, used 374187K [0x0000000740000000, 0x0000000759500000, 0x0000000795580000)
  object space 414720K, 90% used [0x0000000740000000,0x0000000756d6ae88,0x0000000759500000)
 Metaspace       used 18682K, capacity 19656K, committed 19840K, reserved 1067008K
  class space    used 2567K, capacity 2829K, committed 2944K, reserved 1048576K
Event: 40.004 GC heap after
Heap after GC invocations=5 (full 0):
 PSYoungGen      total 38400K, used 5088K [0x0000000795580000, 0x000000079cf80000, 0x00000007c0000000)
  eden space 33280K, 0% used [0x0000000795580000,0x0000000795580000,0x0000000797600000)
  from space 5120K, 99% used [0x0000000797600000,0x0000000797af8140,0x0000000797b00000)
  to   space 29184K, 0% used [0x000000079b300000,0x000000079b300000,0x000000079cf80000)
 ParOldGen       total 414720K, used 392050K [0x0000000740000000, 0x0000000759500000, 0x0000000795580000)
  object space 414720K, 94% used [0x0000000740000000,0x0000000757edc968,0x0000000759500000)
 Metaspace       used 18682K, capacity 19656K, committed 19840K, reserved 1067008K
  class space    used 2567K, capacity 2829K, committed 2944K, reserved 1048576K
}
Event: 40.004 GC heap before
{Heap before GC invocations=6 (full 1):
 PSYoungGen      total 38400K, used 5088K [0x0000000795580000, 0x000000079cf80000, 0x00000007c0000000)
  eden space 33280K, 0% used [0x0000000795580000,0x0000000795580000,0x0000000797600000)
  from space 5120K, 99% used [0x0000000797600000,0x0000000797af8140,0x0000000797b00000)
  to   space 29184K, 0% used [0x000000079b300000,0x000000079b300000,0x000000079cf80000)
 ParOldGen       total 414720K, used 392050K [0x0000000740000000, 0x0000000759500000, 0x0000000795580000)
  object space 414720K, 94% used [0x0000000740000000,0x0000000757edc968,0x0000000759500000)
 Metaspace       used 18682K, capacity 19656K, committed 19840K, reserved 1067008K
  class space    used 2567K, capacity 2829K, committed 2944K, reserved 1048576K
Event: 40.066 GC heap after
Heap after GC invocations=6 (full 1):
 PSYoungGen      total 38400K, used 0K [0x0000000795580000, 0x000000079cf80000, 0x00000007c0000000)
  eden space 33280K, 0% used [0x0000000795580000,0x0000000795580000,0x0000000797600000)
  from space 5120K, 0% used [0x0000000797600000,0x0000000797600000,0x0000000797b00000)
  to   space 29184K, 0% used [0x000000079b300000,0x000000079b300000,0x000000079cf80000)
 ParOldGen       total 117760K, used 45144K [0x0000000740000000, 0x0000000747300000, 0x0000000795580000)
  object space 117760K, 38% used [0x0000000740000000,0x0000000742c16330,0x0000000747300000)
 Metaspace       used 18682K, capacity 19656K, committed 19840K, reserved 1067008K
  class space    used 2567K, capacity 2829K, committed 2944K, reserved 1048576K
}
Event: 75.823 GC heap before
{Heap before GC invocations=7 (full 1):
 PSYoungGen      total 38400K, used 33280K [0x0000000795580000, 0x000000079cf80000, 0x00000007c0000000)
  eden space 33280K, 100% used [0x0000000795580000,0x0000000797600000,0x0000000797600000)
  from space 5120K, 0% used [0x0000000797600000,0x0000000797600000,0x0000000797b00000)
  to   space 29184K, 0% used [0x000000079b300000,0x000000079b300000,0x000000079cf80000)
 ParOldGen       total 117760K, used 45144K [0x0000000740000000, 0x0000000747300000, 0x0000000795580000)
  object space 117760K, 38% used [0x0000000740000000,0x0000000742c16330,0x0000000747300000)
 Metaspace       used 18885K, capacity 19810K, committed 20096K, reserved 1067008K
  class space    used 2570K, capacity 2832K, committed 2944K, reserved 1048576K
Event: 75.837 GC heap after
Heap after GC invocations=7 (full 1):
 PSYoungGen      total 93184K, used 21801K [0x0000000795580000, 0x000000079d200000, 0x00000007c0000000)
  eden space 64000K, 0% used [0x0000000795580000,0x0000000795580000,0x0000000799400000)
  from space 29184K, 74% used [0x000000079b300000,0x000000079c84a5d8,0x000000079cf80000)
  to   space 31744K, 0% used [0x0000000799400000,0x0000000799400000,0x000000079b300000)
 ParOldGen       total 117760K, used 45152K [0x0000000740000000, 0x0000000747300000, 0x0000000795580000)
  object space 117760K, 38% used [0x0000000740000000,0x0000000742c18330,0x0000000747300000)
 Metaspace       used 18885K, capacity 19810K, committed 20096K, reserved 1067008K
  class space    used 2570K, capacity 2832K, committed 2944K, reserved 1048576K
}

