# JRE version: Java(TM) SE Runtime Environment (8.0_45-b14) (build 1.8.0_45-b14)
# Java VM: Java HotSpot(TM) 64-Bit Server VM (25.45-b02 mixed mode bsd-amd64 compressed oops)
Heap:
 PSYoungGen      total 96768K, used 78779K [0x0000000795580000, 0x00000007a1500000, 0x00000007c0000000)
  eden space 62976K, 72% used [0x0000000795580000,0x00000007981d2e48,0x0000000799300000)
  from space 33792K, 98% used [0x0000000799300000,0x000000079b39bee0,0x000000079b400000)
  to   space 39424K, 0% used [0x000000079ee80000,0x000000079ee80000,0x00000007a1500000)
 ParOldGen       total 118784K, used 70148K [0x0000000740000000, 0x0000000747400000, 0x0000000795580000)
  object space 118784K, 59% used [0x0000000740000000,0x00000007444813c0,0x0000000747400000)
 Metaspace       used 19359K, capacity 20318K, committed 20608K, reserved 1067008K
  class space    used 2587K, capacity 2836K, committed 2944K, reserved 1048576K
GC Heap History (10 events):
Event: 17.111 GC heap before
{Heap before GC invocations=4 (full 0):
 PSYoungGen      total 38400K, used 34876K [0x0000000795580000, 0x0000000798000000, 0x00000007c0000000)
  eden space 33280K, 89% used [0x0000000795580000,0x0000000797296340,0x0000000797600000)
  from space 5120K, 99% used [0x0000000797600000,0x0000000797af8e60,0x0000000797b00000)
  to   space 5120K, 0% used [0x0000000797b00000,0x0000000797b00000,0x0000000798000000)
 ParOldGen       total 414720K, used 355302K [0x0000000740000000, 0x0000000759500000, 0x0000000795580000)
  object space 414720K, 85% used [0x0000000740000000,0x0000000755af9a18,0x0000000759500000)
 Metaspace       used 18268K, capacity 19174K, committed 19456K, reserved 1067008K
  class space    used 2546K, capacity 2769K, committed 2816K, reserved 1048576K
Event: 17.132 GC heap after
Heap after GC invocations=4 (full 0):
 PSYoungGen      total 38400K, used 5107K [0x0000000795580000, 0x000000079a080000, 0x00000007c0000000)
  eden space 33280K, 0% used [0x0000000795580000,0x0000000795580000,0x0000000797600000)
  from space 5120K, 99% used [0x0000000797b00000,0x0000000797ffce70,0x0000000798000000)
  to   space 5120K, 0% used [0x0000000797600000,0x0000000797600000,0x0000000797b00000)
 ParOldGen       total 414720K, used 374203K [0x0000000740000000, 0x0000000759500000, 0x0000000795580000)
  object space 414720K, 90% used [0x0000000740000000,0x0000000756d6edc8,0x0000000759500000)
 Metaspace       used 18268K, capacity 19174K, committed 19456K, reserved 1067008K
  class space    used 2546K, capacity 2769K, committed 2816K, reserved 1048576K
}
Event: 26.367 GC heap before
{Heap before GC invocations=5 (full 0):
 PSYoungGen      total 38400K, used 32450K [0x0000000795580000, 0x000000079a080000, 0x00000007c0000000)
  eden space 33280K, 82% used [0x0000000795580000,0x0000000797033d88,0x0000000797600000)
  from space 5120K, 99% used [0x0000000797b00000,0x0000000797ffce70,0x0000000798000000)
  to   space 5120K, 0% used [0x0000000797600000,0x0000000797600000,0x0000000797b00000)
 ParOldGen       total 414720K, used 374203K [0x0000000740000000, 0x0000000759500000, 0x0000000795580000)
  object space 414720K, 90% used [0x0000000740000000,0x0000000756d6edc8,0x0000000759500000)
 Metaspace       used 18718K, capacity 19660K, committed 19712K, reserved 1067008K
  class space    used 2570K, capacity 2813K, committed 2816K, reserved 1048576K
Event: 26.387 GC heap after
Heap after GC invocations=5 (full 0):
 PSYoungGen      total 38400K, used 5107K [0x0000000795580000, 0x000000079d780000, 0x00000007c0000000)
  eden space 33280K, 0% used [0x0000000795580000,0x0000000795580000,0x0000000797600000)
  from space 5120K, 99% used [0x0000000797600000,0x0000000797afcef0,0x0000000797b00000)
  to   space 33280K, 0% used [0x000000079b700000,0x000000079b700000,0x000000079d780000)
 ParOldGen       total 414720K, used 392306K [0x0000000740000000, 0x0000000759500000, 0x0000000795580000)
  object space 414720K, 94% used [0x0000000740000000,0x0000000757f1c928,0x0000000759500000)
 Metaspace       used 18718K, capacity 19660K, committed 19712K, reserved 1067008K
  class space    used 2570K, capacity 2813K, committed 2816K, reserved 1048576K
}
Event: 26.387 GC heap before
{Heap before GC invocations=6 (full 1):
 PSYoungGen      total 38400K, used 5107K [0x0000000795580000, 0x000000079d780000, 0x00000007c0000000)
  eden space 33280K, 0% used [0x0000000795580000,0x0000000795580000,0x0000000797600000)
  from space 5120K, 99% used [0x0000000797600000,0x0000000797afcef0,0x0000000797b00000)
  to   space 33280K, 0% used [0x000000079b700000,0x000000079b700000,0x000000079d780000)
 ParOldGen       total 414720K, used 392306K [0x0000000740000000, 0x0000000759500000, 0x0000000795580000)
  object space 414720K, 94% used [0x0000000740000000,0x0000000757f1c928,0x0000000759500000)
 Metaspace       used 18718K, capacity 19660K, committed 19712K, reserved 1067008K
  class space    used 2570K, capacity 2813K, committed 2816K, reserved 1048576K
Event: 26.462 GC heap after
Heap after GC invocations=6 (full 1):
 PSYoungGen      total 38400K, used 0K [0x0000000795580000, 0x000000079d780000, 0x00000007c0000000)
  eden space 33280K, 0% used [0x0000000795580000,0x0000000795580000,0x0000000797600000)
  from space 5120K, 0% used [0x0000000797600000,0x0000000797600000,0x0000000797b00000)
  to   space 33280K, 0% used [0x000000079b700000,0x000000079b700000,0x000000079d780000)
 ParOldGen       total 118784K, used 45171K [0x0000000740000000, 0x0000000747400000, 0x0000000795580000)
  object space 118784K, 38% used [0x0000000740000000,0x0000000742c1cda0,0x0000000747400000)
 Metaspace       used 18718K, capacity 19660K, committed 19712K, reserved 1067008K
  class space    used 2570K, capacity 2813K, committed 2816K, reserved 1048576K
}
Event: 44.700 GC heap before
{Heap before GC invocations=7 (full 1):
 PSYoungGen      total 38400K, used 32985K [0x0000000795580000, 0x000000079d780000, 0x00000007c0000000)
  eden space 33280K, 99% used [0x0000000795580000,0x00000007975b66e8,0x0000000797600000)
  from space 5120K, 0% used [0x0000000797600000,0x0000000797600000,0x0000000797b00000)
  to   space 33280K, 0% used [0x000000079b700000,0x000000079b700000,0x000000079d780000)
 ParOldGen       total 118784K, used 45171K [0x0000000740000000, 0x0000000747400000, 0x0000000795580000)
  object space 118784K, 38% used [0x0000000740000000,0x0000000742c1cda0,0x0000000747400000)
 Metaspace       used 18903K, capacity 19814K, committed 19968K, reserved 1067008K
  class space    used 2573K, capacity 2816K, committed 2816K, reserved 1048576K
Event: 44.713 GC heap after
Heap after GC invocations=7 (full 1):
 PSYoungGen      total 93696K, used 22137K [0x0000000795580000, 0x000000079d500000, 0x00000007c0000000)
  eden space 62976K, 0% used [0x0000000795580000,0x0000000795580000,0x0000000799300000)
  from space 30720K, 72% used [0x000000079b700000,0x000000079cc9e5f8,0x000000079d500000)
  to   space 33792K, 0% used [0x0000000799300000,0x0000000799300000,0x000000079b400000)
 ParOldGen       total 118784K, used 45179K [0x0000000740000000, 0x0000000747400000, 0x0000000795580000)
  object space 118784K, 38% used [0x0000000740000000,0x0000000742c1eda0,0x0000000747400000)
 Metaspace       used 18903K, capacity 19814K, committed 19968K, reserved 1067008K
  class space    used 2573K, capacity 2816K, committed 2816K, reserved 1048576K
}
Event: 70.051 GC heap before
{Heap before GC invocations=8 (full 1):
 PSYoungGen      total 93696K, used 85113K [0x0000000795580000, 0x000000079d500000, 0x00000007c0000000)
  eden space 62976K, 100% used [0x0000000795580000,0x0000000799300000,0x0000000799300000)
  from space 30720K, 72% used [0x000000079b700000,0x000000079cc9e5f8,0x000000079d500000)
  to   space 33792K, 0% used [0x0000000799300000,0x0000000799300000,0x000000079b400000)
 ParOldGen       total 118784K, used 45179K [0x0000000740000000, 0x0000000747400000, 0x0000000795580000)
  object space 118784K, 38% used [0x0000000740000000,0x0000000742c1eda0,0x0000000747400000)
 Metaspace       used 19100K, capacity 20024K, committed 20352K, reserved 1067008K
  class space    used 2576K, capacity 2817K, committed 2944K, reserved 1048576K
Event: 70.077 GC heap after
Heap after GC invocations=8 (full 1):
 PSYoungGen      total 96768K, used 33391K [0x0000000795580000, 0x00000007a1500000, 0x00000007c0000000)
  eden space 62976K, 0% used [0x0000000795580000,0x0000000795580000,0x0000000799300000)
  from space 33792K, 98% used [0x0000000799300000,0x000000079b39bee0,0x000000079b400000)
  to   space 39424K, 0% used [0x000000079ee80000,0x000000079ee80000,0x00000007a1500000)
 ParOldGen       total 118784K, used 70148K [0x0000000740000000, 0x0000000747400000, 0x0000000795580000)
  object space 118784K, 59% used [0x0000000740000000,0x00000007444813c0,0x0000000747400000)
 Metaspace       used 19100K, capacity 20024K, committed 20352K, reserved 1067008K
  class space    used 2576K, capacity 2817K, committed 2944K, reserved 1048576K
}

