# JRE version: Java(TM) SE Runtime Environment (8.0_45-b14) (build 1.8.0_45-b14)
# Java VM: Java HotSpot(TM) 64-Bit Server VM (25.45-b02 mixed mode bsd-amd64 compressed oops)
Heap:
 PSYoungGen      total 95744K, used 63741K [0x0000000795580000, 0x000000079d680000, 0x00000007c0000000)
  eden space 63488K, 62% used [0x0000000795580000,0x0000000797c2da08,0x0000000799380000)
  from space 32256K, 74% used [0x000000079b700000,0x000000079ce91a38,0x000000079d680000)
  to   space 34304K, 0% used [0x0000000799380000,0x0000000799380000,0x000000079b500000)
 ParOldGen       total 124928K, used 51225K [0x0000000740000000, 0x0000000747a00000, 0x0000000795580000)
  object space 124928K, 41% used [0x0000000740000000,0x0000000743206750,0x0000000747a00000)
 Metaspace       used 18945K, capacity 19986K, committed 20352K, reserved 1067008K
  class space    used 2561K, capacity 2824K, committed 2944K, reserved 1048576K
GC Heap History (10 events):
Event: 14.249 GC heap before
{Heap before GC invocations=3 (full 0):
 PSYoungGen      total 38400K, used 38374K [0x0000000795580000, 0x0000000798000000, 0x00000007c0000000)
  eden space 33280K, 100% used [0x0000000795580000,0x0000000797600000,0x0000000797600000)
  from space 5120K, 99% used [0x0000000797b00000,0x0000000797ff9900,0x0000000798000000)
  to   space 5120K, 0% used [0x0000000797600000,0x0000000797600000,0x0000000797b00000)
 ParOldGen       total 414720K, used 343937K [0x0000000740000000, 0x0000000759500000, 0x0000000795580000)
  object space 414720K, 82% used [0x0000000740000000,0x0000000754fe0698,0x0000000759500000)
 Metaspace       used 18044K, capacity 18844K, committed 19200K, reserved 1064960K
  class space    used 2522K, capacity 2704K, committed 2816K, reserved 1048576K
Event: 14.263 GC heap after
Heap after GC invocations=3 (full 0):
 PSYoungGen      total 38400K, used 5091K [0x0000000795580000, 0x0000000798000000, 0x00000007c0000000)
  eden space 33280K, 0% used [0x0000000795580000,0x0000000795580000,0x0000000797600000)
  from space 5120K, 99% used [0x0000000797600000,0x0000000797af8e70,0x0000000797b00000)
  to   space 5120K, 0% used [0x0000000797b00000,0x0000000797b00000,0x0000000798000000)
 ParOldGen       total 414720K, used 357427K [0x0000000740000000, 0x0000000759500000, 0x0000000795580000)
  object space 414720K, 86% used [0x0000000740000000,0x0000000755d0cc78,0x0000000759500000)
 Metaspace       used 18044K, capacity 18844K, committed 19200K, reserved 1064960K
  class space    used 2522K, capacity 2704K, committed 2816K, reserved 1048576K
}
Event: 14.400 GC heap before
{Heap before GC invocations=4 (full 0):
 PSYoungGen      total 38400K, used 34876K [0x0000000795580000, 0x0000000798000000, 0x00000007c0000000)
  eden space 33280K, 89% used [0x0000000795580000,0x0000000797296280,0x0000000797600000)
  from space 5120K, 99% used [0x0000000797600000,0x0000000797af8e70,0x0000000797b00000)
  to   space 5120K, 0% used [0x0000000797b00000,0x0000000797b00000,0x0000000798000000)
 ParOldGen       total 414720K, used 357427K [0x0000000740000000, 0x0000000759500000, 0x0000000795580000)
  object space 414720K, 86% used [0x0000000740000000,0x0000000755d0cc78,0x0000000759500000)
 Metaspace       used 18071K, capacity 18882K, committed 19200K, reserved 1064960K
  class space    used 2526K, capacity 2737K, committed 2816K, reserved 1048576K
Event: 14.416 GC heap after
Heap after GC invocations=4 (full 0):
 PSYoungGen      total 38400K, used 5091K [0x0000000795580000, 0x000000079a080000, 0x00000007c0000000)
  eden space 33280K, 0% used [0x0000000795580000,0x0000000795580000,0x0000000797600000)
  from space 5120K, 99% used [0x0000000797b00000,0x0000000797ff8e70,0x0000000798000000)
  to   space 5120K, 0% used [0x0000000797600000,0x0000000797600000,0x0000000797b00000)
 ParOldGen       total 414720K, used 376352K [0x0000000740000000, 0x0000000759500000, 0x0000000795580000)
  object space 414720K, 90% used [0x0000000740000000,0x0000000756f88028,0x0000000759500000)
 Metaspace       used 18071K, capacity 18882K, committed 19200K, reserved 1064960K
  class space    used 2526K, capacity 2737K, committed 2816K, reserved 1048576K
}
Event: 27.793 GC heap before
{Heap before GC invocations=5 (full 0):
 PSYoungGen      total 38400K, used 31763K [0x0000000795580000, 0x000000079a080000, 0x00000007c0000000)
  eden space 33280K, 80% used [0x0000000795580000,0x0000000796f8c0f8,0x0000000797600000)
  from space 5120K, 99% used [0x0000000797b00000,0x0000000797ff8e70,0x0000000798000000)
  to   space 5120K, 0% used [0x0000000797600000,0x0000000797600000,0x0000000797b00000)
 ParOldGen       total 414720K, used 376352K [0x0000000740000000, 0x0000000759500000, 0x0000000795580000)
  object space 414720K, 90% used [0x0000000740000000,0x0000000756f88028,0x0000000759500000)
 Metaspace       used 18581K, capacity 19532K, committed 19712K, reserved 1067008K
  class space    used 2550K, capacity 2813K, committed 2816K, reserved 1048576K
Event: 27.814 GC heap after
Heap after GC invocations=5 (full 0):
 PSYoungGen      total 38400K, used 5107K [0x0000000795580000, 0x000000079d780000, 0x00000007c0000000)
  eden space 33280K, 0% used [0x0000000795580000,0x0000000795580000,0x0000000797600000)
  from space 5120K, 99% used [0x0000000797600000,0x0000000797afcf00,0x0000000797b00000)
  to   space 33280K, 0% used [0x000000079b700000,0x000000079b700000,0x000000079d780000)
 ParOldGen       total 414720K, used 394342K [0x0000000740000000, 0x0000000759500000, 0x0000000795580000)
  object space 414720K, 95% used [0x0000000740000000,0x0000000758119bc8,0x0000000759500000)
 Metaspace       used 18581K, capacity 19532K, committed 19712K, reserved 1067008K
  class space    used 2550K, capacity 2813K, committed 2816K, reserved 1048576K
}
Event: 27.814 GC heap before
{Heap before GC invocations=6 (full 1):
 PSYoungGen      total 38400K, used 5107K [0x0000000795580000, 0x000000079d780000, 0x00000007c0000000)
  eden space 33280K, 0% used [0x0000000795580000,0x0000000795580000,0x0000000797600000)
  from space 5120K, 99% used [0x0000000797600000,0x0000000797afcf00,0x0000000797b00000)
  to   space 33280K, 0% used [0x000000079b700000,0x000000079b700000,0x000000079d780000)
 ParOldGen       total 414720K, used 394342K [0x0000000740000000, 0x0000000759500000, 0x0000000795580000)
  object space 414720K, 95% used [0x0000000740000000,0x0000000758119bc8,0x0000000759500000)
 Metaspace       used 18581K, capacity 19532K, committed 19712K, reserved 1067008K
  class space    used 2550K, capacity 2813K, committed 2816K, reserved 1048576K
Event: 27.900 GC heap after
Heap after GC invocations=6 (full 1):
 PSYoungGen      total 38400K, used 0K [0x0000000795580000, 0x000000079d780000, 0x00000007c0000000)
  eden space 33280K, 0% used [0x0000000795580000,0x0000000795580000,0x0000000797600000)
  from space 5120K, 0% used [0x0000000797600000,0x0000000797600000,0x0000000797b00000)
  to   space 33280K, 0% used [0x000000079b700000,0x000000079b700000,0x000000079d780000)
 ParOldGen       total 124928K, used 51217K [0x0000000740000000, 0x0000000747a00000, 0x0000000795580000)
  object space 124928K, 40% used [0x0000000740000000,0x0000000743204750,0x0000000747a00000)
 Metaspace       used 18581K, capacity 19532K, committed 19712K, reserved 1067008K
  class space    used 2550K, capacity 2813K, committed 2816K, reserved 1048576K
}
Event: 30.237 GC heap before
{Heap before GC invocations=7 (full 1):
 PSYoungGen      total 38400K, used 33280K [0x0000000795580000, 0x000000079d780000, 0x00000007c0000000)
  eden space 33280K, 100% used [0x0000000795580000,0x0000000797600000,0x0000000797600000)
  from space 5120K, 0% used [0x0000000797600000,0x0000000797600000,0x0000000797b00000)
  to   space 33280K, 0% used [0x000000079b700000,0x000000079b700000,0x000000079d780000)
 ParOldGen       total 124928K, used 51217K [0x0000000740000000, 0x0000000747a00000, 0x0000000795580000)
  object space 124928K, 40% used [0x0000000740000000,0x0000000743204750,0x0000000747a00000)
 Metaspace       used 18686K, capacity 19622K, committed 19712K, reserved 1067008K
  class space    used 2554K, capacity 2816K, committed 2816K, reserved 1048576K
Event: 30.251 GC heap after
Heap after GC invocations=7 (full 1):
 PSYoungGen      total 95744K, used 24134K [0x0000000795580000, 0x000000079d680000, 0x00000007c0000000)
  eden space 63488K, 0% used [0x0000000795580000,0x0000000795580000,0x0000000799380000)
  from space 32256K, 74% used [0x000000079b700000,0x000000079ce91a38,0x000000079d680000)
  to   space 34304K, 0% used [0x0000000799380000,0x0000000799380000,0x000000079b500000)
 ParOldGen       total 124928K, used 51225K [0x0000000740000000, 0x0000000747a00000, 0x0000000795580000)
  object space 124928K, 41% used [0x0000000740000000,0x0000000743206750,0x0000000747a00000)
 Metaspace       used 18686K, capacity 19622K, committed 19712K, reserved 1067008K
  class space    used 2554K, capacity 2816K, committed 2816K, reserved 1048576K
}

