# JRE version: Java(TM) SE Runtime Environment (8.0_45-b14) (build 1.8.0_45-b14)
# Java VM: Java HotSpot(TM) 64-Bit Server VM (25.45-b02 mixed mode bsd-amd64 compressed oops)
Heap:
 PSYoungGen      total 76288K, used 65478K [0x000000076ab00000, 0x0000000770000000, 0x00000007c0000000)
  eden space 65536K, 99% used [0x000000076ab00000,0x000000076eaf1970,0x000000076eb00000)
  from space 10752K, 0% used [0x000000076f580000,0x000000076f580000,0x0000000770000000)
  to   space 10752K, 0% used [0x000000076eb00000,0x000000076eb00000,0x000000076f580000)
 ParOldGen       total 254976K, used 142444K [0x00000006c0000000, 0x00000006cf900000, 0x000000076ab00000)
  object space 254976K, 55% used [0x00000006c0000000,0x00000006c8b1b228,0x00000006cf900000)
 Metaspace       used 19618K, capacity 20602K, committed 20864K, reserved 1067008K
  class space    used 2666K, capacity 2900K, committed 2944K, reserved 1048576K
GC Heap History (6 events):
Event: 7.680 GC heap before
{Heap before GC invocations=1 (full 0):
 PSYoungGen      total 76288K, used 61167K [0x000000076ab00000, 0x0000000770000000, 0x00000007c0000000)
  eden space 65536K, 93% used [0x000000076ab00000,0x000000076e6bbd60,0x000000076eb00000)
  from space 10752K, 0% used [0x000000076f580000,0x000000076f580000,0x0000000770000000)
  to   space 10752K, 0% used [0x000000076eb00000,0x000000076eb00000,0x000000076f580000)
 ParOldGen       total 175104K, used 108654K [0x00000006c0000000, 0x00000006cab00000, 0x000000076ab00000)
  object space 175104K, 62% used [0x00000006c0000000,0x00000006c6a1ba18,0x00000006cab00000)
 Metaspace       used 16386K, capacity 17140K, committed 17408K, reserved 1064960K
  class space    used 2255K, capacity 2449K, committed 2560K, reserved 1048576K
Event: 7.690 GC heap after
Heap after GC invocations=1 (full 0):
 PSYoungGen      total 76288K, used 10734K [0x000000076ab00000, 0x0000000770000000, 0x00000007c0000000)
  eden space 65536K, 0% used [0x000000076ab00000,0x000000076ab00000,0x000000076eb00000)
  from space 10752K, 99% used [0x000000076eb00000,0x000000076f57ba90,0x000000076f580000)
  to   space 10752K, 0% used [0x000000076f580000,0x000000076f580000,0x0000000770000000)
 ParOldGen       total 175104K, used 114839K [0x00000006c0000000, 0x00000006cab00000, 0x000000076ab00000)
  object space 175104K, 65% used [0x00000006c0000000,0x00000006c7025d88,0x00000006cab00000)
 Metaspace       used 16386K, capacity 17140K, committed 17408K, reserved 1064960K
  class space    used 2255K, capacity 2449K, committed 2560K, reserved 1048576K
}
Event: 18.781 GC heap before
{Heap before GC invocations=2 (full 0):
 PSYoungGen      total 76288K, used 74115K [0x000000076ab00000, 0x0000000770000000, 0x00000007c0000000)
  eden space 65536K, 96% used [0x000000076ab00000,0x000000076e8e5330,0x000000076eb00000)
  from space 10752K, 99% used [0x000000076eb00000,0x000000076f57ba90,0x000000076f580000)
  to   space 10752K, 0% used [0x000000076f580000,0x000000076f580000,0x0000000770000000)
 ParOldGen       total 393216K, used 332148K [0x00000006c0000000, 0x00000006d8000000, 0x000000076ab00000)
  object space 393216K, 84% used [0x00000006c0000000,0x00000006d445d1b8,0x00000006d8000000)
 Metaspace       used 18402K, capacity 19324K, committed 19456K, reserved 1067008K
  class space    used 2552K, capacity 2787K, committed 2816K, reserved 1048576K
Event: 18.799 GC heap after
Heap after GC invocations=2 (full 0):
 PSYoungGen      total 76288K, used 10747K [0x000000076ab00000, 0x0000000770000000, 0x00000007c0000000)
  eden space 65536K, 0% used [0x000000076ab00000,0x000000076ab00000,0x000000076eb00000)
  from space 10752K, 99% used [0x000000076f580000,0x000000076fffec50,0x0000000770000000)
  to   space 10752K, 0% used [0x000000076eb00000,0x000000076eb00000,0x000000076f580000)
 ParOldGen       total 393216K, used 359914K [0x00000006c0000000, 0x00000006d8000000, 0x000000076ab00000)
  object space 393216K, 91% used [0x00000006c0000000,0x00000006d5f7a9d8,0x00000006d8000000)
 Metaspace       used 18402K, capacity 19324K, committed 19456K, reserved 1067008K
  class space    used 2552K, capacity 2787K, committed 2816K, reserved 1048576K
}
Event: 18.799 GC heap before
{Heap before GC invocations=3 (full 1):
 PSYoungGen      total 76288K, used 10747K [0x000000076ab00000, 0x0000000770000000, 0x00000007c0000000)
  eden space 65536K, 0% used [0x000000076ab00000,0x000000076ab00000,0x000000076eb00000)
  from space 10752K, 99% used [0x000000076f580000,0x000000076fffec50,0x0000000770000000)
  to   space 10752K, 0% used [0x000000076eb00000,0x000000076eb00000,0x000000076f580000)
 ParOldGen       total 393216K, used 359914K [0x00000006c0000000, 0x00000006d8000000, 0x000000076ab00000)
  object space 393216K, 91% used [0x00000006c0000000,0x00000006d5f7a9d8,0x00000006d8000000)
 Metaspace       used 18402K, capacity 19324K, committed 19456K, reserved 1067008K
  class space    used 2552K, capacity 2787K, committed 2816K, reserved 1048576K
Event: 18.853 GC heap after
Heap after GC invocations=3 (full 1):
 PSYoungGen      total 76288K, used 0K [0x000000076ab00000, 0x0000000770000000, 0x00000007c0000000)
  eden space 65536K, 0% used [0x000000076ab00000,0x000000076ab00000,0x000000076eb00000)
  from space 10752K, 0% used [0x000000076f580000,0x000000076f580000,0x0000000770000000)
  to   space 10752K, 0% used [0x000000076eb00000,0x000000076eb00000,0x000000076f580000)
 ParOldGen       total 254976K, used 142444K [0x00000006c0000000, 0x00000006cf900000, 0x000000076ab00000)
  object space 254976K, 55% used [0x00000006c0000000,0x00000006c8b1b228,0x00000006cf900000)
 Metaspace       used 18402K, capacity 19324K, committed 19456K, reserved 1067008K
  class space    used 2552K, capacity 2787K, committed 2816K, reserved 1048576K
}

