# JRE version: Java(TM) SE Runtime Environment (8.0_45-b14) (build 1.8.0_45-b14)
# Java VM: Java HotSpot(TM) 64-Bit Server VM (25.45-b02 mixed mode bsd-amd64 compressed oops)
Heap:
 PSYoungGen      total 93696K, used 33671K [0x0000000795580000, 0x000000079d480000, 0x00000007c0000000)
  eden space 63488K, 18% used [0x0000000795580000,0x00000007960c3780,0x0000000799380000)
  from space 30208K, 73% used [0x000000079b700000,0x000000079cc9e5f8,0x000000079d480000)
  to   space 33280K, 0% used [0x0000000799380000,0x0000000799380000,0x000000079b400000)
 ParOldGen       total 118784K, used 45130K [0x0000000740000000, 0x0000000747400000, 0x0000000795580000)
  object space 118784K, 37% used [0x0000000740000000,0x0000000742c12b18,0x0000000747400000)
 Metaspace       used 18860K, capacity 19842K, committed 20096K, reserved 1067008K
  class space    used 2562K, capacity 2824K, committed 2944K, reserved 1048576K
GC Heap History (10 events):
Event: 17.426 GC heap before
{Heap before GC invocations=3 (full 0):
 PSYoungGen      total 38400K, used 38384K [0x0000000795580000, 0x0000000798000000, 0x00000007c0000000)
  eden space 33280K, 100% used [0x0000000795580000,0x0000000797600000,0x0000000797600000)
  from space 5120K, 99% used [0x0000000797b00000,0x0000000797ffc030,0x0000000798000000)
  to   space 5120K, 0% used [0x0000000797600000,0x0000000797600000,0x0000000797b00000)
 ParOldGen       total 414720K, used 343957K [0x0000000740000000, 0x0000000759500000, 0x0000000795580000)
  object space 414720K, 82% used [0x0000000740000000,0x0000000754fe54e8,0x0000000759500000)
 Metaspace       used 18081K, capacity 18852K, committed 19200K, reserved 1064960K
  class space    used 2524K, capacity 2704K, committed 2816K, reserved 1048576K
Event: 17.441 GC heap after
Heap after GC invocations=3 (full 0):
 PSYoungGen      total 38400K, used 5088K [0x0000000795580000, 0x0000000798000000, 0x00000007c0000000)
  eden space 33280K, 0% used [0x0000000795580000,0x0000000795580000,0x0000000797600000)
  from space 5120K, 99% used [0x0000000797600000,0x0000000797af8030,0x0000000797b00000)
  to   space 5120K, 0% used [0x0000000797b00000,0x0000000797b00000,0x0000000798000000)
 ParOldGen       total 414720K, used 357227K [0x0000000740000000, 0x0000000759500000, 0x0000000795580000)
  object space 414720K, 86% used [0x0000000740000000,0x0000000755cdae48,0x0000000759500000)
 Metaspace       used 18081K, capacity 18852K, committed 19200K, reserved 1064960K
  class space    used 2524K, capacity 2704K, committed 2816K, reserved 1048576K
}
Event: 17.592 GC heap before
{Heap before GC invocations=4 (full 0):
 PSYoungGen      total 38400K, used 35538K [0x0000000795580000, 0x0000000798000000, 0x00000007c0000000)
  eden space 33280K, 91% used [0x0000000795580000,0x000000079733c998,0x0000000797600000)
  from space 5120K, 99% used [0x0000000797600000,0x0000000797af8030,0x0000000797b00000)
  to   space 5120K, 0% used [0x0000000797b00000,0x0000000797b00000,0x0000000798000000)
 ParOldGen       total 414720K, used 357227K [0x0000000740000000, 0x0000000759500000, 0x0000000795580000)
  object space 414720K, 86% used [0x0000000740000000,0x0000000755cdae48,0x0000000759500000)
 Metaspace       used 18111K, capacity 18954K, committed 19200K, reserved 1064960K
  class space    used 2528K, capacity 2737K, committed 2816K, reserved 1048576K
Event: 17.608 GC heap after
Heap after GC invocations=4 (full 0):
 PSYoungGen      total 38400K, used 5088K [0x0000000795580000, 0x000000079a080000, 0x00000007c0000000)
  eden space 33280K, 0% used [0x0000000795580000,0x0000000795580000,0x0000000797600000)
  from space 5120K, 99% used [0x0000000797b00000,0x0000000797ff8030,0x0000000798000000)
  to   space 5120K, 0% used [0x0000000797600000,0x0000000797600000,0x0000000797b00000)
 ParOldGen       total 414720K, used 376120K [0x0000000740000000, 0x0000000759500000, 0x0000000795580000)
  object space 414720K, 90% used [0x0000000740000000,0x0000000756f4e1f8,0x0000000759500000)
 Metaspace       used 18111K, capacity 18954K, committed 19200K, reserved 1064960K
  class space    used 2528K, capacity 2737K, committed 2816K, reserved 1048576K
}
Event: 30.536 GC heap before
{Heap before GC invocations=5 (full 0):
 PSYoungGen      total 38400K, used 32048K [0x0000000795580000, 0x000000079a080000, 0x00000007c0000000)
  eden space 33280K, 81% used [0x0000000795580000,0x0000000796fd4160,0x0000000797600000)
  from space 5120K, 99% used [0x0000000797b00000,0x0000000797ff8030,0x0000000798000000)
  to   space 5120K, 0% used [0x0000000797600000,0x0000000797600000,0x0000000797b00000)
 ParOldGen       total 414720K, used 376120K [0x0000000740000000, 0x0000000759500000, 0x0000000795580000)
  object space 414720K, 90% used [0x0000000740000000,0x0000000756f4e1f8,0x0000000759500000)
 Metaspace       used 18585K, capacity 19532K, committed 19712K, reserved 1067008K
  class space    used 2552K, capacity 2813K, committed 2816K, reserved 1048576K
Event: 30.557 GC heap after
Heap after GC invocations=5 (full 0):
 PSYoungGen      total 38400K, used 5088K [0x0000000795580000, 0x000000079d780000, 0x00000007c0000000)
  eden space 33280K, 0% used [0x0000000795580000,0x0000000795580000,0x0000000797600000)
  from space 5120K, 99% used [0x0000000797600000,0x0000000797af8140,0x0000000797b00000)
  to   space 33280K, 0% used [0x000000079b700000,0x000000079b700000,0x000000079d780000)
 ParOldGen       total 414720K, used 394262K [0x0000000740000000, 0x0000000759500000, 0x0000000795580000)
  object space 414720K, 95% used [0x0000000740000000,0x0000000758105908,0x0000000759500000)
 Metaspace       used 18585K, capacity 19532K, committed 19712K, reserved 1067008K
  class space    used 2552K, capacity 2813K, committed 2816K, reserved 1048576K
}
Event: 30.557 GC heap before
{Heap before GC invocations=6 (full 1):
 PSYoungGen      total 38400K, used 5088K [0x0000000795580000, 0x000000079d780000, 0x00000007c0000000)
  eden space 33280K, 0% used [0x0000000795580000,0x0000000795580000,0x0000000797600000)
  from space 5120K, 99% used [0x0000000797600000,0x0000000797af8140,0x0000000797b00000)
  to   space 33280K, 0% used [0x000000079b700000,0x000000079b700000,0x000000079d780000)
 ParOldGen       total 414720K, used 394262K [0x0000000740000000, 0x0000000759500000, 0x0000000795580000)
  object space 414720K, 95% used [0x0000000740000000,0x0000000758105908,0x0000000759500000)
 Metaspace       used 18585K, capacity 19532K, committed 19712K, reserved 1067008K
  class space    used 2552K, capacity 2813K, committed 2816K, reserved 1048576K
Event: 30.621 GC heap after
Heap after GC invocations=6 (full 1):
 PSYoungGen      total 38400K, used 0K [0x0000000795580000, 0x000000079d780000, 0x00000007c0000000)
  eden space 33280K, 0% used [0x0000000795580000,0x0000000795580000,0x0000000797600000)
  from space 5120K, 0% used [0x0000000797600000,0x0000000797600000,0x0000000797b00000)
  to   space 33280K, 0% used [0x000000079b700000,0x000000079b700000,0x000000079d780000)
 ParOldGen       total 118784K, used 45122K [0x0000000740000000, 0x0000000747400000, 0x0000000795580000)
  object space 118784K, 37% used [0x0000000740000000,0x0000000742c10b18,0x0000000747400000)
 Metaspace       used 18585K, capacity 19532K, committed 19712K, reserved 1067008K
  class space    used 2552K, capacity 2813K, committed 2816K, reserved 1048576K
}
Event: 33.264 GC heap before
{Heap before GC invocations=7 (full 1):
 PSYoungGen      total 38400K, used 31484K [0x0000000795580000, 0x000000079d780000, 0x00000007c0000000)
  eden space 33280K, 94% used [0x0000000795580000,0x000000079743f0e8,0x0000000797600000)
  from space 5120K, 0% used [0x0000000797600000,0x0000000797600000,0x0000000797b00000)
  to   space 33280K, 0% used [0x000000079b700000,0x000000079b700000,0x000000079d780000)
 ParOldGen       total 118784K, used 45122K [0x0000000740000000, 0x0000000747400000, 0x0000000795580000)
  object space 118784K, 37% used [0x0000000740000000,0x0000000742c10b18,0x0000000747400000)
 Metaspace       used 18699K, capacity 19682K, committed 19712K, reserved 1067008K
  class space    used 2556K, capacity 2816K, committed 2816K, reserved 1048576K
Event: 33.277 GC heap after
Heap after GC invocations=7 (full 1):
 PSYoungGen      total 93696K, used 22137K [0x0000000795580000, 0x000000079d480000, 0x00000007c0000000)
  eden space 63488K, 0% used [0x0000000795580000,0x0000000795580000,0x0000000799380000)
  from space 30208K, 73% used [0x000000079b700000,0x000000079cc9e5f8,0x000000079d480000)
  to   space 33280K, 0% used [0x0000000799380000,0x0000000799380000,0x000000079b400000)
 ParOldGen       total 118784K, used 45130K [0x0000000740000000, 0x0000000747400000, 0x0000000795580000)
  object space 118784K, 37% used [0x0000000740000000,0x0000000742c12b18,0x0000000747400000)
 Metaspace       used 18699K, capacity 19682K, committed 19712K, reserved 1067008K
  class space    used 2556K, capacity 2816K, committed 2816K, reserved 1048576K
}

