# JRE version: Java(TM) SE Runtime Environment (8.0_45-b14) (build 1.8.0_45-b14)
# Java VM: Java HotSpot(TM) 64-Bit Server VM (25.45-b02 mixed mode bsd-amd64 compressed oops)
Heap:
 PSYoungGen      total 76288K, used 63178K [0x000000076ab00000, 0x0000000770000000, 0x00000007c0000000)
  eden space 65536K, 96% used [0x000000076ab00000,0x000000076e8b2a30,0x000000076eb00000)
  from space 10752K, 0% used [0x000000076f580000,0x000000076f580000,0x0000000770000000)
  to   space 10752K, 0% used [0x000000076eb00000,0x000000076eb00000,0x000000076f580000)
 ParOldGen       total 252928K, used 144913K [0x00000006c0000000, 0x00000006cf700000, 0x000000076ab00000)
  object space 252928K, 57% used [0x00000006c0000000,0x00000006c8d847c8,0x00000006cf700000)
 Metaspace       used 19729K, capacity 20698K, committed 20864K, reserved 1067008K
  class space    used 2681K, capacity 2932K, committed 2944K, reserved 1048576K
GC Heap History (6 events):
Event: 8.384 GC heap before
{Heap before GC invocations=1 (full 0):
 PSYoungGen      total 76288K, used 61167K [0x000000076ab00000, 0x0000000770000000, 0x00000007c0000000)
  eden space 65536K, 93% used [0x000000076ab00000,0x000000076e6bbf30,0x000000076eb00000)
  from space 10752K, 0% used [0x000000076f580000,0x000000076f580000,0x0000000770000000)
  to   space 10752K, 0% used [0x000000076eb00000,0x000000076eb00000,0x000000076f580000)
 ParOldGen       total 175104K, used 108654K [0x00000006c0000000, 0x00000006cab00000, 0x000000076ab00000)
  object space 175104K, 62% used [0x00000006c0000000,0x00000006c6a1ba18,0x00000006cab00000)
 Metaspace       used 16307K, capacity 17012K, committed 17152K, reserved 1064960K
  class space    used 2248K, capacity 2449K, committed 2560K, reserved 1048576K
Event: 8.394 GC heap after
Heap after GC invocations=1 (full 0):
 PSYoungGen      total 76288K, used 10734K [0x000000076ab00000, 0x0000000770000000, 0x00000007c0000000)
  eden space 65536K, 0% used [0x000000076ab00000,0x000000076ab00000,0x000000076eb00000)
  from space 10752K, 99% used [0x000000076eb00000,0x000000076f57bab0,0x000000076f580000)
  to   space 10752K, 0% used [0x000000076f580000,0x000000076f580000,0x0000000770000000)
 ParOldGen       total 175104K, used 114819K [0x00000006c0000000, 0x00000006cab00000, 0x000000076ab00000)
  object space 175104K, 65% used [0x00000006c0000000,0x00000006c7020d88,0x00000006cab00000)
 Metaspace       used 16307K, capacity 17012K, committed 17152K, reserved 1064960K
  class space    used 2248K, capacity 2449K, committed 2560K, reserved 1048576K
}
Event: 21.612 GC heap before
{Heap before GC invocations=2 (full 0):
 PSYoungGen      total 76288K, used 70593K [0x000000076ab00000, 0x0000000770000000, 0x00000007c0000000)
  eden space 65536K, 91% used [0x000000076ab00000,0x000000076e574958,0x000000076eb00000)
  from space 10752K, 99% used [0x000000076eb00000,0x000000076f57bab0,0x000000076f580000)
  to   space 10752K, 0% used [0x000000076f580000,0x000000076f580000,0x0000000770000000)
 ParOldGen       total 393216K, used 332128K [0x00000006c0000000, 0x00000006d8000000, 0x000000076ab00000)
  object space 393216K, 84% used [0x00000006c0000000,0x00000006d44581b8,0x00000006d8000000)
 Metaspace       used 18540K, capacity 19416K, committed 19584K, reserved 1067008K
  class space    used 2559K, capacity 2819K, committed 2944K, reserved 1048576K
Event: 21.629 GC heap after
Heap after GC invocations=2 (full 0):
 PSYoungGen      total 76288K, used 10731K [0x000000076ab00000, 0x0000000770000000, 0x00000007c0000000)
  eden space 65536K, 0% used [0x000000076ab00000,0x000000076ab00000,0x000000076eb00000)
  from space 10752K, 99% used [0x000000076f580000,0x000000076fffac40,0x0000000770000000)
  to   space 10752K, 0% used [0x000000076eb00000,0x000000076eb00000,0x000000076f580000)
 ParOldGen       total 393216K, used 356303K [0x00000006c0000000, 0x00000006d8000000, 0x000000076ab00000)
  object space 393216K, 90% used [0x00000006c0000000,0x00000006d5bf3c78,0x00000006d8000000)
 Metaspace       used 18540K, capacity 19416K, committed 19584K, reserved 1067008K
  class space    used 2559K, capacity 2819K, committed 2944K, reserved 1048576K
}
Event: 21.629 GC heap before
{Heap before GC invocations=3 (full 1):
 PSYoungGen      total 76288K, used 10731K [0x000000076ab00000, 0x0000000770000000, 0x00000007c0000000)
  eden space 65536K, 0% used [0x000000076ab00000,0x000000076ab00000,0x000000076eb00000)
  from space 10752K, 99% used [0x000000076f580000,0x000000076fffac40,0x0000000770000000)
  to   space 10752K, 0% used [0x000000076eb00000,0x000000076eb00000,0x000000076f580000)
 ParOldGen       total 393216K, used 356303K [0x00000006c0000000, 0x00000006d8000000, 0x000000076ab00000)
  object space 393216K, 90% used [0x00000006c0000000,0x00000006d5bf3c78,0x00000006d8000000)
 Metaspace       used 18540K, capacity 19416K, committed 19584K, reserved 1067008K
  class space    used 2559K, capacity 2819K, committed 2944K, reserved 1048576K
Event: 21.689 GC heap after
Heap after GC invocations=3 (full 1):
 PSYoungGen      total 76288K, used 0K [0x000000076ab00000, 0x0000000770000000, 0x00000007c0000000)
  eden space 65536K, 0% used [0x000000076ab00000,0x000000076ab00000,0x000000076eb00000)
  from space 10752K, 0% used [0x000000076f580000,0x000000076f580000,0x0000000770000000)
  to   space 10752K, 0% used [0x000000076eb00000,0x000000076eb00000,0x000000076f580000)
 ParOldGen       total 252928K, used 144913K [0x00000006c0000000, 0x00000006cf700000, 0x000000076ab00000)
  object space 252928K, 57% used [0x00000006c0000000,0x00000006c8d847c8,0x00000006cf700000)
 Metaspace       used 18540K, capacity 19416K, committed 19584K, reserved 1067008K
  class space    used 2559K, capacity 2819K, committed 2944K, reserved 1048576K
}

