# JRE version: Java(TM) SE Runtime Environment (8.0_45-b14) (build 1.8.0_45-b14)
# Java VM: Java HotSpot(TM) 64-Bit Server VM (25.45-b02 mixed mode bsd-amd64 compressed oops)
Heap:
 PSYoungGen      total 38400K, used 31611K [0x0000000795580000, 0x000000079a080000, 0x00000007c0000000)
  eden space 33280K, 79% used [0x0000000795580000,0x0000000796f7e4a8,0x0000000797600000)
  from space 5120K, 97% used [0x0000000797b00000,0x0000000797fe0ab0,0x0000000798000000)
  to   space 5120K, 0% used [0x0000000797600000,0x0000000797600000,0x0000000797b00000)
 ParOldGen       total 414720K, used 376266K [0x0000000740000000, 0x0000000759500000, 0x0000000795580000)
  object space 414720K, 90% used [0x0000000740000000,0x0000000756f72b58,0x0000000759500000)
 Metaspace       used 18738K, capacity 19710K, committed 19968K, reserved 1067008K
  class space    used 2566K, capacity 2794K, committed 2816K, reserved 1048576K
GC Heap History (8 events):
Event: 2.507 GC heap before
{Heap before GC invocations=1 (full 0):
 PSYoungGen      total 38400K, used 33280K [0x0000000795580000, 0x0000000798000000, 0x00000007c0000000)
  eden space 33280K, 100% used [0x0000000795580000,0x0000000797600000,0x0000000797600000)
  from space 5120K, 0% used [0x0000000797b00000,0x0000000797b00000,0x0000000798000000)
  to   space 5120K, 0% used [0x0000000797600000,0x0000000797600000,0x0000000797b00000)
 ParOldGen       total 196608K, used 108654K [0x0000000740000000, 0x000000074c000000, 0x0000000795580000)
  object space 196608K, 55% used [0x0000000740000000,0x0000000746a1ba18,0x000000074c000000)
 Metaspace       used 11311K, capacity 11708K, committed 11904K, reserved 1058816K
  class space    used 1465K, capacity 1565K, committed 1664K, reserved 1048576K
Event: 2.515 GC heap after
Heap after GC invocations=1 (full 0):
 PSYoungGen      total 38400K, used 3872K [0x0000000795580000, 0x0000000798000000, 0x00000007c0000000)
  eden space 33280K, 0% used [0x0000000795580000,0x0000000795580000,0x0000000797600000)
  from space 5120K, 75% used [0x0000000797600000,0x00000007979c8020,0x0000000797b00000)
  to   space 5120K, 0% used [0x0000000797b00000,0x0000000797b00000,0x0000000798000000)
 ParOldGen       total 196608K, used 114809K [0x0000000740000000, 0x000000074c000000, 0x0000000795580000)
  object space 196608K, 58% used [0x0000000740000000,0x000000074701e638,0x000000074c000000)
 Metaspace       used 11311K, capacity 11708K, committed 11904K, reserved 1058816K
  class space    used 1465K, capacity 1565K, committed 1664K, reserved 1048576K
}
Event: 9.434 GC heap before
{Heap before GC invocations=2 (full 0):
 PSYoungGen      total 38400K, used 37152K [0x0000000795580000, 0x0000000798000000, 0x00000007c0000000)
  eden space 33280K, 100% used [0x0000000795580000,0x0000000797600000,0x0000000797600000)
  from space 5120K, 75% used [0x0000000797600000,0x00000007979c8020,0x0000000797b00000)
  to   space 5120K, 0% used [0x0000000797b00000,0x0000000797b00000,0x0000000798000000)
 ParOldGen       total 305664K, used 223464K [0x0000000740000000, 0x0000000752a80000, 0x0000000795580000)
  object space 305664K, 73% used [0x0000000740000000,0x000000074da3a050,0x0000000752a80000)
 Metaspace       used 16992K, capacity 17812K, committed 18048K, reserved 1064960K
  class space    used 2449K, capacity 2649K, committed 2688K, reserved 1048576K
Event: 9.448 GC heap after
Heap after GC invocations=2 (full 0):
 PSYoungGen      total 38400K, used 5104K [0x0000000795580000, 0x0000000798000000, 0x00000007c0000000)
  eden space 33280K, 0% used [0x0000000795580000,0x0000000795580000,0x0000000797600000)
  from space 5120K, 99% used [0x0000000797b00000,0x0000000797ffc030,0x0000000798000000)
  to   space 5120K, 0% used [0x0000000797600000,0x0000000797600000,0x0000000797b00000)
 ParOldGen       total 305664K, used 235294K [0x0000000740000000, 0x0000000752a80000, 0x0000000795580000)
  object space 305664K, 76% used [0x0000000740000000,0x000000074e5c7ad0,0x0000000752a80000)
 Metaspace       used 16992K, capacity 17812K, committed 18048K, reserved 1064960K
  class space    used 2449K, capacity 2649K, committed 2688K, reserved 1048576K
}
Event: 17.484 GC heap before
{Heap before GC invocations=3 (full 0):
 PSYoungGen      total 38400K, used 38384K [0x0000000795580000, 0x0000000798000000, 0x00000007c0000000)
  eden space 33280K, 100% used [0x0000000795580000,0x0000000797600000,0x0000000797600000)
  from space 5120K, 99% used [0x0000000797b00000,0x0000000797ffc030,0x0000000798000000)
  to   space 5120K, 0% used [0x0000000797600000,0x0000000797600000,0x0000000797b00000)
 ParOldGen       total 414720K, used 343949K [0x0000000740000000, 0x0000000759500000, 0x0000000795580000)
  object space 414720K, 82% used [0x0000000740000000,0x0000000754fe34e8,0x0000000759500000)
 Metaspace       used 18115K, capacity 18956K, committed 19200K, reserved 1064960K
  class space    used 2526K, capacity 2710K, committed 2816K, reserved 1048576K
Event: 17.497 GC heap after
Heap after GC invocations=3 (full 0):
 PSYoungGen      total 38400K, used 5088K [0x0000000795580000, 0x0000000798000000, 0x00000007c0000000)
  eden space 33280K, 0% used [0x0000000795580000,0x0000000795580000,0x0000000797600000)
  from space 5120K, 99% used [0x0000000797600000,0x0000000797af8030,0x0000000797b00000)
  to   space 5120K, 0% used [0x0000000797b00000,0x0000000797b00000,0x0000000798000000)
 ParOldGen       total 414720K, used 357205K [0x0000000740000000, 0x0000000759500000, 0x0000000795580000)
  object space 414720K, 86% used [0x0000000740000000,0x0000000755cd5798,0x0000000759500000)
 Metaspace       used 18115K, capacity 18956K, committed 19200K, reserved 1064960K
  class space    used 2526K, capacity 2710K, committed 2816K, reserved 1048576K
}
Event: 17.654 GC heap before
{Heap before GC invocations=4 (full 0):
 PSYoungGen      total 38400K, used 35544K [0x0000000795580000, 0x0000000798000000, 0x00000007c0000000)
  eden space 33280K, 91% used [0x0000000795580000,0x000000079733e170,0x0000000797600000)
  from space 5120K, 99% used [0x0000000797600000,0x0000000797af8030,0x0000000797b00000)
  to   space 5120K, 0% used [0x0000000797b00000,0x0000000797b00000,0x0000000798000000)
 ParOldGen       total 414720K, used 357205K [0x0000000740000000, 0x0000000759500000, 0x0000000795580000)
  object space 414720K, 86% used [0x0000000740000000,0x0000000755cd5798,0x0000000759500000)
 Metaspace       used 18178K, capacity 18994K, committed 19200K, reserved 1064960K
  class space    used 2539K, capacity 2743K, committed 2816K, reserved 1048576K
Event: 17.670 GC heap after
Heap after GC invocations=4 (full 0):
 PSYoungGen      total 38400K, used 4994K [0x0000000795580000, 0x000000079a080000, 0x00000007c0000000)
  eden space 33280K, 0% used [0x0000000795580000,0x0000000795580000,0x0000000797600000)
  from space 5120K, 97% used [0x0000000797b00000,0x0000000797fe0ab0,0x0000000798000000)
  to   space 5120K, 0% used [0x0000000797600000,0x0000000797600000,0x0000000797b00000)
 ParOldGen       total 414720K, used 376266K [0x0000000740000000, 0x0000000759500000, 0x0000000795580000)
  object space 414720K, 90% used [0x0000000740000000,0x0000000756f72b58,0x0000000759500000)
 Metaspace       used 18178K, capacity 18994K, committed 19200K, reserved 1064960K
  class space    used 2539K, capacity 2743K, committed 2816K, reserved 1048576K
}

