# JRE version: Java(TM) SE Runtime Environment (8.0_45-b14) (build 1.8.0_45-b14)
# Java VM: Java HotSpot(TM) 64-Bit Server VM (25.45-b02 mixed mode bsd-amd64 compressed oops)
Heap:
 PSYoungGen      total 95744K, used 78411K [0x0000000795580000, 0x00000007a1500000, 0x00000007c0000000)
  eden space 62976K, 72% used [0x0000000795580000,0x00000007982489f0,0x0000000799300000)
  from space 32768K, 99% used [0x0000000799300000,0x000000079b2ca430,0x000000079b300000)
  to   space 38912K, 0% used [0x000000079ef00000,0x000000079ef00000,0x00000007a1500000)
 ParOldGen       total 118784K, used 70971K [0x0000000740000000, 0x0000000747400000, 0x0000000795580000)
  object space 118784K, 59% used [0x0000000740000000,0x000000074454eff8,0x0000000747400000)
 Metaspace       used 19307K, capacity 20318K, committed 20608K, reserved 1067008K
  class space    used 2587K, capacity 2836K, committed 2944K, reserved 1048576K
GC Heap History (10 events):
Event: 17.895 GC heap before
{Heap before GC invocations=4 (full 0):
 PSYoungGen      total 38400K, used 34876K [0x0000000795580000, 0x0000000798000000, 0x00000007c0000000)
  eden space 33280K, 89% used [0x0000000795580000,0x00000007972964f0,0x0000000797600000)
  from space 5120K, 99% used [0x0000000797600000,0x0000000797af8e60,0x0000000797b00000)
  to   space 5120K, 0% used [0x0000000797b00000,0x0000000797b00000,0x0000000798000000)
 ParOldGen       total 414720K, used 357373K [0x0000000740000000, 0x0000000759500000, 0x0000000795580000)
  object space 414720K, 86% used [0x0000000740000000,0x0000000755cff478,0x0000000759500000)
 Metaspace       used 18226K, capacity 19050K, committed 19200K, reserved 1064960K
  class space    used 2545K, capacity 2769K, committed 2816K, reserved 1048576K
Event: 17.911 GC heap after
Heap after GC invocations=4 (full 0):
 PSYoungGen      total 38400K, used 5027K [0x0000000795580000, 0x000000079a080000, 0x00000007c0000000)
  eden space 33280K, 0% used [0x0000000795580000,0x0000000795580000,0x0000000797600000)
  from space 5120K, 98% used [0x0000000797b00000,0x0000000797fe8e50,0x0000000798000000)
  to   space 5120K, 0% used [0x0000000797600000,0x0000000797600000,0x0000000797b00000)
 ParOldGen       total 414720K, used 376426K [0x0000000740000000, 0x0000000759500000, 0x0000000795580000)
  object space 414720K, 90% used [0x0000000740000000,0x0000000756f9a838,0x0000000759500000)
 Metaspace       used 18226K, capacity 19050K, committed 19200K, reserved 1064960K
  class space    used 2545K, capacity 2769K, committed 2816K, reserved 1048576K
}
Event: 27.891 GC heap before
{Heap before GC invocations=5 (full 0):
 PSYoungGen      total 38400K, used 31700K [0x0000000795580000, 0x000000079a080000, 0x00000007c0000000)
  eden space 33280K, 80% used [0x0000000795580000,0x0000000796f8c350,0x0000000797600000)
  from space 5120K, 98% used [0x0000000797b00000,0x0000000797fe8e50,0x0000000798000000)
  to   space 5120K, 0% used [0x0000000797600000,0x0000000797600000,0x0000000797b00000)
 ParOldGen       total 414720K, used 376426K [0x0000000740000000, 0x0000000759500000, 0x0000000795580000)
  object space 414720K, 90% used [0x0000000740000000,0x0000000756f9a838,0x0000000759500000)
 Metaspace       used 18724K, capacity 19660K, committed 19712K, reserved 1067008K
  class space    used 2569K, capacity 2813K, committed 2816K, reserved 1048576K
Event: 27.913 GC heap after
Heap after GC invocations=5 (full 0):
 PSYoungGen      total 38400K, used 5088K [0x0000000795580000, 0x000000079d180000, 0x00000007c0000000)
  eden space 33280K, 0% used [0x0000000795580000,0x0000000795580000,0x0000000797600000)
  from space 5120K, 99% used [0x0000000797600000,0x0000000797af8120,0x0000000797b00000)
  to   space 30208K, 0% used [0x000000079b400000,0x000000079b400000,0x000000079d180000)
 ParOldGen       total 414720K, used 394384K [0x0000000740000000, 0x0000000759500000, 0x0000000795580000)
  object space 414720K, 95% used [0x0000000740000000,0x0000000758124148,0x0000000759500000)
 Metaspace       used 18724K, capacity 19660K, committed 19712K, reserved 1067008K
  class space    used 2569K, capacity 2813K, committed 2816K, reserved 1048576K
}
Event: 27.913 GC heap before
{Heap before GC invocations=6 (full 1):
 PSYoungGen      total 38400K, used 5088K [0x0000000795580000, 0x000000079d180000, 0x00000007c0000000)
  eden space 33280K, 0% used [0x0000000795580000,0x0000000795580000,0x0000000797600000)
  from space 5120K, 99% used [0x0000000797600000,0x0000000797af8120,0x0000000797b00000)
  to   space 30208K, 0% used [0x000000079b400000,0x000000079b400000,0x000000079d180000)
 ParOldGen       total 414720K, used 394384K [0x0000000740000000, 0x0000000759500000, 0x0000000795580000)
  object space 414720K, 95% used [0x0000000740000000,0x0000000758124148,0x0000000759500000)
 Metaspace       used 18724K, capacity 19660K, committed 19712K, reserved 1067008K
  class space    used 2569K, capacity 2813K, committed 2816K, reserved 1048576K
Event: 27.976 GC heap after
Heap after GC invocations=6 (full 1):
 PSYoungGen      total 38400K, used 0K [0x0000000795580000, 0x000000079d180000, 0x00000007c0000000)
  eden space 33280K, 0% used [0x0000000795580000,0x0000000795580000,0x0000000797600000)
  from space 5120K, 0% used [0x0000000797600000,0x0000000797600000,0x0000000797b00000)
  to   space 30208K, 0% used [0x000000079b400000,0x000000079b400000,0x000000079d180000)
 ParOldGen       total 118784K, used 45171K [0x0000000740000000, 0x0000000747400000, 0x0000000795580000)
  object space 118784K, 38% used [0x0000000740000000,0x0000000742c1cf18,0x0000000747400000)
 Metaspace       used 18724K, capacity 19660K, committed 19712K, reserved 1067008K
  class space    used 2569K, capacity 2813K, committed 2816K, reserved 1048576K
}
Event: 36.596 GC heap before
{Heap before GC invocations=7 (full 1):
 PSYoungGen      total 38400K, used 33213K [0x0000000795580000, 0x000000079d180000, 0x00000007c0000000)
  eden space 33280K, 99% used [0x0000000795580000,0x00000007975ef6f0,0x0000000797600000)
  from space 5120K, 0% used [0x0000000797600000,0x0000000797600000,0x0000000797b00000)
  to   space 30208K, 0% used [0x000000079b400000,0x000000079b400000,0x000000079d180000)
 ParOldGen       total 118784K, used 45171K [0x0000000740000000, 0x0000000747400000, 0x0000000795580000)
  object space 118784K, 38% used [0x0000000740000000,0x0000000742c1cf18,0x0000000747400000)
 Metaspace       used 18923K, capacity 19814K, committed 19968K, reserved 1067008K
  class space    used 2573K, capacity 2816K, committed 2816K, reserved 1048576K
Event: 36.609 GC heap after
Heap after GC invocations=7 (full 1):
 PSYoungGen      total 93184K, used 22137K [0x0000000795580000, 0x000000079d300000, 0x00000007c0000000)
  eden space 62976K, 0% used [0x0000000795580000,0x0000000795580000,0x0000000799300000)
  from space 30208K, 73% used [0x000000079b400000,0x000000079c99e5f8,0x000000079d180000)
  to   space 32768K, 0% used [0x0000000799300000,0x0000000799300000,0x000000079b300000)
 ParOldGen       total 118784K, used 45179K [0x0000000740000000, 0x0000000747400000, 0x0000000795580000)
  object space 118784K, 38% used [0x0000000740000000,0x0000000742c1ef18,0x0000000747400000)
 Metaspace       used 18923K, capacity 19814K, committed 19968K, reserved 1067008K
  class space    used 2573K, capacity 2816K, committed 2816K, reserved 1048576K
}
Event: 44.637 GC heap before
{Heap before GC invocations=8 (full 1):
 PSYoungGen      total 93184K, used 85113K [0x0000000795580000, 0x000000079d300000, 0x00000007c0000000)
  eden space 62976K, 100% used [0x0000000795580000,0x0000000799300000,0x0000000799300000)
  from space 30208K, 73% used [0x000000079b400000,0x000000079c99e5f8,0x000000079d180000)
  to   space 32768K, 0% used [0x0000000799300000,0x0000000799300000,0x000000079b300000)
 ParOldGen       total 118784K, used 45179K [0x0000000740000000, 0x0000000747400000, 0x0000000795580000)
  object space 118784K, 38% used [0x0000000740000000,0x0000000742c1ef18,0x0000000747400000)
 Metaspace       used 19101K, capacity 20084K, committed 20352K, reserved 1067008K
  class space    used 2574K, capacity 2817K, committed 2944K, reserved 1048576K
Event: 44.680 GC heap after
Heap after GC invocations=8 (full 1):
 PSYoungGen      total 95744K, used 32553K [0x0000000795580000, 0x00000007a1500000, 0x00000007c0000000)
  eden space 62976K, 0% used [0x0000000795580000,0x0000000795580000,0x0000000799300000)
  from space 32768K, 99% used [0x0000000799300000,0x000000079b2ca430,0x000000079b300000)
  to   space 38912K, 0% used [0x000000079ef00000,0x000000079ef00000,0x00000007a1500000)
 ParOldGen       total 118784K, used 70971K [0x0000000740000000, 0x0000000747400000, 0x0000000795580000)
  object space 118784K, 59% used [0x0000000740000000,0x000000074454eff8,0x0000000747400000)
 Metaspace       used 19101K, capacity 20084K, committed 20352K, reserved 1067008K
  class space    used 2574K, capacity 2817K, committed 2944K, reserved 1048576K
}

