# JRE version: Java(TM) SE Runtime Environment (8.0_45-b14) (build 1.8.0_45-b14)
# Java VM: Java HotSpot(TM) 64-Bit Server VM (25.45-b02 mixed mode bsd-amd64 compressed oops)
Heap:
 PSYoungGen      total 38400K, used 33982K [0x0000000795580000, 0x000000079a080000, 0x00000007c0000000)
  eden space 33280K, 86% used [0x0000000795580000,0x00000007971b39f8,0x0000000797600000)
  from space 5120K, 99% used [0x0000000797b00000,0x0000000797ffc030,0x0000000798000000)
  to   space 5120K, 0% used [0x0000000797600000,0x0000000797600000,0x0000000797b00000)
 ParOldGen       total 414720K, used 376183K [0x0000000740000000, 0x0000000759500000, 0x0000000795580000)
  object space 414720K, 90% used [0x0000000740000000,0x0000000756f5de20,0x0000000759500000)
 Metaspace       used 18961K, capacity 19842K, committed 19968K, reserved 1067008K
  class space    used 2582K, capacity 2794K, committed 2816K, reserved 1048576K
GC Heap History (8 events):
Event: 3.139 GC heap before
{Heap before GC invocations=1 (full 0):
 PSYoungGen      total 38400K, used 33280K [0x0000000795580000, 0x0000000798000000, 0x00000007c0000000)
  eden space 33280K, 100% used [0x0000000795580000,0x0000000797600000,0x0000000797600000)
  from space 5120K, 0% used [0x0000000797b00000,0x0000000797b00000,0x0000000798000000)
  to   space 5120K, 0% used [0x0000000797600000,0x0000000797600000,0x0000000797b00000)
 ParOldGen       total 196608K, used 108654K [0x0000000740000000, 0x000000074c000000, 0x0000000795580000)
  object space 196608K, 55% used [0x0000000740000000,0x0000000746a1ba18,0x000000074c000000)
 Metaspace       used 11338K, capacity 11708K, committed 11904K, reserved 1058816K
  class space    used 1465K, capacity 1565K, committed 1664K, reserved 1048576K
Event: 3.156 GC heap after
Heap after GC invocations=1 (full 0):
 PSYoungGen      total 38400K, used 3808K [0x0000000795580000, 0x0000000798000000, 0x00000007c0000000)
  eden space 33280K, 0% used [0x0000000795580000,0x0000000795580000,0x0000000797600000)
  from space 5120K, 74% used [0x0000000797600000,0x00000007979b8040,0x0000000797b00000)
  to   space 5120K, 0% used [0x0000000797b00000,0x0000000797b00000,0x0000000798000000)
 ParOldGen       total 196608K, used 114809K [0x0000000740000000, 0x000000074c000000, 0x0000000795580000)
  object space 196608K, 58% used [0x0000000740000000,0x000000074701e638,0x000000074c000000)
 Metaspace       used 11338K, capacity 11708K, committed 11904K, reserved 1058816K
  class space    used 1465K, capacity 1565K, committed 1664K, reserved 1048576K
}
Event: 18.386 GC heap before
{Heap before GC invocations=2 (full 0):
 PSYoungGen      total 38400K, used 37088K [0x0000000795580000, 0x0000000798000000, 0x00000007c0000000)
  eden space 33280K, 100% used [0x0000000795580000,0x0000000797600000,0x0000000797600000)
  from space 5120K, 74% used [0x0000000797600000,0x00000007979b8040,0x0000000797b00000)
  to   space 5120K, 0% used [0x0000000797b00000,0x0000000797b00000,0x0000000798000000)
 ParOldGen       total 305664K, used 223464K [0x0000000740000000, 0x0000000752a80000, 0x0000000795580000)
  object space 305664K, 73% used [0x0000000740000000,0x000000074da3a050,0x0000000752a80000)
 Metaspace       used 17096K, capacity 17958K, committed 18048K, reserved 1064960K
  class space    used 2449K, capacity 2652K, committed 2688K, reserved 1048576K
Event: 18.402 GC heap after
Heap after GC invocations=2 (full 0):
 PSYoungGen      total 38400K, used 5104K [0x0000000795580000, 0x0000000798000000, 0x00000007c0000000)
  eden space 33280K, 0% used [0x0000000795580000,0x0000000795580000,0x0000000797600000)
  from space 5120K, 99% used [0x0000000797b00000,0x0000000797ffc030,0x0000000798000000)
  to   space 5120K, 0% used [0x0000000797600000,0x0000000797600000,0x0000000797b00000)
 ParOldGen       total 305664K, used 235566K [0x0000000740000000, 0x0000000752a80000, 0x0000000795580000)
  object space 305664K, 77% used [0x0000000740000000,0x000000074e60bad0,0x0000000752a80000)
 Metaspace       used 17096K, capacity 17958K, committed 18048K, reserved 1064960K
  class space    used 2449K, capacity 2652K, committed 2688K, reserved 1048576K
}
Event: 32.691 GC heap before
{Heap before GC invocations=3 (full 0):
 PSYoungGen      total 38400K, used 38384K [0x0000000795580000, 0x0000000798000000, 0x00000007c0000000)
  eden space 33280K, 100% used [0x0000000795580000,0x0000000797600000,0x0000000797600000)
  from space 5120K, 99% used [0x0000000797b00000,0x0000000797ffc030,0x0000000798000000)
  to   space 5120K, 0% used [0x0000000797600000,0x0000000797600000,0x0000000797b00000)
 ParOldGen       total 414720K, used 344221K [0x0000000740000000, 0x0000000759500000, 0x0000000795580000)
  object space 414720K, 83% used [0x0000000740000000,0x00000007550274e8,0x0000000759500000)
 Metaspace       used 18383K, capacity 19262K, committed 19456K, reserved 1067008K
  class space    used 2540K, capacity 2743K, committed 2816K, reserved 1048576K
Event: 32.718 GC heap after
Heap after GC invocations=3 (full 0):
 PSYoungGen      total 38400K, used 5106K [0x0000000795580000, 0x0000000798000000, 0x00000007c0000000)
  eden space 33280K, 0% used [0x0000000795580000,0x0000000795580000,0x0000000797600000)
  from space 5120K, 99% used [0x0000000797600000,0x0000000797afcac0,0x0000000797b00000)
  to   space 5120K, 0% used [0x0000000797b00000,0x0000000797b00000,0x0000000798000000)
 ParOldGen       total 414720K, used 357237K [0x0000000740000000, 0x0000000759500000, 0x0000000795580000)
  object space 414720K, 86% used [0x0000000740000000,0x0000000755cdd788,0x0000000759500000)
 Metaspace       used 18383K, capacity 19262K, committed 19456K, reserved 1067008K
  class space    used 2540K, capacity 2743K, committed 2816K, reserved 1048576K
}
Event: 32.918 GC heap before
{Heap before GC invocations=4 (full 0):
 PSYoungGen      total 38400K, used 36888K [0x0000000795580000, 0x0000000798000000, 0x00000007c0000000)
  eden space 33280K, 95% used [0x0000000795580000,0x00000007974896a0,0x0000000797600000)
  from space 5120K, 99% used [0x0000000797600000,0x0000000797afcac0,0x0000000797b00000)
  to   space 5120K, 0% used [0x0000000797b00000,0x0000000797b00000,0x0000000798000000)
 ParOldGen       total 414720K, used 357237K [0x0000000740000000, 0x0000000759500000, 0x0000000795580000)
  object space 414720K, 86% used [0x0000000740000000,0x0000000755cdd788,0x0000000759500000)
 Metaspace       used 18464K, capacity 19376K, committed 19456K, reserved 1067008K
  class space    used 2556K, capacity 2778K, committed 2816K, reserved 1048576K
Event: 32.936 GC heap after
Heap after GC invocations=4 (full 0):
 PSYoungGen      total 38400K, used 5104K [0x0000000795580000, 0x000000079a080000, 0x00000007c0000000)
  eden space 33280K, 0% used [0x0000000795580000,0x0000000795580000,0x0000000797600000)
  from space 5120K, 99% used [0x0000000797b00000,0x0000000797ffc030,0x0000000798000000)
  to   space 5120K, 0% used [0x0000000797600000,0x0000000797600000,0x0000000797b00000)
 ParOldGen       total 414720K, used 376183K [0x0000000740000000, 0x0000000759500000, 0x0000000795580000)
  object space 414720K, 90% used [0x0000000740000000,0x0000000756f5de20,0x0000000759500000)
 Metaspace       used 18464K, capacity 19376K, committed 19456K, reserved 1067008K
  class space    used 2556K, capacity 2778K, committed 2816K, reserved 1048576K
}

