# JRE version: Java(TM) SE Runtime Environment (8.0_45-b14) (build 1.8.0_45-b14)
# Java VM: Java HotSpot(TM) 64-Bit Server VM (25.45-b02 mixed mode bsd-amd64 compressed oops)
Heap:
 PSYoungGen      total 76288K, used 10939K [0x000000076ab00000, 0x0000000774000000, 0x00000007c0000000)
  eden space 65536K, 16% used [0x000000076ab00000,0x000000076b5aefa8,0x000000076eb00000)
  from space 10752K, 0% used [0x000000076f580000,0x000000076f580000,0x0000000770000000)
  to   space 10752K, 0% used [0x000000076eb00000,0x000000076eb00000,0x000000076f580000)
 ParOldGen       total 295424K, used 159705K [0x00000006c0000000, 0x00000006d2080000, 0x000000076ab00000)
  object space 295424K, 54% used [0x00000006c0000000,0x00000006c9bf67a0,0x00000006d2080000)
 Metaspace       used 18031K, capacity 18882K, committed 19072K, reserved 1064960K
  class space    used 2421K, capacity 2646K, committed 2688K, reserved 1048576K
GC Heap History (6 events):
Event: 6.740 GC heap before
{Heap before GC invocations=1 (full 0):
 PSYoungGen      total 76288K, used 63848K [0x000000076ab00000, 0x0000000770000000, 0x00000007c0000000)
  eden space 65536K, 97% used [0x000000076ab00000,0x000000076e95a058,0x000000076eb00000)
  from space 10752K, 0% used [0x000000076f580000,0x000000076f580000,0x0000000770000000)
  to   space 10752K, 0% used [0x000000076eb00000,0x000000076eb00000,0x000000076f580000)
 ParOldGen       total 175104K, used 108654K [0x00000006c0000000, 0x00000006cab00000, 0x000000076ab00000)
  object space 175104K, 62% used [0x00000006c0000000,0x00000006c6a1ba18,0x00000006cab00000)
 Metaspace       used 16973K, capacity 17710K, committed 18048K, reserved 1064960K
  class space    used 2366K, capacity 2582K, committed 2688K, reserved 1048576K
Event: 6.749 GC heap after
Heap after GC invocations=1 (full 0):
 PSYoungGen      total 76288K, used 10747K [0x000000076ab00000, 0x0000000770000000, 0x00000007c0000000)
  eden space 65536K, 0% used [0x000000076ab00000,0x000000076ab00000,0x000000076eb00000)
  from space 10752K, 99% used [0x000000076eb00000,0x000000076f57ec60,0x000000076f580000)
  to   space 10752K, 0% used [0x000000076f580000,0x000000076f580000,0x0000000770000000)
 ParOldGen       total 175104K, used 114264K [0x00000006c0000000, 0x00000006cab00000, 0x000000076ab00000)
  object space 175104K, 65% used [0x00000006c0000000,0x00000006c6f960e8,0x00000006cab00000)
 Metaspace       used 16973K, capacity 17710K, committed 18048K, reserved 1064960K
  class space    used 2366K, capacity 2582K, committed 2688K, reserved 1048576K
}
Event: 7.052 GC heap before
{Heap before GC invocations=2 (full 0):
 PSYoungGen      total 76288K, used 76283K [0x000000076ab00000, 0x0000000770000000, 0x00000007c0000000)
  eden space 65536K, 100% used [0x000000076ab00000,0x000000076eb00000,0x000000076eb00000)
  from space 10752K, 99% used [0x000000076eb00000,0x000000076f57ec60,0x000000076f580000)
  to   space 10752K, 0% used [0x000000076f580000,0x000000076f580000,0x0000000770000000)
 ParOldGen       total 175104K, used 114264K [0x00000006c0000000, 0x00000006cab00000, 0x000000076ab00000)
  object space 175104K, 65% used [0x00000006c0000000,0x00000006c6f960e8,0x00000006cab00000)
 Metaspace       used 17353K, capacity 18144K, committed 18304K, reserved 1064960K
  class space    used 2396K, capacity 2601K, committed 2688K, reserved 1048576K
Event: 7.069 GC heap after
Heap after GC invocations=2 (full 0):
 PSYoungGen      total 76288K, used 10747K [0x000000076ab00000, 0x0000000774000000, 0x00000007c0000000)
  eden space 65536K, 0% used [0x000000076ab00000,0x000000076ab00000,0x000000076eb00000)
  from space 10752K, 99% used [0x000000076f580000,0x000000076fffece0,0x0000000770000000)
  to   space 10752K, 0% used [0x000000076eb00000,0x000000076eb00000,0x000000076f580000)
 ParOldGen       total 175104K, used 151682K [0x00000006c0000000, 0x00000006cab00000, 0x000000076ab00000)
  object space 175104K, 86% used [0x00000006c0000000,0x00000006c9420a48,0x00000006cab00000)
 Metaspace       used 17353K, capacity 18144K, committed 18304K, reserved 1064960K
  class space    used 2396K, capacity 2601K, committed 2688K, reserved 1048576K
}
Event: 7.069 GC heap before
{Heap before GC invocations=3 (full 1):
 PSYoungGen      total 76288K, used 10747K [0x000000076ab00000, 0x0000000774000000, 0x00000007c0000000)
  eden space 65536K, 0% used [0x000000076ab00000,0x000000076ab00000,0x000000076eb00000)
  from space 10752K, 99% used [0x000000076f580000,0x000000076fffece0,0x0000000770000000)
  to   space 10752K, 0% used [0x000000076eb00000,0x000000076eb00000,0x000000076f580000)
 ParOldGen       total 175104K, used 151682K [0x00000006c0000000, 0x00000006cab00000, 0x000000076ab00000)
  object space 175104K, 86% used [0x00000006c0000000,0x00000006c9420a48,0x00000006cab00000)
 Metaspace       used 17353K, capacity 18144K, committed 18304K, reserved 1064960K
  class space    used 2396K, capacity 2601K, committed 2688K, reserved 1048576K
Event: 7.104 GC heap after
Heap after GC invocations=3 (full 1):
 PSYoungGen      total 76288K, used 0K [0x000000076ab00000, 0x0000000774000000, 0x00000007c0000000)
  eden space 65536K, 0% used [0x000000076ab00000,0x000000076ab00000,0x000000076eb00000)
  from space 10752K, 0% used [0x000000076f580000,0x000000076f580000,0x0000000770000000)
  to   space 10752K, 0% used [0x000000076eb00000,0x000000076eb00000,0x000000076f580000)
 ParOldGen       total 295424K, used 159705K [0x00000006c0000000, 0x00000006d2080000, 0x000000076ab00000)
  object space 295424K, 54% used [0x00000006c0000000,0x00000006c9bf67a0,0x00000006d2080000)
 Metaspace       used 17353K, capacity 18144K, committed 18304K, reserved 1064960K
  class space    used 2396K, capacity 2601K, committed 2688K, reserved 1048576K
}

