# JRE version: Java(TM) SE Runtime Environment (8.0_45-b14) (build 1.8.0_45-b14)
# Java VM: Java HotSpot(TM) 64-Bit Server VM (25.45-b02 mixed mode bsd-amd64 compressed oops)
Heap:
 PSYoungGen      total 97792K, used 24832K [0x0000000795580000, 0x000000079d680000, 0x00000007c0000000)
  eden space 65536K, 4% used [0x0000000795580000,0x000000079586dd30,0x0000000799580000)
  from space 32256K, 67% used [0x000000079b700000,0x000000079cc525d8,0x000000079d680000)
  to   space 33280K, 0% used [0x0000000799580000,0x0000000799580000,0x000000079b600000)
 ParOldGen       total 122880K, used 51236K [0x0000000740000000, 0x0000000747800000, 0x0000000795580000)
  object space 122880K, 41% used [0x0000000740000000,0x00000007432090b8,0x0000000747800000)
 Metaspace       used 19071K, capacity 20048K, committed 20352K, reserved 1067008K
  class space    used 2563K, capacity 2825K, committed 2944K, reserved 1048576K
GC Heap History (10 events):
Event: 17.163 GC heap before
{Heap before GC invocations=3 (full 0):
 PSYoungGen      total 38400K, used 38390K [0x0000000795580000, 0x0000000798000000, 0x00000007c0000000)
  eden space 33280K, 100% used [0x0000000795580000,0x0000000797600000,0x0000000797600000)
  from space 5120K, 99% used [0x0000000797b00000,0x0000000797ffd8f0,0x0000000798000000)
  to   space 5120K, 0% used [0x0000000797600000,0x0000000797600000,0x0000000797b00000)
 ParOldGen       total 414720K, used 343939K [0x0000000740000000, 0x0000000759500000, 0x0000000795580000)
  object space 414720K, 82% used [0x0000000740000000,0x0000000754fe0ec8,0x0000000759500000)
 Metaspace       used 18075K, capacity 18844K, committed 19200K, reserved 1064960K
  class space    used 2523K, capacity 2704K, committed 2816K, reserved 1048576K
Event: 17.176 GC heap after
Heap after GC invocations=3 (full 0):
 PSYoungGen      total 38400K, used 5091K [0x0000000795580000, 0x0000000798000000, 0x00000007c0000000)
  eden space 33280K, 0% used [0x0000000795580000,0x0000000795580000,0x0000000797600000)
  from space 5120K, 99% used [0x0000000797600000,0x0000000797af8e70,0x0000000797b00000)
  to   space 5120K, 0% used [0x0000000797b00000,0x0000000797b00000,0x0000000798000000)
 ParOldGen       total 414720K, used 357405K [0x0000000740000000, 0x0000000759500000, 0x0000000795580000)
  object space 414720K, 86% used [0x0000000740000000,0x0000000755d07498,0x0000000759500000)
 Metaspace       used 18075K, capacity 18844K, committed 19200K, reserved 1064960K
  class space    used 2523K, capacity 2704K, committed 2816K, reserved 1048576K
}
Event: 17.325 GC heap before
{Heap before GC invocations=4 (full 0):
 PSYoungGen      total 38400K, used 34876K [0x0000000795580000, 0x0000000798000000, 0x00000007c0000000)
  eden space 33280K, 89% used [0x0000000795580000,0x0000000797296388,0x0000000797600000)
  from space 5120K, 99% used [0x0000000797600000,0x0000000797af8e70,0x0000000797b00000)
  to   space 5120K, 0% used [0x0000000797b00000,0x0000000797b00000,0x0000000798000000)
 ParOldGen       total 414720K, used 357405K [0x0000000740000000, 0x0000000759500000, 0x0000000795580000)
  object space 414720K, 86% used [0x0000000740000000,0x0000000755d07498,0x0000000759500000)
 Metaspace       used 18107K, capacity 18946K, committed 19200K, reserved 1064960K
  class space    used 2527K, capacity 2737K, committed 2816K, reserved 1048576K
Event: 17.343 GC heap after
Heap after GC invocations=4 (full 0):
 PSYoungGen      total 38400K, used 5091K [0x0000000795580000, 0x000000079a080000, 0x00000007c0000000)
  eden space 33280K, 0% used [0x0000000795580000,0x0000000795580000,0x0000000797600000)
  from space 5120K, 99% used [0x0000000797b00000,0x0000000797ff8e70,0x0000000798000000)
  to   space 5120K, 0% used [0x0000000797600000,0x0000000797600000,0x0000000797b00000)
 ParOldGen       total 414720K, used 376298K [0x0000000740000000, 0x0000000759500000, 0x0000000795580000)
  object space 414720K, 90% used [0x0000000740000000,0x0000000756f7a848,0x0000000759500000)
 Metaspace       used 18107K, capacity 18946K, committed 19200K, reserved 1064960K
  class space    used 2527K, capacity 2737K, committed 2816K, reserved 1048576K
}
Event: 101.681 GC heap before
{Heap before GC invocations=5 (full 0):
 PSYoungGen      total 38400K, used 35938K [0x0000000795580000, 0x000000079a080000, 0x00000007c0000000)
  eden space 33280K, 92% used [0x0000000795580000,0x000000079739fcb8,0x0000000797600000)
  from space 5120K, 99% used [0x0000000797b00000,0x0000000797ff8e70,0x0000000798000000)
  to   space 5120K, 0% used [0x0000000797600000,0x0000000797600000,0x0000000797b00000)
 ParOldGen       total 414720K, used 376298K [0x0000000740000000, 0x0000000759500000, 0x0000000795580000)
  object space 414720K, 90% used [0x0000000740000000,0x0000000756f7a848,0x0000000759500000)
 Metaspace       used 18814K, capacity 19734K, committed 19968K, reserved 1067008K
  class space    used 2554K, capacity 2814K, committed 2816K, reserved 1048576K
Event: 101.699 GC heap after
Heap after GC invocations=5 (full 0):
 PSYoungGen      total 38400K, used 5107K [0x0000000795580000, 0x000000079d780000, 0x00000007c0000000)
  eden space 33280K, 0% used [0x0000000795580000,0x0000000795580000,0x0000000797600000)
  from space 5120K, 99% used [0x0000000797600000,0x0000000797afcf00,0x0000000797b00000)
  to   space 33280K, 0% used [0x000000079b700000,0x000000079b700000,0x000000079d780000)
 ParOldGen       total 414720K, used 394428K [0x0000000740000000, 0x0000000759500000, 0x0000000795580000)
  object space 414720K, 95% used [0x0000000740000000,0x000000075812f3d8,0x0000000759500000)
 Metaspace       used 18814K, capacity 19734K, committed 19968K, reserved 1067008K
  class space    used 2554K, capacity 2814K, committed 2816K, reserved 1048576K
}
Event: 101.699 GC heap before
{Heap before GC invocations=6 (full 1):
 PSYoungGen      total 38400K, used 5107K [0x0000000795580000, 0x000000079d780000, 0x00000007c0000000)
  eden space 33280K, 0% used [0x0000000795580000,0x0000000795580000,0x0000000797600000)
  from space 5120K, 99% used [0x0000000797600000,0x0000000797afcf00,0x0000000797b00000)
  to   space 33280K, 0% used [0x000000079b700000,0x000000079b700000,0x000000079d780000)
 ParOldGen       total 414720K, used 394428K [0x0000000740000000, 0x0000000759500000, 0x0000000795580000)
  object space 414720K, 95% used [0x0000000740000000,0x000000075812f3d8,0x0000000759500000)
 Metaspace       used 18814K, capacity 19734K, committed 19968K, reserved 1067008K
  class space    used 2554K, capacity 2814K, committed 2816K, reserved 1048576K
Event: 101.765 GC heap after
Heap after GC invocations=6 (full 1):
 PSYoungGen      total 38400K, used 0K [0x0000000795580000, 0x000000079d780000, 0x00000007c0000000)
  eden space 33280K, 0% used [0x0000000795580000,0x0000000795580000,0x0000000797600000)
  from space 5120K, 0% used [0x0000000797600000,0x0000000797600000,0x0000000797b00000)
  to   space 33280K, 0% used [0x000000079b700000,0x000000079b700000,0x000000079d780000)
 ParOldGen       total 122880K, used 51236K [0x0000000740000000, 0x0000000747800000, 0x0000000795580000)
  object space 122880K, 41% used [0x0000000740000000,0x00000007432090b8,0x0000000747800000)
 Metaspace       used 18814K, capacity 19734K, committed 19968K, reserved 1067008K
  class space    used 2554K, capacity 2814K, committed 2816K, reserved 1048576K
}
Event: 129.276 GC heap before
{Heap before GC invocations=7 (full 1):
 PSYoungGen      total 38400K, used 33280K [0x0000000795580000, 0x000000079d780000, 0x00000007c0000000)
  eden space 33280K, 100% used [0x0000000795580000,0x0000000797600000,0x0000000797600000)
  from space 5120K, 0% used [0x0000000797600000,0x0000000797600000,0x0000000797b00000)
  to   space 33280K, 0% used [0x000000079b700000,0x000000079b700000,0x000000079d780000)
 ParOldGen       total 122880K, used 51236K [0x0000000740000000, 0x0000000747800000, 0x0000000795580000)
  object space 122880K, 41% used [0x0000000740000000,0x00000007432090b8,0x0000000747800000)
 Metaspace       used 19019K, capacity 19958K, committed 20096K, reserved 1067008K
  class space    used 2559K, capacity 2818K, committed 2944K, reserved 1048576K
Event: 129.291 GC heap after
Heap after GC invocations=7 (full 1):
 PSYoungGen      total 97792K, used 21833K [0x0000000795580000, 0x000000079d680000, 0x00000007c0000000)
  eden space 65536K, 0% used [0x0000000795580000,0x0000000795580000,0x0000000799580000)
  from space 32256K, 67% used [0x000000079b700000,0x000000079cc525d8,0x000000079d680000)
  to   space 33280K, 0% used [0x0000000799580000,0x0000000799580000,0x000000079b600000)
 ParOldGen       total 122880K, used 51236K [0x0000000740000000, 0x0000000747800000, 0x0000000795580000)
  object space 122880K, 41% used [0x0000000740000000,0x00000007432090b8,0x0000000747800000)
 Metaspace       used 19019K, capacity 19958K, committed 20096K, reserved 1067008K
  class space    used 2559K, capacity 2818K, committed 2944K, reserved 1048576K
}

