# JRE version: Java(TM) SE Runtime Environment (8.0_45-b14) (build 1.8.0_45-b14)
# Java VM: Java HotSpot(TM) 64-Bit Server VM (25.45-b02 mixed mode bsd-amd64 compressed oops)
Heap:
 PSYoungGen      total 76288K, used 31980K [0x000000076ab00000, 0x0000000770000000, 0x00000007c0000000)
  eden space 65536K, 32% used [0x000000076ab00000,0x000000076bfc1d20,0x000000076eb00000)
  from space 10752K, 99% used [0x000000076eb00000,0x000000076f579320,0x000000076f580000)
  to   space 10752K, 0% used [0x000000076f580000,0x000000076f580000,0x0000000770000000)
 ParOldGen       total 175104K, used 81948K [0x00000006c0000000, 0x00000006cab00000, 0x000000076ab00000)
  object space 175104K, 46% used [0x00000006c0000000,0x00000006c5007180,0x00000006cab00000)
 Metaspace       used 18978K, capacity 19920K, committed 20096K, reserved 1067008K
  class space    used 2576K, capacity 2837K, committed 2944K, reserved 1048576K
GC Heap History (6 events):
Event: 7.190 GC heap before
{Heap before GC invocations=1 (full 0):
 PSYoungGen      total 76288K, used 62262K [0x000000076ab00000, 0x0000000770000000, 0x00000007c0000000)
  eden space 65536K, 95% used [0x000000076ab00000,0x000000076e7cdaa0,0x000000076eb00000)
  from space 10752K, 0% used [0x000000076f580000,0x000000076f580000,0x0000000770000000)
  to   space 10752K, 0% used [0x000000076eb00000,0x000000076eb00000,0x000000076f580000)
 ParOldGen       total 175104K, used 0K [0x00000006c0000000, 0x00000006cab00000, 0x000000076ab00000)
  object space 175104K, 0% used [0x00000006c0000000,0x00000006c0000000,0x00000006cab00000)
 Metaspace       used 16254K, capacity 17006K, committed 17408K, reserved 1064960K
  class space    used 2248K, capacity 2444K, committed 2560K, reserved 1048576K
Event: 7.199 GC heap after
Heap after GC invocations=1 (full 0):
 PSYoungGen      total 76288K, used 10722K [0x000000076ab00000, 0x0000000770000000, 0x00000007c0000000)
  eden space 65536K, 0% used [0x000000076ab00000,0x000000076ab00000,0x000000076eb00000)
  from space 10752K, 99% used [0x000000076eb00000,0x000000076f5788d0,0x000000076f580000)
  to   space 10752K, 0% used [0x000000076f580000,0x000000076f580000,0x0000000770000000)
 ParOldGen       total 175104K, used 7413K [0x00000006c0000000, 0x00000006cab00000, 0x000000076ab00000)
  object space 175104K, 4% used [0x00000006c0000000,0x00000006c073d660,0x00000006cab00000)
 Metaspace       used 16254K, capacity 17006K, committed 17408K, reserved 1064960K
  class space    used 2248K, capacity 2444K, committed 2560K, reserved 1048576K
}
Event: 14.011 GC heap before
{Heap before GC invocations=2 (full 0):
 PSYoungGen      total 76288K, used 75934K [0x000000076ab00000, 0x0000000770000000, 0x00000007c0000000)
  eden space 65536K, 99% used [0x000000076ab00000,0x000000076eaaf0b0,0x000000076eb00000)
  from space 10752K, 99% used [0x000000076eb00000,0x000000076f5788d0,0x000000076f580000)
  to   space 10752K, 0% used [0x000000076f580000,0x000000076f580000,0x0000000770000000)
 ParOldGen       total 175104K, used 7413K [0x00000006c0000000, 0x00000006cab00000, 0x000000076ab00000)
  object space 175104K, 4% used [0x00000006c0000000,0x00000006c073d660,0x00000006cab00000)
 Metaspace       used 18325K, capacity 19220K, committed 19456K, reserved 1067008K
  class space    used 2545K, capacity 2750K, committed 2816K, reserved 1048576K
Event: 14.029 GC heap after
Heap after GC invocations=2 (full 0):
 PSYoungGen      total 76288K, used 10657K [0x000000076ab00000, 0x0000000770000000, 0x00000007c0000000)
  eden space 65536K, 0% used [0x000000076ab00000,0x000000076ab00000,0x000000076eb00000)
  from space 10752K, 99% used [0x000000076f580000,0x000000076ffe87c0,0x0000000770000000)
  to   space 10752K, 0% used [0x000000076eb00000,0x000000076eb00000,0x000000076f580000)
 ParOldGen       total 175104K, used 37975K [0x00000006c0000000, 0x00000006cab00000, 0x000000076ab00000)
  object space 175104K, 21% used [0x00000006c0000000,0x00000006c2515dd0,0x00000006cab00000)
 Metaspace       used 18325K, capacity 19220K, committed 19456K, reserved 1067008K
  class space    used 2545K, capacity 2750K, committed 2816K, reserved 1048576K
}
Event: 22.988 GC heap before
{Heap before GC invocations=3 (full 0):
 PSYoungGen      total 76288K, used 72949K [0x000000076ab00000, 0x0000000770000000, 0x00000007c0000000)
  eden space 65536K, 95% used [0x000000076ab00000,0x000000076e7d4d78,0x000000076eb00000)
  from space 10752K, 99% used [0x000000076f580000,0x000000076ffe87c0,0x0000000770000000)
  to   space 10752K, 0% used [0x000000076eb00000,0x000000076eb00000,0x000000076f580000)
 ParOldGen       total 175104K, used 37975K [0x00000006c0000000, 0x00000006cab00000, 0x000000076ab00000)
  object space 175104K, 21% used [0x00000006c0000000,0x00000006c2515dd0,0x00000006cab00000)
 Metaspace       used 18792K, capacity 19736K, committed 20096K, reserved 1067008K
  class space    used 2568K, capacity 2827K, committed 2944K, reserved 1048576K
Event: 23.013 GC heap after
Heap after GC invocations=3 (full 0):
 PSYoungGen      total 76288K, used 10724K [0x000000076ab00000, 0x0000000770000000, 0x00000007c0000000)
  eden space 65536K, 0% used [0x000000076ab00000,0x000000076ab00000,0x000000076eb00000)
  from space 10752K, 99% used [0x000000076eb00000,0x000000076f579320,0x000000076f580000)
  to   space 10752K, 0% used [0x000000076f580000,0x000000076f580000,0x0000000770000000)
 ParOldGen       total 175104K, used 81948K [0x00000006c0000000, 0x00000006cab00000, 0x000000076ab00000)
  object space 175104K, 46% used [0x00000006c0000000,0x00000006c5007180,0x00000006cab00000)
 Metaspace       used 18792K, capacity 19736K, committed 20096K, reserved 1067008K
  class space    used 2568K, capacity 2827K, committed 2944K, reserved 1048576K
}

