# JRE version: Java(TM) SE Runtime Environment (8.0_45-b14) (build 1.8.0_45-b14)
# Java VM: Java HotSpot(TM) 64-Bit Server VM (25.45-b02 mixed mode bsd-amd64 compressed oops)
Heap:
 PSYoungGen      total 93184K, used 33874K [0x0000000795580000, 0x000000079d200000, 0x00000007c0000000)
  eden space 64000K, 18% used [0x0000000795580000,0x00000007960ea450,0x0000000799400000)
  from space 29184K, 76% used [0x000000079b300000,0x000000079c8aa5e8,0x000000079cf80000)
  to   space 31744K, 0% used [0x0000000799400000,0x0000000799400000,0x000000079b300000)
 ParOldGen       total 118272K, used 45134K [0x0000000740000000, 0x0000000747380000, 0x0000000795580000)
  object space 118272K, 38% used [0x0000000740000000,0x0000000742c13a88,0x0000000747380000)
 Metaspace       used 18978K, capacity 19880K, committed 20096K, reserved 1067008K
  class space    used 2567K, capacity 2827K, committed 2944K, reserved 1048576K
GC Heap History (10 events):
Event: 19.735 GC heap before
{Heap before GC invocations=3 (full 0):
 PSYoungGen      total 38400K, used 38370K [0x0000000795580000, 0x0000000798000000, 0x00000007c0000000)
  eden space 33280K, 100% used [0x0000000795580000,0x0000000797600000,0x0000000797600000)
  from space 5120K, 99% used [0x0000000797b00000,0x0000000797ff8ab0,0x0000000798000000)
  to   space 5120K, 0% used [0x0000000797600000,0x0000000797600000,0x0000000797b00000)
 ParOldGen       total 414720K, used 342287K [0x0000000740000000, 0x0000000759500000, 0x0000000795580000)
  object space 414720K, 82% used [0x0000000740000000,0x0000000754e43d18,0x0000000759500000)
 Metaspace       used 18048K, capacity 18900K, committed 19200K, reserved 1064960K
  class space    used 2520K, capacity 2710K, committed 2816K, reserved 1048576K
Event: 19.748 GC heap after
Heap after GC invocations=3 (full 0):
 PSYoungGen      total 38400K, used 5104K [0x0000000795580000, 0x0000000798000000, 0x00000007c0000000)
  eden space 33280K, 0% used [0x0000000795580000,0x0000000795580000,0x0000000797600000)
  from space 5120K, 99% used [0x0000000797600000,0x0000000797afc040,0x0000000797b00000)
  to   space 5120K, 0% used [0x0000000797b00000,0x0000000797b00000,0x0000000798000000)
 ParOldGen       total 414720K, used 355076K [0x0000000740000000, 0x0000000759500000, 0x0000000795580000)
  object space 414720K, 85% used [0x0000000740000000,0x0000000755ac12c8,0x0000000759500000)
 Metaspace       used 18048K, capacity 18900K, committed 19200K, reserved 1064960K
  class space    used 2520K, capacity 2710K, committed 2816K, reserved 1048576K
}
Event: 19.921 GC heap before
{Heap before GC invocations=4 (full 0):
 PSYoungGen      total 38400K, used 35554K [0x0000000795580000, 0x0000000798000000, 0x00000007c0000000)
  eden space 33280K, 91% used [0x0000000795580000,0x000000079733cae8,0x0000000797600000)
  from space 5120K, 99% used [0x0000000797600000,0x0000000797afc040,0x0000000797b00000)
  to   space 5120K, 0% used [0x0000000797b00000,0x0000000797b00000,0x0000000798000000)
 ParOldGen       total 414720K, used 355076K [0x0000000740000000, 0x0000000759500000, 0x0000000795580000)
  object space 414720K, 85% used [0x0000000740000000,0x0000000755ac12c8,0x0000000759500000)
 Metaspace       used 18114K, capacity 19002K, committed 19200K, reserved 1064960K
  class space    used 2534K, capacity 2743K, committed 2816K, reserved 1048576K
Event: 19.941 GC heap after
Heap after GC invocations=4 (full 0):
 PSYoungGen      total 38400K, used 5008K [0x0000000795580000, 0x000000079a080000, 0x00000007c0000000)
  eden space 33280K, 0% used [0x0000000795580000,0x0000000795580000,0x0000000797600000)
  from space 5120K, 97% used [0x0000000797b00000,0x0000000797fe4030,0x0000000798000000)
  to   space 5120K, 0% used [0x0000000797600000,0x0000000797600000,0x0000000797b00000)
 ParOldGen       total 414720K, used 374137K [0x0000000740000000, 0x0000000759500000, 0x0000000795580000)
  object space 414720K, 90% used [0x0000000740000000,0x0000000756d5e688,0x0000000759500000)
 Metaspace       used 18114K, capacity 19002K, committed 19200K, reserved 1064960K
  class space    used 2534K, capacity 2743K, committed 2816K, reserved 1048576K
}
Event: 35.318 GC heap before
{Heap before GC invocations=5 (full 0):
 PSYoungGen      total 38400K, used 33005K [0x0000000795580000, 0x000000079a080000, 0x00000007c0000000)
  eden space 33280K, 84% used [0x0000000795580000,0x00000007970d7600,0x0000000797600000)
  from space 5120K, 97% used [0x0000000797b00000,0x0000000797fe4030,0x0000000798000000)
  to   space 5120K, 0% used [0x0000000797600000,0x0000000797600000,0x0000000797b00000)
 ParOldGen       total 414720K, used 374137K [0x0000000740000000, 0x0000000759500000, 0x0000000795580000)
  object space 414720K, 90% used [0x0000000740000000,0x0000000756d5e688,0x0000000759500000)
 Metaspace       used 18607K, capacity 19562K, committed 19712K, reserved 1067008K
  class space    used 2556K, capacity 2816K, committed 2816K, reserved 1048576K
Event: 35.335 GC heap after
Heap after GC invocations=5 (full 0):
 PSYoungGen      total 38400K, used 5104K [0x0000000795580000, 0x000000079cf80000, 0x00000007c0000000)
  eden space 33280K, 0% used [0x0000000795580000,0x0000000795580000,0x0000000797600000)
  from space 5120K, 99% used [0x0000000797600000,0x0000000797afc1b0,0x0000000797b00000)
  to   space 29184K, 0% used [0x000000079b300000,0x000000079b300000,0x000000079cf80000)
 ParOldGen       total 414720K, used 392020K [0x0000000740000000, 0x0000000759500000, 0x0000000795580000)
  object space 414720K, 94% used [0x0000000740000000,0x0000000757ed5108,0x0000000759500000)
 Metaspace       used 18607K, capacity 19562K, committed 19712K, reserved 1067008K
  class space    used 2556K, capacity 2816K, committed 2816K, reserved 1048576K
}
Event: 35.336 GC heap before
{Heap before GC invocations=6 (full 1):
 PSYoungGen      total 38400K, used 5104K [0x0000000795580000, 0x000000079cf80000, 0x00000007c0000000)
  eden space 33280K, 0% used [0x0000000795580000,0x0000000795580000,0x0000000797600000)
  from space 5120K, 99% used [0x0000000797600000,0x0000000797afc1b0,0x0000000797b00000)
  to   space 29184K, 0% used [0x000000079b300000,0x000000079b300000,0x000000079cf80000)
 ParOldGen       total 414720K, used 392020K [0x0000000740000000, 0x0000000759500000, 0x0000000795580000)
  object space 414720K, 94% used [0x0000000740000000,0x0000000757ed5108,0x0000000759500000)
 Metaspace       used 18607K, capacity 19562K, committed 19712K, reserved 1067008K
  class space    used 2556K, capacity 2816K, committed 2816K, reserved 1048576K
Event: 35.400 GC heap after
Heap after GC invocations=6 (full 1):
 PSYoungGen      total 38400K, used 0K [0x0000000795580000, 0x000000079cf80000, 0x00000007c0000000)
  eden space 33280K, 0% used [0x0000000795580000,0x0000000795580000,0x0000000797600000)
  from space 5120K, 0% used [0x0000000797600000,0x0000000797600000,0x0000000797b00000)
  to   space 29184K, 0% used [0x000000079b300000,0x000000079b300000,0x000000079cf80000)
 ParOldGen       total 118272K, used 45126K [0x0000000740000000, 0x0000000747380000, 0x0000000795580000)
  object space 118272K, 38% used [0x0000000740000000,0x0000000742c11a88,0x0000000747380000)
 Metaspace       used 18607K, capacity 19562K, committed 19712K, reserved 1067008K
  class space    used 2556K, capacity 2816K, committed 2816K, reserved 1048576K
}
Event: 39.237 GC heap before
{Heap before GC invocations=7 (full 1):
 PSYoungGen      total 38400K, used 31550K [0x0000000795580000, 0x000000079cf80000, 0x00000007c0000000)
  eden space 33280K, 94% used [0x0000000795580000,0x000000079744f8a0,0x0000000797600000)
  from space 5120K, 0% used [0x0000000797600000,0x0000000797600000,0x0000000797b00000)
  to   space 29184K, 0% used [0x000000079b300000,0x000000079b300000,0x000000079cf80000)
 ParOldGen       total 118272K, used 45126K [0x0000000740000000, 0x0000000747380000, 0x0000000795580000)
  object space 118272K, 38% used [0x0000000740000000,0x0000000742c11a88,0x0000000747380000)
 Metaspace       used 18702K, capacity 19648K, committed 19840K, reserved 1067008K
  class space    used 2560K, capacity 2819K, committed 2944K, reserved 1048576K
Event: 39.249 GC heap after
Heap after GC invocations=7 (full 1):
 PSYoungGen      total 93184K, used 22185K [0x0000000795580000, 0x000000079d200000, 0x00000007c0000000)
  eden space 64000K, 0% used [0x0000000795580000,0x0000000795580000,0x0000000799400000)
  from space 29184K, 76% used [0x000000079b300000,0x000000079c8aa5e8,0x000000079cf80000)
  to   space 31744K, 0% used [0x0000000799400000,0x0000000799400000,0x000000079b300000)
 ParOldGen       total 118272K, used 45134K [0x0000000740000000, 0x0000000747380000, 0x0000000795580000)
  object space 118272K, 38% used [0x0000000740000000,0x0000000742c13a88,0x0000000747380000)
 Metaspace       used 18702K, capacity 19648K, committed 19840K, reserved 1067008K
  class space    used 2560K, capacity 2819K, committed 2944K, reserved 1048576K
}

