# JRE version: Java(TM) SE Runtime Environment (8.0_45-b14) (build 1.8.0_45-b14)
# Java VM: Java HotSpot(TM) 64-Bit Server VM (25.45-b02 mixed mode bsd-amd64 compressed oops)
Heap:
 PSYoungGen      total 155648K, used 108676K [0x0000000795580000, 0x00000007a2500000, 0x00000007c0000000)
  eden space 117248K, 92% used [0x0000000795580000,0x000000079bfa1178,0x000000079c800000)
  from space 38400K, 0% used [0x000000079f400000,0x000000079f400000,0x00000007a1980000)
  to   space 45056K, 0% used [0x000000079c800000,0x000000079c800000,0x000000079f400000)
 ParOldGen       total 180736K, used 97963K [0x0000000740000000, 0x000000074b080000, 0x0000000795580000)
  object space 180736K, 54% used [0x0000000740000000,0x0000000745faade8,0x000000074b080000)
 Metaspace       used 19624K, capacity 20672K, committed 20864K, reserved 1067008K
  class space    used 2596K, capacity 2857K, committed 2944K, reserved 1048576K
GC Heap History (10 events):
Event: 46.590 GC heap before
{Heap before GC invocations=6 (full 1):
 PSYoungGen      total 38400K, used 5088K [0x0000000795580000, 0x000000079d180000, 0x00000007c0000000)
  eden space 33280K, 0% used [0x0000000795580000,0x0000000795580000,0x0000000797600000)
  from space 5120K, 99% used [0x0000000797600000,0x0000000797af8140,0x0000000797b00000)
  to   space 30208K, 0% used [0x000000079b400000,0x000000079b400000,0x000000079d180000)
 ParOldGen       total 414720K, used 394188K [0x0000000740000000, 0x0000000759500000, 0x0000000795580000)
  object space 414720K, 95% used [0x0000000740000000,0x00000007580f3178,0x0000000759500000)
 Metaspace       used 18768K, capacity 19728K, committed 20096K, reserved 1067008K
  class space    used 2570K, capacity 2829K, committed 2944K, reserved 1048576K
Event: 46.655 GC heap after
Heap after GC invocations=6 (full 1):
 PSYoungGen      total 38400K, used 0K [0x0000000795580000, 0x000000079d180000, 0x00000007c0000000)
  eden space 33280K, 0% used [0x0000000795580000,0x0000000795580000,0x0000000797600000)
  from space 5120K, 0% used [0x0000000797600000,0x0000000797600000,0x0000000797b00000)
  to   space 30208K, 0% used [0x000000079b400000,0x000000079b400000,0x000000079d180000)
 ParOldGen       total 117760K, used 45168K [0x0000000740000000, 0x0000000747300000, 0x0000000795580000)
  object space 117760K, 38% used [0x0000000740000000,0x0000000742c1c118,0x0000000747300000)
 Metaspace       used 18768K, capacity 19728K, committed 20096K, reserved 1067008K
  class space    used 2570K, capacity 2829K, committed 2944K, reserved 1048576K
}
Event: 64.749 GC heap before
{Heap before GC invocations=7 (full 1):
 PSYoungGen      total 38400K, used 33280K [0x0000000795580000, 0x000000079d180000, 0x00000007c0000000)
  eden space 33280K, 100% used [0x0000000795580000,0x0000000797600000,0x0000000797600000)
  from space 5120K, 0% used [0x0000000797600000,0x0000000797600000,0x0000000797b00000)
  to   space 30208K, 0% used [0x000000079b400000,0x000000079b400000,0x000000079d180000)
 ParOldGen       total 117760K, used 45168K [0x0000000740000000, 0x0000000747300000, 0x0000000795580000)
  object space 117760K, 38% used [0x0000000740000000,0x0000000742c1c118,0x0000000747300000)
 Metaspace       used 18943K, capacity 19878K, committed 20096K, reserved 1067008K
  class space    used 2574K, capacity 2832K, committed 2944K, reserved 1048576K
Event: 64.763 GC heap after
Heap after GC invocations=7 (full 1):
 PSYoungGen      total 94720K, used 22137K [0x0000000795580000, 0x000000079d380000, 0x00000007c0000000)
  eden space 64512K, 0% used [0x0000000795580000,0x0000000795580000,0x0000000799480000)
  from space 30208K, 73% used [0x000000079b400000,0x000000079c99e5f8,0x000000079d180000)
  to   space 32256K, 0% used [0x0000000799480000,0x0000000799480000,0x000000079b400000)
 ParOldGen       total 117760K, used 45176K [0x0000000740000000, 0x0000000747300000, 0x0000000795580000)
  object space 117760K, 38% used [0x0000000740000000,0x0000000742c1e118,0x0000000747300000)
 Metaspace       used 18943K, capacity 19878K, committed 20096K, reserved 1067008K
  class space    used 2574K, capacity 2832K, committed 2944K, reserved 1048576K
}
Event: 77.416 GC heap before
{Heap before GC invocations=8 (full 1):
 PSYoungGen      total 94720K, used 85957K [0x0000000795580000, 0x000000079d380000, 0x00000007c0000000)
  eden space 64512K, 98% used [0x0000000795580000,0x00000007993d2e90,0x0000000799480000)
  from space 30208K, 73% used [0x000000079b400000,0x000000079c99e5f8,0x000000079d180000)
  to   space 32256K, 0% used [0x0000000799480000,0x0000000799480000,0x000000079b400000)
 ParOldGen       total 117760K, used 45176K [0x0000000740000000, 0x0000000747300000, 0x0000000795580000)
  object space 117760K, 38% used [0x0000000740000000,0x0000000742c1e118,0x0000000747300000)
 Metaspace       used 19094K, capacity 20084K, committed 20352K, reserved 1067008K
  class space    used 2576K, capacity 2833K, committed 2944K, reserved 1048576K
Event: 77.440 GC heap after
Heap after GC invocations=8 (full 1):
 PSYoungGen      total 96768K, used 31298K [0x0000000795580000, 0x00000007a1980000, 0x00000007c0000000)
  eden space 64512K, 0% used [0x0000000795580000,0x0000000795580000,0x0000000799480000)
  from space 32256K, 97% used [0x0000000799480000,0x000000079b310930,0x000000079b400000)
  to   space 38400K, 0% used [0x000000079f400000,0x000000079f400000,0x00000007a1980000)
 ParOldGen       total 117760K, used 72255K [0x0000000740000000, 0x0000000747300000, 0x0000000795580000)
  object space 117760K, 61% used [0x0000000740000000,0x000000074468fcd8,0x0000000747300000)
 Metaspace       used 19094K, capacity 20084K, committed 20352K, reserved 1067008K
  class space    used 2576K, capacity 2833K, committed 2944K, reserved 1048576K
}
Event: 110.265 GC heap before
{Heap before GC invocations=9 (full 1):
 PSYoungGen      total 96768K, used 92880K [0x0000000795580000, 0x00000007a1980000, 0x00000007c0000000)
  eden space 64512K, 95% used [0x0000000795580000,0x00000007991a39e8,0x0000000799480000)
  from space 32256K, 97% used [0x0000000799480000,0x000000079b310930,0x000000079b400000)
  to   space 38400K, 0% used [0x000000079f400000,0x000000079f400000,0x00000007a1980000)
 ParOldGen       total 117760K, used 72255K [0x0000000740000000, 0x0000000747300000, 0x0000000795580000)
  object space 117760K, 61% used [0x0000000740000000,0x000000074468fcd8,0x0000000747300000)
 Metaspace       used 19292K, capacity 20288K, committed 20608K, reserved 1067008K
  class space    used 2585K, capacity 2845K, committed 2944K, reserved 1048576K
Event: 110.309 GC heap after
Heap after GC invocations=9 (full 1):
 PSYoungGen      total 155648K, used 38320K [0x0000000795580000, 0x00000007a2500000, 0x00000007c0000000)
  eden space 117248K, 0% used [0x0000000795580000,0x0000000795580000,0x000000079c800000)
  from space 38400K, 99% used [0x000000079f400000,0x00000007a196c310,0x00000007a1980000)
  to   space 45056K, 0% used [0x000000079c800000,0x000000079c800000,0x000000079f400000)
 ParOldGen       total 117760K, used 89286K [0x0000000740000000, 0x0000000747300000, 0x0000000795580000)
  object space 117760K, 75% used [0x0000000740000000,0x0000000745731930,0x0000000747300000)
 Metaspace       used 19292K, capacity 20288K, committed 20608K, reserved 1067008K
  class space    used 2585K, capacity 2845K, committed 2944K, reserved 1048576K
}
Event: 110.309 GC heap before
{Heap before GC invocations=10 (full 2):
 PSYoungGen      total 155648K, used 38320K [0x0000000795580000, 0x00000007a2500000, 0x00000007c0000000)
  eden space 117248K, 0% used [0x0000000795580000,0x0000000795580000,0x000000079c800000)
  from space 38400K, 99% used [0x000000079f400000,0x00000007a196c310,0x00000007a1980000)
  to   space 45056K, 0% used [0x000000079c800000,0x000000079c800000,0x000000079f400000)
 ParOldGen       total 117760K, used 89286K [0x0000000740000000, 0x0000000747300000, 0x0000000795580000)
  object space 117760K, 75% used [0x0000000740000000,0x0000000745731930,0x0000000747300000)
 Metaspace       used 19292K, capacity 20288K, committed 20608K, reserved 1067008K
  class space    used 2585K, capacity 2845K, committed 2944K, reserved 1048576K
Event: 110.346 GC heap after
Heap after GC invocations=10 (full 2):
 PSYoungGen      total 155648K, used 0K [0x0000000795580000, 0x00000007a2500000, 0x00000007c0000000)
  eden space 117248K, 0% used [0x0000000795580000,0x0000000795580000,0x000000079c800000)
  from space 38400K, 0% used [0x000000079f400000,0x000000079f400000,0x00000007a1980000)
  to   space 45056K, 0% used [0x000000079c800000,0x000000079c800000,0x000000079f400000)
 ParOldGen       total 180736K, used 97963K [0x0000000740000000, 0x000000074b080000, 0x0000000795580000)
  object space 180736K, 54% used [0x0000000740000000,0x0000000745faade8,0x000000074b080000)
 Metaspace       used 19292K, capacity 20288K, committed 20608K, reserved 1067008K
  class space    used 2585K, capacity 2845K, committed 2944K, reserved 1048576K
}

