# JRE version: Java(TM) SE Runtime Environment (8.0_45-b14) (build 1.8.0_45-b14)
# Java VM: Java HotSpot(TM) 64-Bit Server VM (25.45-b02 mixed mode bsd-amd64 compressed oops)
Heap:
 PSYoungGen      total 76288K, used 50322K [0x000000076ab00000, 0x0000000770000000, 0x00000007c0000000)
  eden space 65536K, 76% used [0x000000076ab00000,0x000000076dc24960,0x000000076eb00000)
  from space 10752K, 0% used [0x000000076f580000,0x000000076f580000,0x0000000770000000)
  to   space 10752K, 0% used [0x000000076eb00000,0x000000076eb00000,0x000000076f580000)
 ParOldGen       total 254976K, used 142528K [0x00000006c0000000, 0x00000006cf900000, 0x000000076ab00000)
  object space 254976K, 55% used [0x00000006c0000000,0x00000006c8b303f8,0x00000006cf900000)
 Metaspace       used 19616K, capacity 20594K, committed 20608K, reserved 1067008K
  class space    used 2683K, capacity 2940K, committed 2944K, reserved 1048576K
GC Heap History (6 events):
Event: 7.887 GC heap before
{Heap before GC invocations=1 (full 0):
 PSYoungGen      total 76288K, used 61169K [0x000000076ab00000, 0x0000000770000000, 0x00000007c0000000)
  eden space 65536K, 93% used [0x000000076ab00000,0x000000076e6bc430,0x000000076eb00000)
  from space 10752K, 0% used [0x000000076f580000,0x000000076f580000,0x0000000770000000)
  to   space 10752K, 0% used [0x000000076eb00000,0x000000076eb00000,0x000000076f580000)
 ParOldGen       total 175104K, used 108654K [0x00000006c0000000, 0x00000006cab00000, 0x000000076ab00000)
  object space 175104K, 62% used [0x00000006c0000000,0x00000006c6a1ba18,0x00000006cab00000)
 Metaspace       used 16318K, capacity 17076K, committed 17408K, reserved 1064960K
  class space    used 2255K, capacity 2449K, committed 2560K, reserved 1048576K
Event: 7.897 GC heap after
Heap after GC invocations=1 (full 0):
 PSYoungGen      total 76288K, used 10750K [0x000000076ab00000, 0x0000000770000000, 0x00000007c0000000)
  eden space 65536K, 0% used [0x000000076ab00000,0x000000076ab00000,0x000000076eb00000)
  from space 10752K, 99% used [0x000000076eb00000,0x000000076f57fa80,0x000000076f580000)
  to   space 10752K, 0% used [0x000000076f580000,0x000000076f580000,0x0000000770000000)
 ParOldGen       total 175104K, used 114827K [0x00000006c0000000, 0x00000006cab00000, 0x000000076ab00000)
  object space 175104K, 65% used [0x00000006c0000000,0x00000006c7022d78,0x00000006cab00000)
 Metaspace       used 16318K, capacity 17076K, committed 17408K, reserved 1064960K
  class space    used 2255K, capacity 2449K, committed 2560K, reserved 1048576K
}
Event: 16.577 GC heap before
{Heap before GC invocations=2 (full 0):
 PSYoungGen      total 76288K, used 75705K [0x000000076ab00000, 0x0000000770000000, 0x00000007c0000000)
  eden space 65536K, 99% used [0x000000076ab00000,0x000000076ea6ecc0,0x000000076eb00000)
  from space 10752K, 99% used [0x000000076eb00000,0x000000076f57fa80,0x000000076f580000)
  to   space 10752K, 0% used [0x000000076f580000,0x000000076f580000,0x0000000770000000)
 ParOldGen       total 393216K, used 332136K [0x00000006c0000000, 0x00000006d8000000, 0x000000076ab00000)
  object space 393216K, 84% used [0x00000006c0000000,0x00000006d445a1a8,0x00000006d8000000)
 Metaspace       used 18468K, capacity 19352K, committed 19584K, reserved 1067008K
  class space    used 2564K, capacity 2819K, committed 2944K, reserved 1048576K
Event: 16.595 GC heap after
Heap after GC invocations=2 (full 0):
 PSYoungGen      total 76288K, used 10734K [0x000000076ab00000, 0x0000000770000000, 0x00000007c0000000)
  eden space 65536K, 0% used [0x000000076ab00000,0x000000076ab00000,0x000000076eb00000)
  from space 10752K, 99% used [0x000000076f580000,0x000000076fffba90,0x0000000770000000)
  to   space 10752K, 0% used [0x000000076eb00000,0x000000076eb00000,0x000000076f580000)
 ParOldGen       total 393216K, used 360010K [0x00000006c0000000, 0x00000006d8000000, 0x000000076ab00000)
  object space 393216K, 91% used [0x00000006c0000000,0x00000006d5f92ba8,0x00000006d8000000)
 Metaspace       used 18468K, capacity 19352K, committed 19584K, reserved 1067008K
  class space    used 2564K, capacity 2819K, committed 2944K, reserved 1048576K
}
Event: 16.595 GC heap before
{Heap before GC invocations=3 (full 1):
 PSYoungGen      total 76288K, used 10734K [0x000000076ab00000, 0x0000000770000000, 0x00000007c0000000)
  eden space 65536K, 0% used [0x000000076ab00000,0x000000076ab00000,0x000000076eb00000)
  from space 10752K, 99% used [0x000000076f580000,0x000000076fffba90,0x0000000770000000)
  to   space 10752K, 0% used [0x000000076eb00000,0x000000076eb00000,0x000000076f580000)
 ParOldGen       total 393216K, used 360010K [0x00000006c0000000, 0x00000006d8000000, 0x000000076ab00000)
  object space 393216K, 91% used [0x00000006c0000000,0x00000006d5f92ba8,0x00000006d8000000)
 Metaspace       used 18468K, capacity 19352K, committed 19584K, reserved 1067008K
  class space    used 2564K, capacity 2819K, committed 2944K, reserved 1048576K
Event: 16.647 GC heap after
Heap after GC invocations=3 (full 1):
 PSYoungGen      total 76288K, used 0K [0x000000076ab00000, 0x0000000770000000, 0x00000007c0000000)
  eden space 65536K, 0% used [0x000000076ab00000,0x000000076ab00000,0x000000076eb00000)
  from space 10752K, 0% used [0x000000076f580000,0x000000076f580000,0x0000000770000000)
  to   space 10752K, 0% used [0x000000076eb00000,0x000000076eb00000,0x000000076f580000)
 ParOldGen       total 254976K, used 142528K [0x00000006c0000000, 0x00000006cf900000, 0x000000076ab00000)
  object space 254976K, 55% used [0x00000006c0000000,0x00000006c8b303f8,0x00000006cf900000)
 Metaspace       used 18468K, capacity 19352K, committed 19584K, reserved 1067008K
  class space    used 2564K, capacity 2819K, committed 2944K, reserved 1048576K
}

