# JRE version: Java(TM) SE Runtime Environment (8.0_45-b14) (build 1.8.0_45-b14)
# Java VM: Java HotSpot(TM) 64-Bit Server VM (25.45-b02 mixed mode bsd-amd64 compressed oops)
Heap:
 PSYoungGen      total 76288K, used 4514K [0x000000076ab00000, 0x0000000770000000, 0x00000007c0000000)
  eden space 65536K, 6% used [0x000000076ab00000,0x000000076af68ae8,0x000000076eb00000)
  from space 10752K, 0% used [0x000000076f580000,0x000000076f580000,0x0000000770000000)
  to   space 10752K, 0% used [0x000000076eb00000,0x000000076eb00000,0x000000076f580000)
 ParOldGen       total 280576K, used 159875K [0x00000006c0000000, 0x00000006d1200000, 0x000000076ab00000)
  object space 280576K, 56% used [0x00000006c0000000,0x00000006c9c20dc0,0x00000006d1200000)
 Metaspace       used 17646K, capacity 18448K, committed 18560K, reserved 1064960K
  class space    used 2380K, capacity 2605K, committed 2688K, reserved 1048576K
GC Heap History (6 events):
Event: 4.429 GC heap before
{Heap before GC invocations=1 (full 0):
 PSYoungGen      total 76288K, used 65536K [0x000000076ab00000, 0x0000000770000000, 0x00000007c0000000)
  eden space 65536K, 100% used [0x000000076ab00000,0x000000076eb00000,0x000000076eb00000)
  from space 10752K, 0% used [0x000000076f580000,0x000000076f580000,0x0000000770000000)
  to   space 10752K, 0% used [0x000000076eb00000,0x000000076eb00000,0x000000076f580000)
 ParOldGen       total 175104K, used 108654K [0x00000006c0000000, 0x00000006cab00000, 0x000000076ab00000)
  object space 175104K, 62% used [0x00000006c0000000,0x00000006c6a1ba18,0x00000006cab00000)
 Metaspace       used 16366K, capacity 17074K, committed 17408K, reserved 1064960K
  class space    used 2321K, capacity 2498K, committed 2560K, reserved 1048576K
Event: 4.440 GC heap after
Heap after GC invocations=1 (full 0):
 PSYoungGen      total 76288K, used 10731K [0x000000076ab00000, 0x0000000770000000, 0x00000007c0000000)
  eden space 65536K, 0% used [0x000000076ab00000,0x000000076ab00000,0x000000076eb00000)
  from space 10752K, 99% used [0x000000076eb00000,0x000000076f57ac80,0x000000076f580000)
  to   space 10752K, 0% used [0x000000076f580000,0x000000076f580000,0x0000000770000000)
 ParOldGen       total 175104K, used 119139K [0x00000006c0000000, 0x00000006cab00000, 0x000000076ab00000)
  object space 175104K, 68% used [0x00000006c0000000,0x00000006c7458d38,0x00000006cab00000)
 Metaspace       used 16366K, capacity 17074K, committed 17408K, reserved 1064960K
  class space    used 2321K, capacity 2498K, committed 2560K, reserved 1048576K
}
Event: 14.354 GC heap before
{Heap before GC invocations=2 (full 0):
 PSYoungGen      total 76288K, used 76267K [0x000000076ab00000, 0x0000000770000000, 0x00000007c0000000)
  eden space 65536K, 100% used [0x000000076ab00000,0x000000076eb00000,0x000000076eb00000)
  from space 10752K, 99% used [0x000000076eb00000,0x000000076f57ac80,0x000000076f580000)
  to   space 10752K, 0% used [0x000000076f580000,0x000000076f580000,0x0000000770000000)
 ParOldGen       total 175104K, used 119139K [0x00000006c0000000, 0x00000006cab00000, 0x000000076ab00000)
  object space 175104K, 68% used [0x00000006c0000000,0x00000006c7458d38,0x00000006cab00000)
 Metaspace       used 17295K, capacity 18032K, committed 18176K, reserved 1064960K
  class space    used 2364K, capacity 2555K, committed 2560K, reserved 1048576K
Event: 14.373 GC heap after
Heap after GC invocations=2 (full 0):
 PSYoungGen      total 76288K, used 10747K [0x000000076ab00000, 0x0000000770000000, 0x00000007c0000000)
  eden space 65536K, 0% used [0x000000076ab00000,0x000000076ab00000,0x000000076eb00000)
  from space 10752K, 99% used [0x000000076f580000,0x000000076fffece0,0x0000000770000000)
  to   space 10752K, 0% used [0x000000076eb00000,0x000000076eb00000,0x000000076f580000)
 ParOldGen       total 175104K, used 154497K [0x00000006c0000000, 0x00000006cab00000, 0x000000076ab00000)
  object space 175104K, 88% used [0x00000006c0000000,0x00000006c96e0660,0x00000006cab00000)
 Metaspace       used 17295K, capacity 18032K, committed 18176K, reserved 1064960K
  class space    used 2364K, capacity 2555K, committed 2560K, reserved 1048576K
}
Event: 14.373 GC heap before
{Heap before GC invocations=3 (full 1):
 PSYoungGen      total 76288K, used 10747K [0x000000076ab00000, 0x0000000770000000, 0x00000007c0000000)
  eden space 65536K, 0% used [0x000000076ab00000,0x000000076ab00000,0x000000076eb00000)
  from space 10752K, 99% used [0x000000076f580000,0x000000076fffece0,0x0000000770000000)
  to   space 10752K, 0% used [0x000000076eb00000,0x000000076eb00000,0x000000076f580000)
 ParOldGen       total 175104K, used 154497K [0x00000006c0000000, 0x00000006cab00000, 0x000000076ab00000)
  object space 175104K, 88% used [0x00000006c0000000,0x00000006c96e0660,0x00000006cab00000)
 Metaspace       used 17295K, capacity 18032K, committed 18176K, reserved 1064960K
  class space    used 2364K, capacity 2555K, committed 2560K, reserved 1048576K
Event: 14.406 GC heap after
Heap after GC invocations=3 (full 1):
 PSYoungGen      total 76288K, used 0K [0x000000076ab00000, 0x0000000770000000, 0x00000007c0000000)
  eden space 65536K, 0% used [0x000000076ab00000,0x000000076ab00000,0x000000076eb00000)
  from space 10752K, 0% used [0x000000076f580000,0x000000076f580000,0x0000000770000000)
  to   space 10752K, 0% used [0x000000076eb00000,0x000000076eb00000,0x000000076f580000)
 ParOldGen       total 280576K, used 159875K [0x00000006c0000000, 0x00000006d1200000, 0x000000076ab00000)
  object space 280576K, 56% used [0x00000006c0000000,0x00000006c9c20dc0,0x00000006d1200000)
 Metaspace       used 17295K, capacity 18032K, committed 18176K, reserved 1064960K
  class space    used 2364K, capacity 2555K, committed 2560K, reserved 1048576K
}

