# JRE version: Java(TM) SE Runtime Environment (8.0_45-b14) (build 1.8.0_45-b14)
# Java VM: Java HotSpot(TM) 64-Bit Server VM (25.45-b02 mixed mode bsd-amd64 compressed oops)
Heap:
 PSYoungGen      total 94720K, used 33622K [0x0000000795580000, 0x000000079d580000, 0x00000007c0000000)
  eden space 63488K, 18% used [0x0000000795580000,0x00000007960ab420,0x0000000799380000)
  from space 31232K, 71% used [0x000000079b700000,0x000000079ccaa5e8,0x000000079d580000)
  to   space 33792K, 0% used [0x0000000799380000,0x0000000799380000,0x000000079b480000)
 ParOldGen       total 118784K, used 45139K [0x0000000740000000, 0x0000000747400000, 0x0000000795580000)
  object space 118784K, 38% used [0x0000000740000000,0x0000000742c14e60,0x0000000747400000)
 Metaspace       used 18975K, capacity 19978K, committed 20352K, reserved 1067008K
  class space    used 2564K, capacity 2824K, committed 2944K, reserved 1048576K
GC Heap History (10 events):
Event: 18.970 GC heap before
{Heap before GC invocations=3 (full 0):
 PSYoungGen      total 38400K, used 38384K [0x0000000795580000, 0x0000000798000000, 0x00000007c0000000)
  eden space 33280K, 100% used [0x0000000795580000,0x0000000797600000,0x0000000797600000)
  from space 5120K, 99% used [0x0000000797b00000,0x0000000797ffc040,0x0000000798000000)
  to   space 5120K, 0% used [0x0000000797600000,0x0000000797600000,0x0000000797b00000)
 ParOldGen       total 414720K, used 341826K [0x0000000740000000, 0x0000000759500000, 0x0000000795580000)
  object space 414720K, 82% used [0x0000000740000000,0x0000000754dd0828,0x0000000759500000)
 Metaspace       used 18146K, capacity 18980K, committed 19200K, reserved 1064960K
  class space    used 2516K, capacity 2704K, committed 2816K, reserved 1048576K
Event: 18.984 GC heap after
Heap after GC invocations=3 (full 0):
 PSYoungGen      total 38400K, used 5088K [0x0000000795580000, 0x0000000798000000, 0x00000007c0000000)
  eden space 33280K, 0% used [0x0000000795580000,0x0000000795580000,0x0000000797600000)
  from space 5120K, 99% used [0x0000000797600000,0x0000000797af8030,0x0000000797b00000)
  to   space 5120K, 0% used [0x0000000797b00000,0x0000000797b00000,0x0000000798000000)
 ParOldGen       total 414720K, used 355310K [0x0000000740000000, 0x0000000759500000, 0x0000000795580000)
  object space 414720K, 85% used [0x0000000740000000,0x0000000755afbaf8,0x0000000759500000)
 Metaspace       used 18146K, capacity 18980K, committed 19200K, reserved 1064960K
  class space    used 2516K, capacity 2704K, committed 2816K, reserved 1048576K
}
Event: 19.144 GC heap before
{Heap before GC invocations=4 (full 0):
 PSYoungGen      total 38400K, used 35538K [0x0000000795580000, 0x0000000798000000, 0x00000007c0000000)
  eden space 33280K, 91% used [0x0000000795580000,0x000000079733c9e0,0x0000000797600000)
  from space 5120K, 99% used [0x0000000797600000,0x0000000797af8030,0x0000000797b00000)
  to   space 5120K, 0% used [0x0000000797b00000,0x0000000797b00000,0x0000000798000000)
 ParOldGen       total 414720K, used 355310K [0x0000000740000000, 0x0000000759500000, 0x0000000795580000)
  object space 414720K, 85% used [0x0000000740000000,0x0000000755afbaf8,0x0000000759500000)
 Metaspace       used 18203K, capacity 19018K, committed 19200K, reserved 1064960K
  class space    used 2531K, capacity 2737K, committed 2816K, reserved 1048576K
Event: 19.161 GC heap after
Heap after GC invocations=4 (full 0):
 PSYoungGen      total 38400K, used 5104K [0x0000000795580000, 0x000000079a080000, 0x00000007c0000000)
  eden space 33280K, 0% used [0x0000000795580000,0x0000000795580000,0x0000000797600000)
  from space 5120K, 99% used [0x0000000797b00000,0x0000000797ffc040,0x0000000798000000)
  to   space 5120K, 0% used [0x0000000797600000,0x0000000797600000,0x0000000797b00000)
 ParOldGen       total 414720K, used 374211K [0x0000000740000000, 0x0000000759500000, 0x0000000795580000)
  object space 414720K, 90% used [0x0000000740000000,0x0000000756d70ea8,0x0000000759500000)
 Metaspace       used 18203K, capacity 19018K, committed 19200K, reserved 1064960K
  class space    used 2531K, capacity 2737K, committed 2816K, reserved 1048576K
}
Event: 29.006 GC heap before
{Heap before GC invocations=5 (full 0):
 PSYoungGen      total 38400K, used 31604K [0x0000000795580000, 0x000000079a080000, 0x00000007c0000000)
  eden space 33280K, 79% used [0x0000000795580000,0x0000000796f610e0,0x0000000797600000)
  from space 5120K, 99% used [0x0000000797b00000,0x0000000797ffc040,0x0000000798000000)
  to   space 5120K, 0% used [0x0000000797600000,0x0000000797600000,0x0000000797b00000)
 ParOldGen       total 414720K, used 374211K [0x0000000740000000, 0x0000000759500000, 0x0000000795580000)
  object space 414720K, 90% used [0x0000000740000000,0x0000000756d70ea8,0x0000000759500000)
 Metaspace       used 18678K, capacity 19596K, committed 19712K, reserved 1067008K
  class space    used 2554K, capacity 2813K, committed 2816K, reserved 1048576K
Event: 29.023 GC heap after
Heap after GC invocations=5 (full 0):
 PSYoungGen      total 38400K, used 5104K [0x0000000795580000, 0x000000079d780000, 0x00000007c0000000)
  eden space 33280K, 0% used [0x0000000795580000,0x0000000795580000,0x0000000797600000)
  from space 5120K, 99% used [0x0000000797600000,0x0000000797afc040,0x0000000797b00000)
  to   space 33280K, 0% used [0x000000079b700000,0x000000079b700000,0x000000079d780000)
 ParOldGen       total 414720K, used 392222K [0x0000000740000000, 0x0000000759500000, 0x0000000795580000)
  object space 414720K, 94% used [0x0000000740000000,0x0000000757f07a78,0x0000000759500000)
 Metaspace       used 18678K, capacity 19596K, committed 19712K, reserved 1067008K
  class space    used 2554K, capacity 2813K, committed 2816K, reserved 1048576K
}
Event: 29.023 GC heap before
{Heap before GC invocations=6 (full 1):
 PSYoungGen      total 38400K, used 5104K [0x0000000795580000, 0x000000079d780000, 0x00000007c0000000)
  eden space 33280K, 0% used [0x0000000795580000,0x0000000795580000,0x0000000797600000)
  from space 5120K, 99% used [0x0000000797600000,0x0000000797afc040,0x0000000797b00000)
  to   space 33280K, 0% used [0x000000079b700000,0x000000079b700000,0x000000079d780000)
 ParOldGen       total 414720K, used 392222K [0x0000000740000000, 0x0000000759500000, 0x0000000795580000)
  object space 414720K, 94% used [0x0000000740000000,0x0000000757f07a78,0x0000000759500000)
 Metaspace       used 18678K, capacity 19596K, committed 19712K, reserved 1067008K
  class space    used 2554K, capacity 2813K, committed 2816K, reserved 1048576K
Event: 29.088 GC heap after
Heap after GC invocations=6 (full 1):
 PSYoungGen      total 38400K, used 0K [0x0000000795580000, 0x000000079d780000, 0x00000007c0000000)
  eden space 33280K, 0% used [0x0000000795580000,0x0000000795580000,0x0000000797600000)
  from space 5120K, 0% used [0x0000000797600000,0x0000000797600000,0x0000000797b00000)
  to   space 33280K, 0% used [0x000000079b700000,0x000000079b700000,0x000000079d780000)
 ParOldGen       total 118784K, used 45131K [0x0000000740000000, 0x0000000747400000, 0x0000000795580000)
  object space 118784K, 37% used [0x0000000740000000,0x0000000742c12e60,0x0000000747400000)
 Metaspace       used 18678K, capacity 19596K, committed 19712K, reserved 1067008K
  class space    used 2554K, capacity 2813K, committed 2816K, reserved 1048576K
}
Event: 31.577 GC heap before
{Heap before GC invocations=7 (full 1):
 PSYoungGen      total 38400K, used 31571K [0x0000000795580000, 0x000000079d780000, 0x00000007c0000000)
  eden space 33280K, 94% used [0x0000000795580000,0x0000000797454cc8,0x0000000797600000)
  from space 5120K, 0% used [0x0000000797600000,0x0000000797600000,0x0000000797b00000)
  to   space 33280K, 0% used [0x000000079b700000,0x000000079b700000,0x000000079d780000)
 ParOldGen       total 118784K, used 45131K [0x0000000740000000, 0x0000000747400000, 0x0000000795580000)
  object space 118784K, 37% used [0x0000000740000000,0x0000000742c12e60,0x0000000747400000)
 Metaspace       used 18777K, capacity 19754K, committed 19968K, reserved 1067008K
  class space    used 2558K, capacity 2816K, committed 2816K, reserved 1048576K
Event: 31.590 GC heap after
Heap after GC invocations=7 (full 1):
 PSYoungGen      total 94720K, used 22185K [0x0000000795580000, 0x000000079d580000, 0x00000007c0000000)
  eden space 63488K, 0% used [0x0000000795580000,0x0000000795580000,0x0000000799380000)
  from space 31232K, 71% used [0x000000079b700000,0x000000079ccaa5e8,0x000000079d580000)
  to   space 33792K, 0% used [0x0000000799380000,0x0000000799380000,0x000000079b480000)
 ParOldGen       total 118784K, used 45139K [0x0000000740000000, 0x0000000747400000, 0x0000000795580000)
  object space 118784K, 38% used [0x0000000740000000,0x0000000742c14e60,0x0000000747400000)
 Metaspace       used 18777K, capacity 19754K, committed 19968K, reserved 1067008K
  class space    used 2558K, capacity 2816K, committed 2816K, reserved 1048576K
}

