# JRE version: Java(TM) SE Runtime Environment (8.0_45-b14) (build 1.8.0_45-b14)
# Java VM: Java HotSpot(TM) 64-Bit Server VM (25.45-b02 mixed mode bsd-amd64 compressed oops)
Heap:
 PSYoungGen      total 145920K, used 81096K [0x0000000795580000, 0x00000007a1a80000, 0x00000007c0000000)
  eden space 103424K, 37% used [0x0000000795580000,0x0000000797bb9100,0x000000079ba80000)
  from space 42496K, 98% used [0x000000079be00000,0x000000079e6f92a0,0x000000079e780000)
  to   space 49152K, 0% used [0x000000079ea80000,0x000000079ea80000,0x00000007a1a80000)
 ParOldGen       total 178176K, used 124157K [0x0000000740000000, 0x000000074ae00000, 0x0000000795580000)
  object space 178176K, 69% used [0x0000000740000000,0x000000074793f760,0x000000074ae00000)
 Metaspace       used 19494K, capacity 20536K, committed 20864K, reserved 1067008K
  class space    used 2579K, capacity 2847K, committed 2944K, reserved 1048576K
GC Heap History (10 events):
Event: 35.130 GC heap before
{Heap before GC invocations=7 (full 1):
 PSYoungGen      total 38400K, used 31492K [0x0000000795580000, 0x000000079d080000, 0x00000007c0000000)
  eden space 33280K, 94% used [0x0000000795580000,0x00000007974413c8,0x0000000797600000)
  from space 5120K, 0% used [0x0000000797600000,0x0000000797600000,0x0000000797b00000)
  to   space 29696K, 0% used [0x000000079b380000,0x000000079b380000,0x000000079d080000)
 ParOldGen       total 119808K, used 45130K [0x0000000740000000, 0x0000000747500000, 0x0000000795580000)
  object space 119808K, 37% used [0x0000000740000000,0x0000000742c129e0,0x0000000747500000)
 Metaspace       used 18703K, capacity 19670K, committed 19840K, reserved 1067008K
  class space    used 2560K, capacity 2822K, committed 2944K, reserved 1048576K
Event: 35.143 GC heap after
Heap after GC invocations=7 (full 1):
 PSYoungGen      total 91648K, used 22185K [0x0000000795580000, 0x000000079d100000, 0x00000007c0000000)
  eden space 61952K, 0% used [0x0000000795580000,0x0000000795580000,0x0000000799200000)
  from space 29696K, 74% used [0x000000079b380000,0x000000079c92a5e8,0x000000079d080000)
  to   space 32256K, 0% used [0x0000000799200000,0x0000000799200000,0x000000079b180000)
 ParOldGen       total 119808K, used 45138K [0x0000000740000000, 0x0000000747500000, 0x0000000795580000)
  object space 119808K, 37% used [0x0000000740000000,0x0000000742c149e0,0x0000000747500000)
 Metaspace       used 18703K, capacity 19670K, committed 19840K, reserved 1067008K
  class space    used 2560K, capacity 2822K, committed 2944K, reserved 1048576K
}
Event: 62.768 GC heap before
{Heap before GC invocations=8 (full 1):
 PSYoungGen      total 91648K, used 72265K [0x0000000795580000, 0x000000079d100000, 0x00000007c0000000)
  eden space 61952K, 80% used [0x0000000795580000,0x0000000798668090,0x0000000799200000)
  from space 29696K, 74% used [0x000000079b380000,0x000000079c92a5e8,0x000000079d080000)
  to   space 32256K, 0% used [0x0000000799200000,0x0000000799200000,0x000000079b180000)
 ParOldGen       total 119808K, used 45138K [0x0000000740000000, 0x0000000747500000, 0x0000000795580000)
  object space 119808K, 37% used [0x0000000740000000,0x0000000742c149e0,0x0000000747500000)
 Metaspace       used 18998K, capacity 20008K, committed 20352K, reserved 1067008K
  class space    used 2563K, capacity 2823K, committed 2944K, reserved 1048576K
Event: 62.816 GC heap after
Heap after GC invocations=8 (full 1):
 PSYoungGen      total 94208K, used 27905K [0x0000000795580000, 0x00000007a0b00000, 0x00000007c0000000)
  eden space 61952K, 0% used [0x0000000795580000,0x0000000795580000,0x0000000799200000)
  from space 32256K, 86% used [0x0000000799200000,0x000000079ad40418,0x000000079b180000)
  to   space 36352K, 0% used [0x000000079e780000,0x000000079e780000,0x00000007a0b00000)
 ParOldGen       total 119808K, used 57627K [0x0000000740000000, 0x0000000747500000, 0x0000000795580000)
  object space 119808K, 48% used [0x0000000740000000,0x0000000743846cf0,0x0000000747500000)
 Metaspace       used 18998K, capacity 20008K, committed 20352K, reserved 1067008K
  class space    used 2563K, capacity 2823K, committed 2944K, reserved 1048576K
}
Event: 85.719 GC heap before
{Heap before GC invocations=9 (full 1):
 PSYoungGen      total 94208K, used 89857K [0x0000000795580000, 0x00000007a0b00000, 0x00000007c0000000)
  eden space 61952K, 100% used [0x0000000795580000,0x0000000799200000,0x0000000799200000)
  from space 32256K, 86% used [0x0000000799200000,0x000000079ad40418,0x000000079b180000)
  to   space 36352K, 0% used [0x000000079e780000,0x000000079e780000,0x00000007a0b00000)
 ParOldGen       total 119808K, used 57627K [0x0000000740000000, 0x0000000747500000, 0x0000000795580000)
  object space 119808K, 48% used [0x0000000740000000,0x0000000743846cf0,0x0000000747500000)
 Metaspace       used 19160K, capacity 20148K, committed 20352K, reserved 1067008K
  class space    used 2570K, capacity 2835K, committed 2944K, reserved 1048576K
Event: 85.758 GC heap after
Heap after GC invocations=9 (full 1):
 PSYoungGen      total 143360K, used 35625K [0x0000000795580000, 0x00000007a1480000, 0x00000007c0000000)
  eden space 107008K, 0% used [0x0000000795580000,0x0000000795580000,0x000000079be00000)
  from space 36352K, 98% used [0x000000079e780000,0x00000007a0a4a508,0x00000007a0b00000)
  to   space 42496K, 0% used [0x000000079be00000,0x000000079be00000,0x000000079e780000)
 ParOldGen       total 119808K, used 79611K [0x0000000740000000, 0x0000000747500000, 0x0000000795580000)
  object space 119808K, 66% used [0x0000000740000000,0x0000000744dbecb8,0x0000000747500000)
 Metaspace       used 19160K, capacity 20148K, committed 20352K, reserved 1067008K
  class space    used 2570K, capacity 2835K, committed 2944K, reserved 1048576K
}
Event: 85.758 GC heap before
{Heap before GC invocations=10 (full 2):
 PSYoungGen      total 143360K, used 35625K [0x0000000795580000, 0x00000007a1480000, 0x00000007c0000000)
  eden space 107008K, 0% used [0x0000000795580000,0x0000000795580000,0x000000079be00000)
  from space 36352K, 98% used [0x000000079e780000,0x00000007a0a4a508,0x00000007a0b00000)
  to   space 42496K, 0% used [0x000000079be00000,0x000000079be00000,0x000000079e780000)
 ParOldGen       total 119808K, used 79611K [0x0000000740000000, 0x0000000747500000, 0x0000000795580000)
  object space 119808K, 66% used [0x0000000740000000,0x0000000744dbecb8,0x0000000747500000)
 Metaspace       used 19160K, capacity 20148K, committed 20352K, reserved 1067008K
  class space    used 2570K, capacity 2835K, committed 2944K, reserved 1048576K
Event: 85.799 GC heap after
Heap after GC invocations=10 (full 2):
 PSYoungGen      total 143360K, used 0K [0x0000000795580000, 0x00000007a1480000, 0x00000007c0000000)
  eden space 107008K, 0% used [0x0000000795580000,0x0000000795580000,0x000000079be00000)
  from space 36352K, 0% used [0x000000079e780000,0x000000079e780000,0x00000007a0b00000)
  to   space 42496K, 0% used [0x000000079be00000,0x000000079be00000,0x000000079e780000)
 ParOldGen       total 178176K, used 100224K [0x0000000740000000, 0x000000074ae00000, 0x0000000795580000)
  object space 178176K, 56% used [0x0000000740000000,0x00000007461e0348,0x000000074ae00000)
 Metaspace       used 19160K, capacity 20148K, committed 20352K, reserved 1067008K
  class space    used 2570K, capacity 2835K, committed 2944K, reserved 1048576K
}
Event: 118.073 GC heap before
{Heap before GC invocations=11 (full 2):
 PSYoungGen      total 143360K, used 97727K [0x0000000795580000, 0x00000007a1480000, 0x00000007c0000000)
  eden space 107008K, 91% used [0x0000000795580000,0x000000079b4efcc8,0x000000079be00000)
  from space 36352K, 0% used [0x000000079e780000,0x000000079e780000,0x00000007a0b00000)
  to   space 42496K, 0% used [0x000000079be00000,0x000000079be00000,0x000000079e780000)
 ParOldGen       total 178176K, used 100224K [0x0000000740000000, 0x000000074ae00000, 0x0000000795580000)
  object space 178176K, 56% used [0x0000000740000000,0x00000007461e0348,0x000000074ae00000)
 Metaspace       used 19370K, capacity 20370K, committed 20608K, reserved 1067008K
  class space    used 2575K, capacity 2840K, committed 2944K, reserved 1048576K
Event: 118.117 GC heap after
Heap after GC invocations=11 (full 2):
 PSYoungGen      total 145920K, used 41956K [0x0000000795580000, 0x00000007a1a80000, 0x00000007c0000000)
  eden space 103424K, 0% used [0x0000000795580000,0x0000000795580000,0x000000079ba80000)
  from space 42496K, 98% used [0x000000079be00000,0x000000079e6f92a0,0x000000079e780000)
  to   space 49152K, 0% used [0x000000079ea80000,0x000000079ea80000,0x00000007a1a80000)
 ParOldGen       total 178176K, used 124157K [0x0000000740000000, 0x000000074ae00000, 0x0000000795580000)
  object space 178176K, 69% used [0x0000000740000000,0x000000074793f760,0x000000074ae00000)
 Metaspace       used 19370K, capacity 20370K, committed 20608K, reserved 1067008K
  class space    used 2575K, capacity 2840K, committed 2944K, reserved 1048576K
}

