# JRE version: Java(TM) SE Runtime Environment (8.0_45-b14) (build 1.8.0_45-b14)
# Java VM: Java HotSpot(TM) 64-Bit Server VM (25.45-b02 mixed mode bsd-amd64 compressed oops)
Heap:
 PSYoungGen      total 76288K, used 42241K [0x000000076ab00000, 0x0000000770000000, 0x00000007c0000000)
  eden space 65536K, 48% used [0x000000076ab00000,0x000000076c9c2390,0x000000076eb00000)
  from space 10752K, 99% used [0x000000076eb00000,0x000000076f57e260,0x000000076f580000)
  to   space 10752K, 0% used [0x000000076f580000,0x000000076f580000,0x0000000770000000)
 ParOldGen       total 362496K, used 277927K [0x00000006c0000000, 0x00000006d6200000, 0x000000076ab00000)
  object space 362496K, 76% used [0x00000006c0000000,0x00000006d0f69c08,0x00000006d6200000)
 Metaspace       used 19773K, capacity 20750K, committed 20864K, reserved 1067008K
  class space    used 2659K, capacity 2900K, committed 2944K, reserved 1048576K
GC Heap History (8 events):
Event: 5.949 GC heap before
{Heap before GC invocations=1 (full 0):
 PSYoungGen      total 76288K, used 59856K [0x000000076ab00000, 0x0000000770000000, 0x00000007c0000000)
  eden space 65536K, 91% used [0x000000076ab00000,0x000000076e574210,0x000000076eb00000)
  from space 10752K, 0% used [0x000000076f580000,0x000000076f580000,0x0000000770000000)
  to   space 10752K, 0% used [0x000000076eb00000,0x000000076eb00000,0x000000076f580000)
 ParOldGen       total 175104K, used 108654K [0x00000006c0000000, 0x00000006cab00000, 0x000000076ab00000)
  object space 175104K, 62% used [0x00000006c0000000,0x00000006c6a1ba18,0x00000006cab00000)
 Metaspace       used 16252K, capacity 17012K, committed 17152K, reserved 1064960K
  class space    used 2250K, capacity 2449K, committed 2560K, reserved 1048576K
Event: 5.958 GC heap after
Heap after GC invocations=1 (full 0):
 PSYoungGen      total 76288K, used 10734K [0x000000076ab00000, 0x0000000770000000, 0x00000007c0000000)
  eden space 65536K, 0% used [0x000000076ab00000,0x000000076ab00000,0x000000076eb00000)
  from space 10752K, 99% used [0x000000076eb00000,0x000000076f57ba90,0x000000076f580000)
  to   space 10752K, 0% used [0x000000076f580000,0x000000076f580000,0x0000000770000000)
 ParOldGen       total 175104K, used 114824K [0x00000006c0000000, 0x00000006cab00000, 0x000000076ab00000)
  object space 175104K, 65% used [0x00000006c0000000,0x00000006c7022210,0x00000006cab00000)
 Metaspace       used 16252K, capacity 17012K, committed 17152K, reserved 1064960K
  class space    used 2250K, capacity 2449K, committed 2560K, reserved 1048576K
}
Event: 16.567 GC heap before
{Heap before GC invocations=2 (full 0):
 PSYoungGen      total 76288K, used 76270K [0x000000076ab00000, 0x0000000770000000, 0x00000007c0000000)
  eden space 65536K, 100% used [0x000000076ab00000,0x000000076eb00000,0x000000076eb00000)
  from space 10752K, 99% used [0x000000076eb00000,0x000000076f57ba90,0x000000076f580000)
  to   space 10752K, 0% used [0x000000076f580000,0x000000076f580000,0x0000000770000000)
 ParOldGen       total 502272K, used 440788K [0x00000006c0000000, 0x00000006dea80000, 0x000000076ab00000)
  object space 502272K, 87% used [0x00000006c0000000,0x00000006dae75058,0x00000006dea80000)
 Metaspace       used 18417K, capacity 19328K, committed 19456K, reserved 1067008K
  class space    used 2539K, capacity 2787K, committed 2816K, reserved 1048576K
Event: 16.585 GC heap after
Heap after GC invocations=2 (full 0):
 PSYoungGen      total 76288K, used 10747K [0x000000076ab00000, 0x0000000770000000, 0x00000007c0000000)
  eden space 65536K, 0% used [0x000000076ab00000,0x000000076ab00000,0x000000076eb00000)
  from space 10752K, 99% used [0x000000076f580000,0x000000076fffec40,0x0000000770000000)
  to   space 10752K, 0% used [0x000000076eb00000,0x000000076eb00000,0x000000076f580000)
 ParOldGen       total 502272K, used 467721K [0x00000006c0000000, 0x00000006dea80000, 0x000000076ab00000)
  object space 502272K, 93% used [0x00000006c0000000,0x00000006dc8c27a8,0x00000006dea80000)
 Metaspace       used 18417K, capacity 19328K, committed 19456K, reserved 1067008K
  class space    used 2539K, capacity 2787K, committed 2816K, reserved 1048576K
}
Event: 16.585 GC heap before
{Heap before GC invocations=3 (full 1):
 PSYoungGen      total 76288K, used 10747K [0x000000076ab00000, 0x0000000770000000, 0x00000007c0000000)
  eden space 65536K, 0% used [0x000000076ab00000,0x000000076ab00000,0x000000076eb00000)
  from space 10752K, 99% used [0x000000076f580000,0x000000076fffec40,0x0000000770000000)
  to   space 10752K, 0% used [0x000000076eb00000,0x000000076eb00000,0x000000076f580000)
 ParOldGen       total 502272K, used 467721K [0x00000006c0000000, 0x00000006dea80000, 0x000000076ab00000)
  object space 502272K, 93% used [0x00000006c0000000,0x00000006dc8c27a8,0x00000006dea80000)
 Metaspace       used 18417K, capacity 19328K, committed 19456K, reserved 1067008K
  class space    used 2539K, capacity 2787K, committed 2816K, reserved 1048576K
Event: 16.648 GC heap after
Heap after GC invocations=3 (full 1):
 PSYoungGen      total 76288K, used 0K [0x000000076ab00000, 0x0000000770000000, 0x00000007c0000000)
  eden space 65536K, 0% used [0x000000076ab00000,0x000000076ab00000,0x000000076eb00000)
  from space 10752K, 0% used [0x000000076f580000,0x000000076f580000,0x0000000770000000)
  to   space 10752K, 0% used [0x000000076eb00000,0x000000076eb00000,0x000000076f580000)
 ParOldGen       total 362496K, used 250927K [0x00000006c0000000, 0x00000006d6200000, 0x000000076ab00000)
  object space 362496K, 69% used [0x00000006c0000000,0x00000006cf50bc98,0x00000006d6200000)
 Metaspace       used 18417K, capacity 19328K, committed 19456K, reserved 1067008K
  class space    used 2539K, capacity 2787K, committed 2816K, reserved 1048576K
}
Event: 29.922 GC heap before
{Heap before GC invocations=4 (full 1):
 PSYoungGen      total 76288K, used 65536K [0x000000076ab00000, 0x0000000770000000, 0x00000007c0000000)
  eden space 65536K, 100% used [0x000000076ab00000,0x000000076eb00000,0x000000076eb00000)
  from space 10752K, 0% used [0x000000076f580000,0x000000076f580000,0x0000000770000000)
  to   space 10752K, 0% used [0x000000076eb00000,0x000000076eb00000,0x000000076f580000)
 ParOldGen       total 362496K, used 250927K [0x00000006c0000000, 0x00000006d6200000, 0x000000076ab00000)
  object space 362496K, 69% used [0x00000006c0000000,0x00000006cf50bc98,0x00000006d6200000)
 Metaspace       used 18883K, capacity 19888K, committed 20096K, reserved 1067008K
  class space    used 2563K, capacity 2829K, committed 2944K, reserved 1048576K
Event: 29.927 GC heap after
Heap after GC invocations=4 (full 1):
 PSYoungGen      total 76288K, used 10744K [0x000000076ab00000, 0x0000000770000000, 0x00000007c0000000)
  eden space 65536K, 0% used [0x000000076ab00000,0x000000076ab00000,0x000000076eb00000)
  from space 10752K, 99% used [0x000000076eb00000,0x000000076f57e260,0x000000076f580000)
  to   space 10752K, 0% used [0x000000076f580000,0x000000076f580000,0x0000000770000000)
 ParOldGen       total 362496K, used 277927K [0x00000006c0000000, 0x00000006d6200000, 0x000000076ab00000)
  object space 362496K, 76% used [0x00000006c0000000,0x00000006d0f69c08,0x00000006d6200000)
 Metaspace       used 18883K, capacity 19888K, committed 20096K, reserved 1067008K
  class space    used 2563K, capacity 2829K, committed 2944K, reserved 1048576K
}

