# JRE version: Java(TM) SE Runtime Environment (8.0_45-b14) (build 1.8.0_45-b14)
# Java VM: Java HotSpot(TM) 64-Bit Server VM (25.45-b02 mixed mode bsd-amd64 compressed oops)
Heap:
 PSYoungGen      total 76288K, used 14209K [0x000000076ab00000, 0x0000000774000000, 0x00000007c0000000)
  eden space 65536K, 21% used [0x000000076ab00000,0x000000076b8e05c8,0x000000076eb00000)
  from space 10752K, 0% used [0x000000076f580000,0x000000076f580000,0x0000000770000000)
  to   space 10752K, 0% used [0x000000076eb00000,0x000000076eb00000,0x000000076f580000)
 ParOldGen       total 297984K, used 159693K [0x00000006c0000000, 0x00000006d2300000, 0x000000076ab00000)
  object space 297984K, 53% used [0x00000006c0000000,0x00000006c9bf37e0,0x00000006d2300000)
 Metaspace       used 17912K, capacity 18714K, committed 18816K, reserved 1064960K
  class space    used 2402K, capacity 2628K, committed 2688K, reserved 1048576K
GC Heap History (6 events):
Event: 4.466 GC heap before
{Heap before GC invocations=1 (full 0):
 PSYoungGen      total 76288K, used 64788K [0x000000076ab00000, 0x0000000770000000, 0x00000007c0000000)
  eden space 65536K, 98% used [0x000000076ab00000,0x000000076ea45310,0x000000076eb00000)
  from space 10752K, 0% used [0x000000076f580000,0x000000076f580000,0x0000000770000000)
  to   space 10752K, 0% used [0x000000076eb00000,0x000000076eb00000,0x000000076f580000)
 ParOldGen       total 175104K, used 108654K [0x00000006c0000000, 0x00000006cab00000, 0x000000076ab00000)
  object space 175104K, 62% used [0x00000006c0000000,0x00000006c6a1ba18,0x00000006cab00000)
 Metaspace       used 16271K, capacity 16940K, committed 17152K, reserved 1064960K
  class space    used 2320K, capacity 2497K, committed 2560K, reserved 1048576K
Event: 4.475 GC heap after
Heap after GC invocations=1 (full 0):
 PSYoungGen      total 76288K, used 10749K [0x000000076ab00000, 0x0000000770000000, 0x00000007c0000000)
  eden space 65536K, 0% used [0x000000076ab00000,0x000000076ab00000,0x000000076eb00000)
  from space 10752K, 99% used [0x000000076eb00000,0x000000076f57f700,0x000000076f580000)
  to   space 10752K, 0% used [0x000000076f580000,0x000000076f580000,0x0000000770000000)
 ParOldGen       total 175104K, used 116529K [0x00000006c0000000, 0x00000006cab00000, 0x000000076ab00000)
  object space 175104K, 66% used [0x00000006c0000000,0x00000006c71cc5a8,0x00000006cab00000)
 Metaspace       used 16271K, capacity 16940K, committed 17152K, reserved 1064960K
  class space    used 2320K, capacity 2497K, committed 2560K, reserved 1048576K
}
Event: 4.858 GC heap before
{Heap before GC invocations=2 (full 0):
 PSYoungGen      total 76288K, used 76285K [0x000000076ab00000, 0x0000000770000000, 0x00000007c0000000)
  eden space 65536K, 100% used [0x000000076ab00000,0x000000076eb00000,0x000000076eb00000)
  from space 10752K, 99% used [0x000000076eb00000,0x000000076f57f700,0x000000076f580000)
  to   space 10752K, 0% used [0x000000076f580000,0x000000076f580000,0x0000000770000000)
 ParOldGen       total 175104K, used 116529K [0x00000006c0000000, 0x00000006cab00000, 0x000000076ab00000)
  object space 175104K, 66% used [0x00000006c0000000,0x00000006c71cc5a8,0x00000006cab00000)
 Metaspace       used 16727K, capacity 17514K, committed 17792K, reserved 1064960K
  class space    used 2355K, capacity 2582K, committed 2688K, reserved 1048576K
Event: 4.874 GC heap after
Heap after GC invocations=2 (full 0):
 PSYoungGen      total 76288K, used 10747K [0x000000076ab00000, 0x0000000774000000, 0x00000007c0000000)
  eden space 65536K, 0% used [0x000000076ab00000,0x000000076ab00000,0x000000076eb00000)
  from space 10752K, 99% used [0x000000076f580000,0x000000076fffecf0,0x0000000770000000)
  to   space 10752K, 0% used [0x000000076eb00000,0x000000076eb00000,0x000000076f580000)
 ParOldGen       total 175104K, used 151687K [0x00000006c0000000, 0x00000006cab00000, 0x000000076ab00000)
  object space 175104K, 86% used [0x00000006c0000000,0x00000006c9421ef0,0x00000006cab00000)
 Metaspace       used 16727K, capacity 17514K, committed 17792K, reserved 1064960K
  class space    used 2355K, capacity 2582K, committed 2688K, reserved 1048576K
}
Event: 4.874 GC heap before
{Heap before GC invocations=3 (full 1):
 PSYoungGen      total 76288K, used 10747K [0x000000076ab00000, 0x0000000774000000, 0x00000007c0000000)
  eden space 65536K, 0% used [0x000000076ab00000,0x000000076ab00000,0x000000076eb00000)
  from space 10752K, 99% used [0x000000076f580000,0x000000076fffecf0,0x0000000770000000)
  to   space 10752K, 0% used [0x000000076eb00000,0x000000076eb00000,0x000000076f580000)
 ParOldGen       total 175104K, used 151687K [0x00000006c0000000, 0x00000006cab00000, 0x000000076ab00000)
  object space 175104K, 86% used [0x00000006c0000000,0x00000006c9421ef0,0x00000006cab00000)
 Metaspace       used 16727K, capacity 17514K, committed 17792K, reserved 1064960K
  class space    used 2355K, capacity 2582K, committed 2688K, reserved 1048576K
Event: 4.910 GC heap after
Heap after GC invocations=3 (full 1):
 PSYoungGen      total 76288K, used 0K [0x000000076ab00000, 0x0000000774000000, 0x00000007c0000000)
  eden space 65536K, 0% used [0x000000076ab00000,0x000000076ab00000,0x000000076eb00000)
  from space 10752K, 0% used [0x000000076f580000,0x000000076f580000,0x0000000770000000)
  to   space 10752K, 0% used [0x000000076eb00000,0x000000076eb00000,0x000000076f580000)
 ParOldGen       total 297984K, used 159693K [0x00000006c0000000, 0x00000006d2300000, 0x000000076ab00000)
  object space 297984K, 53% used [0x00000006c0000000,0x00000006c9bf37e0,0x00000006d2300000)
 Metaspace       used 16727K, capacity 17514K, committed 17792K, reserved 1064960K
  class space    used 2355K, capacity 2582K, committed 2688K, reserved 1048576K
}

